Dynamical matrix file
Phonons of CaCO3                                                           
  3   10  5 11.3568000  0.0000000  0.0000000  0.6390000  0.0000000  0.0000000
           1  'Ca  '    36528.8623361772     
           2  'C   '    10947.0833589781     
           3  'O   '    14582.1964298742     
    1    1      0.0000000000     -0.0000000000      1.3070960179
    2    1      0.0000000000     -0.0000000000      0.0000000000
    3    2      0.0000000000     -0.0000000000      0.6535480089
    4    2      0.0000000000     -0.0000000000      1.9606440268
    5    3      0.1076043563      0.3042016783      1.5249453542
    6    3      0.2096442031     -0.2452889453      1.5249453542
    7    3     -0.3172485594     -0.0589127330      1.5249453542
    8    3     -0.2096442031      0.2452889453      1.0892466816
    9    3      0.3172485594      0.0589127330      1.0892466816
   10    3     -0.1076043563     -0.3042016783      1.0892466816

     Dynamical  Matrix in cartesian axes

     q = (    0.000000000   0.000000000   0.000000000 ) 

    1    1
  0.15043629  0.00000000    0.00000000  0.00000000   -0.00000000  0.00000000
  0.00000000  0.00000000    0.15043629  0.00000000    0.00000000  0.00000000
  0.00000000  0.00000000    0.00000000  0.00000000    0.17513119  0.00000000
    1    2
 -0.01334555  0.00000000    0.00508672  0.00000000    0.00000000  0.00000000
 -0.00508672  0.00000000   -0.01334555  0.00000000   -0.00000000  0.00000000
 -0.00000000  0.00000000   -0.00000000  0.00000000   -0.05867867  0.00000000
    1    3
 -0.04784744  0.00000000   -0.03003290  0.00000000   -0.00000000  0.00000000
  0.03003290  0.00000000   -0.04784744  0.00000000   -0.00000000  0.00000000
  0.00000000  0.00000000   -0.00000000  0.00000000   -0.00945267  0.00000000
    1    4
 -0.04784744  0.00000000   -0.03003290  0.00000000   -0.00000000  0.00000000
  0.03003290  0.00000000   -0.04784744  0.00000000   -0.00000000  0.00000000
  0.00000000  0.00000000   -0.00000000  0.00000000   -0.00945267  0.00000000
    1    5
 -0.00182182  0.00000000    0.00076258  0.00000000   -0.00871988  0.00000000
 -0.01751682  0.00000000   -0.01191787  0.00000000   -0.02227682  0.00000000
 -0.00098014  0.00000000   -0.03496112  0.00000000   -0.01623315  0.00000000
    1    6
 -0.00213906  0.00000000    0.01769997  0.00000000   -0.01493235  0.00000000
 -0.00057942  0.00000000   -0.01160063  0.00000000    0.01869005  0.00000000
 -0.02978715  0.00000000    0.01832939  0.00000000   -0.01623315  0.00000000
    1    7
 -0.01664865  0.00000000    0.00895654  0.00000000    0.02365224  0.00000000
 -0.00932285  0.00000000    0.00290897  0.00000000    0.00358677  0.00000000
  0.03076729  0.00000000    0.01663173  0.00000000   -0.01623315  0.00000000
    1    8
 -0.00213906  0.00000000    0.01769997  0.00000000   -0.01493235  0.00000000
 -0.00057942  0.00000000   -0.01160063  0.00000000    0.01869005  0.00000000
 -0.02978715  0.00000000    0.01832939  0.00000000   -0.01623315  0.00000000
    1    9
 -0.01664865  0.00000000    0.00895654  0.00000000    0.02365224  0.00000000
 -0.00932285  0.00000000    0.00290897  0.00000000    0.00358677  0.00000000
  0.03076729  0.00000000    0.01663173  0.00000000   -0.01623315  0.00000000
    1   10
 -0.00182182  0.00000000    0.00076258  0.00000000   -0.00871988  0.00000000
 -0.01751682  0.00000000   -0.01191787  0.00000000   -0.02227682  0.00000000
 -0.00098014  0.00000000   -0.03496112  0.00000000   -0.01623315  0.00000000
    2    1
 -0.01334555  0.00000000   -0.00508672  0.00000000   -0.00000000  0.00000000
  0.00508672  0.00000000   -0.01334555  0.00000000   -0.00000000  0.00000000
  0.00000000  0.00000000   -0.00000000  0.00000000   -0.05867867  0.00000000
    2    2
  0.15043629  0.00000000    0.00000000  0.00000000   -0.00000000  0.00000000
  0.00000000  0.00000000    0.15043629  0.00000000    0.00000000  0.00000000
  0.00000000  0.00000000    0.00000000  0.00000000    0.17513119  0.00000000
    2    3
 -0.04784744  0.00000000    0.03003290  0.00000000    0.00000000  0.00000000
 -0.03003290  0.00000000   -0.04784744  0.00000000   -0.00000000  0.00000000
 -0.00000000  0.00000000   -0.00000000  0.00000000   -0.00945267  0.00000000
    2    4
 -0.04784744  0.00000000    0.03003290  0.00000000    0.00000000  0.00000000
 -0.03003290  0.00000000   -0.04784744  0.00000000   -0.00000000  0.00000000
 -0.00000000  0.00000000   -0.00000000  0.00000000   -0.00945267  0.00000000
    2    5
 -0.01664865  0.00000000   -0.00895654  0.00000000   -0.02365224  0.00000000
  0.00932285  0.00000000    0.00290897  0.00000000    0.00358677  0.00000000
 -0.03076729  0.00000000    0.01663173  0.00000000   -0.01623315  0.00000000
    2    6
 -0.00213906  0.00000000   -0.01769997  0.00000000    0.01493235  0.00000000
  0.00057942  0.00000000   -0.01160063  0.00000000    0.01869005  0.00000000
  0.02978715  0.00000000    0.01832939  0.00000000   -0.01623315  0.00000000
    2    7
 -0.00182182  0.00000000   -0.00076258  0.00000000    0.00871988  0.00000000
  0.01751682  0.00000000   -0.01191787  0.00000000   -0.02227682  0.00000000
  0.00098014  0.00000000   -0.03496112  0.00000000   -0.01623315  0.00000000
    2    8
 -0.00213906  0.00000000   -0.01769997  0.00000000    0.01493235  0.00000000
  0.00057942  0.00000000   -0.01160063  0.00000000    0.01869005  0.00000000
  0.02978715  0.00000000    0.01832939  0.00000000   -0.01623315  0.00000000
    2    9
 -0.00182182  0.00000000   -0.00076258  0.00000000    0.00871988  0.00000000
  0.01751682  0.00000000   -0.01191787  0.00000000   -0.02227682  0.00000000
  0.00098014  0.00000000   -0.03496112  0.00000000   -0.01623315  0.00000000
    2   10
 -0.01664865  0.00000000   -0.00895654  0.00000000   -0.02365224  0.00000000
  0.00932285  0.00000000    0.00290897  0.00000000    0.00358677  0.00000000
 -0.03076729  0.00000000    0.01663173  0.00000000   -0.01623315  0.00000000
    3    1
 -0.04784744  0.00000000    0.03003290  0.00000000    0.00000000  0.00000000
 -0.03003290  0.00000000   -0.04784744  0.00000000   -0.00000000  0.00000000
 -0.00000000  0.00000000   -0.00000000  0.00000000   -0.00945267  0.00000000
    3    2
 -0.04784744  0.00000000   -0.03003290  0.00000000   -0.00000000  0.00000000
  0.03003290  0.00000000   -0.04784744  0.00000000   -0.00000000  0.00000000
  0.00000000  0.00000000   -0.00000000  0.00000000   -0.00945267  0.00000000
    3    3
  1.36451095  0.00000000    0.00000000  0.00000000    0.00000000  0.00000000
  0.00000000  0.00000000    1.36451095  0.00000000    0.00000000  0.00000000
 -0.00000000  0.00000000    0.00000000  0.00000000    0.49545191  0.00000000
    3    4
 -0.03857463  0.00000000   -0.00000000  0.00000000    0.00000000  0.00000000
 -0.00000000  0.00000000   -0.03857463  0.00000000   -0.00000000  0.00000000
  0.00000000  0.00000000   -0.00000000  0.00000000    0.00013956  0.00000000
    3    5
 -0.29912816  0.00000000    0.21443891  0.00000000   -0.00299852  0.00000000
  0.21443891  0.00000000   -0.54674089  0.00000000   -0.00173119  0.00000000
 -0.00616906  0.00000000   -0.00356171  0.00000000   -0.15589229  0.00000000
    3    6
 -0.67054725  0.00000000   -0.00000000  0.00000000   -0.00000000  0.00000000
 -0.00000000  0.00000000   -0.17532180  0.00000000    0.00346239  0.00000000
  0.00000000  0.00000000    0.00712341  0.00000000   -0.15589229  0.00000000
    3    7
 -0.29912816  0.00000000   -0.21443891  0.00000000    0.00299852  0.00000000
 -0.21443891  0.00000000   -0.54674089  0.00000000   -0.00173119  0.00000000
  0.00616906  0.00000000   -0.00356171  0.00000000   -0.15589229  0.00000000
    3    8
  0.01797666  0.00000000    0.00000000  0.00000000   -0.00000000  0.00000000
 -0.00000000  0.00000000    0.00782665  0.00000000    0.00071824  0.00000000
  0.00000000  0.00000000    0.00212559  0.00000000   -0.00298228  0.00000000
    3    9
  0.01036415  0.00000000    0.00439508  0.00000000    0.00062202  0.00000000
  0.00439508  0.00000000    0.01543916  0.00000000   -0.00035912  0.00000000
  0.00184081  0.00000000   -0.00106279  0.00000000   -0.00298228  0.00000000
    3   10
  0.01036415  0.00000000   -0.00439508  0.00000000   -0.00062202  0.00000000
 -0.00439508  0.00000000    0.01543916  0.00000000   -0.00035912  0.00000000
 -0.00184081  0.00000000   -0.00106279  0.00000000   -0.00298228  0.00000000
    4    1
 -0.04784744  0.00000000    0.03003290  0.00000000    0.00000000  0.00000000
 -0.03003290  0.00000000   -0.04784744  0.00000000   -0.00000000  0.00000000
 -0.00000000  0.00000000   -0.00000000  0.00000000   -0.00945267  0.00000000
    4    2
 -0.04784744  0.00000000   -0.03003290  0.00000000   -0.00000000  0.00000000
  0.03003290  0.00000000   -0.04784744  0.00000000   -0.00000000  0.00000000
  0.00000000  0.00000000   -0.00000000  0.00000000   -0.00945267  0.00000000
    4    3
 -0.03857463  0.00000000   -0.00000000  0.00000000    0.00000000  0.00000000
 -0.00000000  0.00000000   -0.03857463  0.00000000   -0.00000000  0.00000000
  0.00000000  0.00000000   -0.00000000  0.00000000    0.00013956  0.00000000
    4    4
  1.36451095  0.00000000    0.00000000  0.00000000    0.00000000  0.00000000
  0.00000000  0.00000000    1.36451095  0.00000000    0.00000000  0.00000000
 -0.00000000  0.00000000    0.00000000  0.00000000    0.49545191  0.00000000
    4    5
  0.01036415  0.00000000   -0.00439508  0.00000000   -0.00062202  0.00000000
 -0.00439508  0.00000000    0.01543916  0.00000000   -0.00035912  0.00000000
 -0.00184081  0.00000000   -0.00106279  0.00000000   -0.00298228  0.00000000
    4    6
  0.01797666  0.00000000    0.00000000  0.00000000   -0.00000000  0.00000000
 -0.00000000  0.00000000    0.00782665  0.00000000    0.00071824  0.00000000
  0.00000000  0.00000000    0.00212559  0.00000000   -0.00298228  0.00000000
    4    7
  0.01036415  0.00000000    0.00439508  0.00000000    0.00062202  0.00000000
  0.00439508  0.00000000    0.01543916  0.00000000   -0.00035912  0.00000000
  0.00184081  0.00000000   -0.00106279  0.00000000   -0.00298228  0.00000000
    4    8
 -0.67054725  0.00000000   -0.00000000  0.00000000   -0.00000000  0.00000000
 -0.00000000  0.00000000   -0.17532180  0.00000000    0.00346239  0.00000000
  0.00000000  0.00000000    0.00712341  0.00000000   -0.15589229  0.00000000
    4    9
 -0.29912816  0.00000000   -0.21443891  0.00000000    0.00299852  0.00000000
 -0.21443891  0.00000000   -0.54674089  0.00000000   -0.00173119  0.00000000
  0.00616906  0.00000000   -0.00356171  0.00000000   -0.15589229  0.00000000
    4   10
 -0.29912816  0.00000000    0.21443891  0.00000000   -0.00299852  0.00000000
  0.21443891  0.00000000   -0.54674089  0.00000000   -0.00173119  0.00000000
 -0.00616906  0.00000000   -0.00356171  0.00000000   -0.15589229  0.00000000
    5    1
 -0.00182182  0.00000000   -0.01751682  0.00000000   -0.00098014  0.00000000
  0.00076258  0.00000000   -0.01191787  0.00000000   -0.03496112  0.00000000
 -0.00871988  0.00000000   -0.02227682  0.00000000   -0.01623315  0.00000000
    5    2
 -0.01664865  0.00000000    0.00932285  0.00000000   -0.03076729  0.00000000
 -0.00895654  0.00000000    0.00290897  0.00000000    0.01663173  0.00000000
 -0.02365224  0.00000000    0.00358677  0.00000000   -0.01623315  0.00000000
    5    3
 -0.29912816  0.00000000    0.21443891  0.00000000   -0.00616906  0.00000000
  0.21443891  0.00000000   -0.54674089  0.00000000   -0.00356171  0.00000000
 -0.00299852  0.00000000   -0.00173119  0.00000000   -0.15589229  0.00000000
    5    4
  0.01036415  0.00000000   -0.00439508  0.00000000   -0.00184081  0.00000000
 -0.00439508  0.00000000    0.01543916  0.00000000   -0.00106279  0.00000000
 -0.00062202  0.00000000   -0.00035912  0.00000000   -0.00298228  0.00000000
    5    5
  0.45471857  0.00000000   -0.33048003  0.00000000    0.03776571  0.00000000
 -0.33048003  0.00000000    0.83632404  0.00000000    0.02180404  0.00000000
  0.03776571  0.00000000    0.02180404  0.00000000    0.12846809  0.00000000
    5    6
 -0.17260105  0.00000000    0.13175279  0.00000000    0.00000571  0.00000000
  0.11844972  0.00000000   -0.02814656  0.00000000    0.00282507  0.00000000
 -0.00244373  0.00000000   -0.00141748  0.00000000    0.05141480  0.00000000
    5    7
  0.04408068  0.00000000   -0.00665153  0.00000000    0.00244944  0.00000000
  0.00665153  0.00000000   -0.24482830  0.00000000   -0.00140759  0.00000000
 -0.00244944  0.00000000   -0.00140759  0.00000000    0.05141480  0.00000000
    5    8
 -0.00685648  0.00000000    0.00528040  0.00000000   -0.00574744  0.00000000
  0.00116316  0.00000000   -0.00313629  0.00000000    0.00197046  0.00000000
 -0.00458019  0.00000000    0.00399220  0.00000000   -0.00492277  0.00000000
    5    9
 -0.00127620  0.00000000   -0.00205862  0.00000000   -0.00116726  0.00000000
  0.00205862  0.00000000   -0.00871657  0.00000000   -0.00596266  0.00000000
  0.00116726  0.00000000   -0.00596266  0.00000000   -0.00492277  0.00000000
    5   10
 -0.01062732  0.00000000    0.00041143  0.00000000    0.00643901  0.00000000
  0.00041143  0.00000000   -0.01110240  0.00000000    0.00371757  0.00000000
  0.00643901  0.00000000    0.00371757  0.00000000   -0.02998840  0.00000000
    6    1
 -0.00213906  0.00000000   -0.00057942  0.00000000   -0.02978715  0.00000000
  0.01769997  0.00000000   -0.01160063  0.00000000    0.01832939  0.00000000
 -0.01493235  0.00000000    0.01869005  0.00000000   -0.01623315  0.00000000
    6    2
 -0.00213906  0.00000000    0.00057942  0.00000000    0.02978715  0.00000000
 -0.01769997  0.00000000   -0.01160063  0.00000000    0.01832939  0.00000000
  0.01493235  0.00000000    0.01869005  0.00000000   -0.01623315  0.00000000
    6    3
 -0.67054725  0.00000000   -0.00000000  0.00000000    0.00000000  0.00000000
  0.00000000  0.00000000   -0.17532180  0.00000000    0.00712341  0.00000000
  0.00000000  0.00000000    0.00346239  0.00000000   -0.15589229  0.00000000
    6    4
  0.01797666  0.00000000   -0.00000000  0.00000000   -0.00000000  0.00000000
  0.00000000  0.00000000    0.00782665  0.00000000    0.00212559  0.00000000
  0.00000000  0.00000000    0.00071824  0.00000000   -0.00298228  0.00000000
    6    5
 -0.17260105  0.00000000    0.11844972  0.00000000   -0.00244373  0.00000000
  0.13175279  0.00000000   -0.02814656  0.00000000   -0.00141748  0.00000000
  0.00000571  0.00000000    0.00282507  0.00000000    0.05141480  0.00000000
    6    6
  1.02712677  0.00000000    0.00000000  0.00000000   -0.00000000  0.00000000
  0.00000000  0.00000000    0.26391584  0.00000000   -0.04360809  0.00000000
 -0.00000000  0.00000000   -0.04360809  0.00000000    0.12846809  0.00000000
    6    7
 -0.17260105  0.00000000   -0.11844972  0.00000000    0.00244373  0.00000000
 -0.13175279  0.00000000   -0.02814656  0.00000000   -0.00141748  0.00000000
 -0.00000571  0.00000000    0.00282507  0.00000000    0.05141480  0.00000000
    6    8
 -0.01133994  0.00000000   -0.00000000  0.00000000    0.00000000  0.00000000
 -0.00000000  0.00000000   -0.01038978  0.00000000   -0.00743513  0.00000000
 -0.00000000  0.00000000   -0.00743513  0.00000000   -0.02998840  0.00000000
    6    9
 -0.00685648  0.00000000   -0.00116316  0.00000000    0.00458019  0.00000000
 -0.00528040  0.00000000   -0.00313629  0.00000000    0.00399220  0.00000000
  0.00574744  0.00000000    0.00197046  0.00000000   -0.00492277  0.00000000
    6   10
 -0.00685648  0.00000000    0.00116316  0.00000000   -0.00458019  0.00000000
  0.00528040  0.00000000   -0.00313629  0.00000000    0.00399220  0.00000000
 -0.00574744  0.00000000    0.00197046  0.00000000   -0.00492277  0.00000000
    7    1
 -0.01664865  0.00000000   -0.00932285  0.00000000    0.03076729  0.00000000
  0.00895654  0.00000000    0.00290897  0.00000000    0.01663173  0.00000000
  0.02365224  0.00000000    0.00358677  0.00000000   -0.01623315  0.00000000
    7    2
 -0.00182182  0.00000000    0.01751682  0.00000000    0.00098014  0.00000000
 -0.00076258  0.00000000   -0.01191787  0.00000000   -0.03496112  0.00000000
  0.00871988  0.00000000   -0.02227682  0.00000000   -0.01623315  0.00000000
    7    3
 -0.29912816  0.00000000   -0.21443891  0.00000000    0.00616906  0.00000000
 -0.21443891  0.00000000   -0.54674089  0.00000000   -0.00356171  0.00000000
  0.00299852  0.00000000   -0.00173119  0.00000000   -0.15589229  0.00000000
    7    4
  0.01036415  0.00000000    0.00439508  0.00000000    0.00184081  0.00000000
  0.00439508  0.00000000    0.01543916  0.00000000   -0.00106279  0.00000000
  0.00062202  0.00000000   -0.00035912  0.00000000   -0.00298228  0.00000000
    7    5
  0.04408068  0.00000000    0.00665153  0.00000000   -0.00244944  0.00000000
 -0.00665153  0.00000000   -0.24482830  0.00000000   -0.00140759  0.00000000
  0.00244944  0.00000000   -0.00140759  0.00000000    0.05141480  0.00000000
    7    6
 -0.17260105  0.00000000   -0.13175279  0.00000000   -0.00000571  0.00000000
 -0.11844972  0.00000000   -0.02814656  0.00000000    0.00282507  0.00000000
  0.00244373  0.00000000   -0.00141748  0.00000000    0.05141480  0.00000000
    7    7
  0.45471857  0.00000000    0.33048003  0.00000000   -0.03776571  0.00000000
  0.33048003  0.00000000    0.83632404  0.00000000    0.02180404  0.00000000
 -0.03776571  0.00000000    0.02180404  0.00000000    0.12846809  0.00000000
    7    8
 -0.00685648  0.00000000   -0.00528040  0.00000000    0.00574744  0.00000000
 -0.00116316  0.00000000   -0.00313629  0.00000000    0.00197046  0.00000000
  0.00458019  0.00000000    0.00399220  0.00000000   -0.00492277  0.00000000
    7    9
 -0.01062732  0.00000000   -0.00041143  0.00000000   -0.00643901  0.00000000
 -0.00041143  0.00000000   -0.01110240  0.00000000    0.00371757  0.00000000
 -0.00643901  0.00000000    0.00371757  0.00000000   -0.02998840  0.00000000
    7   10
 -0.00127620  0.00000000    0.00205862  0.00000000    0.00116726  0.00000000
 -0.00205862  0.00000000   -0.00871657  0.00000000   -0.00596266  0.00000000
 -0.00116726  0.00000000   -0.00596266  0.00000000   -0.00492277  0.00000000
    8    1
 -0.00213906  0.00000000   -0.00057942  0.00000000   -0.02978715  0.00000000
  0.01769997  0.00000000   -0.01160063  0.00000000    0.01832939  0.00000000
 -0.01493235  0.00000000    0.01869005  0.00000000   -0.01623315  0.00000000
    8    2
 -0.00213906  0.00000000    0.00057942  0.00000000    0.02978715  0.00000000
 -0.01769997  0.00000000   -0.01160063  0.00000000    0.01832939  0.00000000
  0.01493235  0.00000000    0.01869005  0.00000000   -0.01623315  0.00000000
    8    3
  0.01797666  0.00000000   -0.00000000  0.00000000   -0.00000000  0.00000000
  0.00000000  0.00000000    0.00782665  0.00000000    0.00212559  0.00000000
  0.00000000  0.00000000    0.00071824  0.00000000   -0.00298228  0.00000000
    8    4
 -0.67054725  0.00000000   -0.00000000  0.00000000    0.00000000  0.00000000
  0.00000000  0.00000000   -0.17532180  0.00000000    0.00712341  0.00000000
  0.00000000  0.00000000    0.00346239  0.00000000   -0.15589229  0.00000000
    8    5
 -0.00685648  0.00000000    0.00116316  0.00000000   -0.00458019  0.00000000
  0.00528040  0.00000000   -0.00313629  0.00000000    0.00399220  0.00000000
 -0.00574744  0.00000000    0.00197046  0.00000000   -0.00492277  0.00000000
    8    6
 -0.01133994  0.00000000   -0.00000000  0.00000000    0.00000000  0.00000000
 -0.00000000  0.00000000   -0.01038978  0.00000000   -0.00743513  0.00000000
 -0.00000000  0.00000000   -0.00743513  0.00000000   -0.02998840  0.00000000
    8    7
 -0.00685648  0.00000000   -0.00116316  0.00000000    0.00458019  0.00000000
 -0.00528040  0.00000000   -0.00313629  0.00000000    0.00399220  0.00000000
  0.00574744  0.00000000    0.00197046  0.00000000   -0.00492277  0.00000000
    8    8
  1.02712677  0.00000000    0.00000000  0.00000000   -0.00000000  0.00000000
  0.00000000  0.00000000    0.26391584  0.00000000   -0.04360809  0.00000000
 -0.00000000  0.00000000   -0.04360809  0.00000000    0.12846809  0.00000000
    8    9
 -0.17260105  0.00000000   -0.11844972  0.00000000    0.00244373  0.00000000
 -0.13175279  0.00000000   -0.02814656  0.00000000   -0.00141748  0.00000000
 -0.00000571  0.00000000    0.00282507  0.00000000    0.05141480  0.00000000
    8   10
 -0.17260105  0.00000000    0.11844972  0.00000000   -0.00244373  0.00000000
  0.13175279  0.00000000   -0.02814656  0.00000000   -0.00141748  0.00000000
  0.00000571  0.00000000    0.00282507  0.00000000    0.05141480  0.00000000
    9    1
 -0.01664865  0.00000000   -0.00932285  0.00000000    0.03076729  0.00000000
  0.00895654  0.00000000    0.00290897  0.00000000    0.01663173  0.00000000
  0.02365224  0.00000000    0.00358677  0.00000000   -0.01623315  0.00000000
    9    2
 -0.00182182  0.00000000    0.01751682  0.00000000    0.00098014  0.00000000
 -0.00076258  0.00000000   -0.01191787  0.00000000   -0.03496112  0.00000000
  0.00871988  0.00000000   -0.02227682  0.00000000   -0.01623315  0.00000000
    9    3
  0.01036415  0.00000000    0.00439508  0.00000000    0.00184081  0.00000000
  0.00439508  0.00000000    0.01543916  0.00000000   -0.00106279  0.00000000
  0.00062202  0.00000000   -0.00035912  0.00000000   -0.00298228  0.00000000
    9    4
 -0.29912816  0.00000000   -0.21443891  0.00000000    0.00616906  0.00000000
 -0.21443891  0.00000000   -0.54674089  0.00000000   -0.00356171  0.00000000
  0.00299852  0.00000000   -0.00173119  0.00000000   -0.15589229  0.00000000
    9    5
 -0.00127620  0.00000000    0.00205862  0.00000000    0.00116726  0.00000000
 -0.00205862  0.00000000   -0.00871657  0.00000000   -0.00596266  0.00000000
 -0.00116726  0.00000000   -0.00596266  0.00000000   -0.00492277  0.00000000
    9    6
 -0.00685648  0.00000000   -0.00528040  0.00000000    0.00574744  0.00000000
 -0.00116316  0.00000000   -0.00313629  0.00000000    0.00197046  0.00000000
  0.00458019  0.00000000    0.00399220  0.00000000   -0.00492277  0.00000000
    9    7
 -0.01062732  0.00000000   -0.00041143  0.00000000   -0.00643901  0.00000000
 -0.00041143  0.00000000   -0.01110240  0.00000000    0.00371757  0.00000000
 -0.00643901  0.00000000    0.00371757  0.00000000   -0.02998840  0.00000000
    9    8
 -0.17260105  0.00000000   -0.13175279  0.00000000   -0.00000571  0.00000000
 -0.11844972  0.00000000   -0.02814656  0.00000000    0.00282507  0.00000000
  0.00244373  0.00000000   -0.00141748  0.00000000    0.05141480  0.00000000
    9    9
  0.45471857  0.00000000    0.33048003  0.00000000   -0.03776571  0.00000000
  0.33048003  0.00000000    0.83632404  0.00000000    0.02180404  0.00000000
 -0.03776571  0.00000000    0.02180404  0.00000000    0.12846809  0.00000000
    9   10
  0.04408068  0.00000000    0.00665153  0.00000000   -0.00244944  0.00000000
 -0.00665153  0.00000000   -0.24482830  0.00000000   -0.00140759  0.00000000
  0.00244944  0.00000000   -0.00140759  0.00000000    0.05141480  0.00000000
   10    1
 -0.00182182  0.00000000   -0.01751682  0.00000000   -0.00098014  0.00000000
  0.00076258  0.00000000   -0.01191787  0.00000000   -0.03496112  0.00000000
 -0.00871988  0.00000000   -0.02227682  0.00000000   -0.01623315  0.00000000
   10    2
 -0.01664865  0.00000000    0.00932285  0.00000000   -0.03076729  0.00000000
 -0.00895654  0.00000000    0.00290897  0.00000000    0.01663173  0.00000000
 -0.02365224  0.00000000    0.00358677  0.00000000   -0.01623315  0.00000000
   10    3
  0.01036415  0.00000000   -0.00439508  0.00000000   -0.00184081  0.00000000
 -0.00439508  0.00000000    0.01543916  0.00000000   -0.00106279  0.00000000
 -0.00062202  0.00000000   -0.00035912  0.00000000   -0.00298228  0.00000000
   10    4
 -0.29912816  0.00000000    0.21443891  0.00000000   -0.00616906  0.00000000
  0.21443891  0.00000000   -0.54674089  0.00000000   -0.00356171  0.00000000
 -0.00299852  0.00000000   -0.00173119  0.00000000   -0.15589229  0.00000000
   10    5
 -0.01062732  0.00000000    0.00041143  0.00000000    0.00643901  0.00000000
  0.00041143  0.00000000   -0.01110240  0.00000000    0.00371757  0.00000000
  0.00643901  0.00000000    0.00371757  0.00000000   -0.02998840  0.00000000
   10    6
 -0.00685648  0.00000000    0.00528040  0.00000000   -0.00574744  0.00000000
  0.00116316  0.00000000   -0.00313629  0.00000000    0.00197046  0.00000000
 -0.00458019  0.00000000    0.00399220  0.00000000   -0.00492277  0.00000000
   10    7
 -0.00127620  0.00000000   -0.00205862  0.00000000   -0.00116726  0.00000000
  0.00205862  0.00000000   -0.00871657  0.00000000   -0.00596266  0.00000000
  0.00116726  0.00000000   -0.00596266  0.00000000   -0.00492277  0.00000000
   10    8
 -0.17260105  0.00000000    0.13175279  0.00000000    0.00000571  0.00000000
  0.11844972  0.00000000   -0.02814656  0.00000000    0.00282507  0.00000000
 -0.00244373  0.00000000   -0.00141748  0.00000000    0.05141480  0.00000000
   10    9
  0.04408068  0.00000000   -0.00665153  0.00000000    0.00244944  0.00000000
  0.00665153  0.00000000   -0.24482830  0.00000000   -0.00140759  0.00000000
 -0.00244944  0.00000000   -0.00140759  0.00000000    0.05141480  0.00000000
   10   10
  0.45471857  0.00000000   -0.33048003  0.00000000    0.03776571  0.00000000
 -0.33048003  0.00000000    0.83632404  0.00000000    0.02180404  0.00000000
  0.03776571  0.00000000    0.02180404  0.00000000    0.12846809  0.00000000

     Dielectric Tensor:

          3.054938519464         -0.000000000000         -0.000000000000
         -0.000000000000          3.054938519464          0.000000000000
         -0.000000000000          0.000000000000          2.346010563433

     Effective Charges E-U: Z_{alpha}{s,beta}

     atom #    1
          2.606469843587         -0.235259363708         -0.000000000000
          0.235259363708          2.606469843585         -0.000000000000
          0.000000000000         -0.000000000000          2.333723274050
     atom #    2
          2.606469843587          0.235259363708          0.000000000000
         -0.235259363708          2.606469843585         -0.000000000000
         -0.000000000000         -0.000000000000          2.333723274050
     atom #    3
          3.287643793987         -0.000000000000          0.000000000000
          0.000000000000          3.287643793987         -0.000000000000
          0.000000000000         -0.000000000000          0.293417889043
     atom #    4
          3.287643793987          0.000000000000          0.000000000000
         -0.000000000000          3.287643793987         -0.000000000000
         -0.000000000000         -0.000000000000          0.293417889043
     atom #    5
         -1.609364511489          0.615565495906         -0.192875955473
          0.615565495906         -2.320158321023         -0.111356984813
         -0.182592013208         -0.105419547978         -0.876057669551
     atom #    6
         -2.675555225786         -0.000000000000          0.000000000000
          0.000000000000         -1.253967606726          0.222713969625
          0.000000000000          0.210839095955         -0.876057669551
     atom #    7
         -1.609364511489         -0.615565495906          0.192875955473
         -0.615565495906         -2.320158321023         -0.111356984813
          0.182592013208         -0.105419547978         -0.876057669551
     atom #    8
         -2.675555225786         -0.000000000000          0.000000000000
          0.000000000000         -1.253967606726          0.222713969625
          0.000000000000          0.210839095955         -0.876057669551
     atom #    9
         -1.609364511489         -0.615565495906          0.192875955473
         -0.615565495906         -2.320158321023         -0.111356984813
          0.182592013208         -0.105419547978         -0.876057669551
     atom #   10
         -1.609364511489          0.615565495906         -0.192875955473
          0.615565495906         -2.320158321023         -0.111356984813
         -0.182592013208         -0.105419547978         -0.876057669551

     Diagonalizing the dynamical matrix

     q = (    0.000000000   0.000000000   0.000000000 ) 

 **************************************************************************
     freq (    1) =       0.262048 [THz] =       8.740982 [cm-1]
 ( -0.000000  0.000000 -0.000000  0.000000 -0.317269  0.000000 ) 
 ( -0.000000  0.000000 -0.000000  0.000000 -0.317269  0.000000 ) 
 ( -0.000000  0.000000 -0.000000  0.000000 -0.316055  0.000000 ) 
 ( -0.000000  0.000000 -0.000000  0.000000 -0.316055  0.000000 ) 
 ( -0.000995  0.000000 -0.000574  0.000000 -0.315935  0.000000 ) 
 ( -0.000000  0.000000  0.001149  0.000000 -0.315935  0.000000 ) 
 (  0.000995  0.000000 -0.000574  0.000000 -0.315935  0.000000 ) 
 ( -0.000000  0.000000  0.001149  0.000000 -0.315935  0.000000 ) 
 (  0.000995  0.000000 -0.000574  0.000000 -0.315935  0.000000 ) 
 ( -0.000995  0.000000 -0.000574  0.000000 -0.315935  0.000000 ) 
     freq (    2) =       0.298058 [THz] =       9.942132 [cm-1]
 (  0.281180  0.000000  0.146483  0.000000 -0.000000  0.000000 ) 
 (  0.281295  0.000000  0.146262  0.000000 -0.000000  0.000000 ) 
 (  0.280428  0.000000  0.145951  0.000000 -0.000000  0.000000 ) 
 (  0.280428  0.000000  0.145951  0.000000 -0.000000  0.000000 ) 
 (  0.280159  0.000000  0.145795  0.000000  0.001713  0.000000 ) 
 (  0.280432  0.000000  0.145807  0.000000 -0.000792  0.000000 ) 
 (  0.280285  0.000000  0.146038  0.000000 -0.000921  0.000000 ) 
 (  0.280432  0.000000  0.145807  0.000000 -0.000792  0.000000 ) 
 (  0.280285  0.000000  0.146038  0.000000 -0.000921  0.000000 ) 
 (  0.280159  0.000000  0.145795  0.000000  0.001713  0.000000 ) 
     freq (    3) =       0.298058 [THz] =       9.942132 [cm-1]
 ( -0.146483  0.000000  0.281180  0.000000 -0.000000  0.000000 ) 
 ( -0.146262  0.000000  0.281295  0.000000 -0.000000  0.000000 ) 
 ( -0.145951  0.000000  0.280428  0.000000 -0.000000  0.000000 ) 
 ( -0.145951  0.000000  0.280428  0.000000 -0.000000  0.000000 ) 
 ( -0.145965  0.000000  0.280425  0.000000  0.000075  0.000000 ) 
 ( -0.145953  0.000000  0.280152  0.000000 -0.001521  0.000000 ) 
 ( -0.145722  0.000000  0.280299  0.000000  0.001446  0.000000 ) 
 ( -0.145953  0.000000  0.280152  0.000000 -0.001521  0.000000 ) 
 ( -0.145722  0.000000  0.280299  0.000000  0.001446  0.000000 ) 
 ( -0.145965  0.000000  0.280425  0.000000  0.000075  0.000000 ) 
     freq (    4) =       2.383833 [THz] =      79.516097 [cm-1]
 ( -0.000000  0.000000 -0.000000  0.000000  0.217958  0.000000 ) 
 ( -0.000000  0.000000 -0.000000  0.000000  0.217958  0.000000 ) 
 ( -0.000000  0.000000  0.000000  0.000000 -0.121302  0.000000 ) 
 ( -0.000000  0.000000  0.000000  0.000000 -0.121302  0.000000 ) 
 (  0.302876  0.000000  0.174866  0.000000 -0.153672  0.000000 ) 
 ( -0.000000  0.000000 -0.349731  0.000000 -0.153672  0.000000 ) 
 ( -0.302876  0.000000  0.174866  0.000000 -0.153672  0.000000 ) 
 ( -0.000000  0.000000 -0.349731  0.000000 -0.153672  0.000000 ) 
 ( -0.302876  0.000000  0.174866  0.000000 -0.153672  0.000000 ) 
 (  0.302876  0.000000  0.174866  0.000000 -0.153672  0.000000 ) 
     freq (    5) =       3.609808 [THz] =     120.410250 [cm-1]
 ( -0.127171  0.000000 -0.207631  0.000000 -0.000000  0.000000 ) 
 ( -0.196475  0.000000  0.143807  0.000000 -0.000000  0.000000 ) 
 (  0.088546  0.000000  0.017461  0.000000 -0.000000  0.000000 ) 
 (  0.088546  0.000000  0.017461  0.000000 -0.000000  0.000000 ) 
 (  0.130469  0.000000  0.040529  0.000000 -0.482433  0.000000 ) 
 (  0.091536  0.000000  0.027242  0.000000  0.098625  0.000000 ) 
 (  0.122510  0.000000  0.000168  0.000000  0.383808  0.000000 ) 
 (  0.091536  0.000000  0.027242  0.000000  0.098625  0.000000 ) 
 (  0.122510  0.000000  0.000168  0.000000  0.383808  0.000000 ) 
 (  0.130469  0.000000  0.040529  0.000000 -0.482433  0.000000 ) 
     freq (    6) =       3.609808 [THz] =     120.410250 [cm-1]
 (  0.207631  0.000000 -0.127171  0.000000 -0.000000  0.000000 ) 
 ( -0.143807  0.000000 -0.196475  0.000000 -0.000000  0.000000 ) 
 ( -0.017461  0.000000  0.088546  0.000000  0.000000  0.000000 ) 
 ( -0.017461  0.000000  0.088546  0.000000  0.000000  0.000000 ) 
 ( -0.004763  0.000000  0.099207  0.000000 -0.164650  0.000000 ) 
 ( -0.018051  0.000000  0.138141  0.000000  0.500124  0.000000 ) 
 ( -0.045124  0.000000  0.107167  0.000000 -0.335474  0.000000 ) 
 ( -0.018051  0.000000  0.138141  0.000000  0.500124  0.000000 ) 
 ( -0.045124  0.000000  0.107167  0.000000 -0.335474  0.000000 ) 
 ( -0.004763  0.000000  0.099207  0.000000 -0.164650  0.000000 ) 
     freq (    7) =       5.563655 [THz] =     185.583556 [cm-1]
 ( -0.000000  0.000000  0.000000  0.000000 -0.000000  0.000000 ) 
 (  0.000000  0.000000 -0.000000  0.000000 -0.000000  0.000000 ) 
 ( -0.321123  0.000000  0.000360  0.000000 -0.000000  0.000000 ) 
 (  0.321123  0.000000 -0.000360  0.000000 -0.000000  0.000000 ) 
 ( -0.342637  0.000000 -0.003761  0.000000  0.157217  0.000000 ) 
 ( -0.335470  0.000000  0.000387  0.000000  0.000204  0.000000 ) 
 ( -0.342646  0.000000  0.004519  0.000000 -0.157421  0.000000 ) 
 (  0.335470  0.000000 -0.000387  0.000000 -0.000204  0.000000 ) 
 (  0.342646  0.000000 -0.004519  0.000000  0.157421  0.000000 ) 
 (  0.342637  0.000000  0.003761  0.000000 -0.157217  0.000000 ) 
     freq (    8) =       5.563655 [THz] =     185.583556 [cm-1]
 ( -0.000000  0.000000  0.000000  0.000000 -0.000000  0.000000 ) 
 (  0.000000  0.000000 -0.000000  0.000000 -0.000000  0.000000 ) 
 ( -0.000360  0.000000 -0.321123  0.000000  0.000000  0.000000 ) 
 (  0.000360  0.000000  0.321123  0.000000 -0.000000  0.000000 ) 
 ( -0.004524  0.000000 -0.337865  0.000000  0.091005  0.000000 ) 
 ( -0.000376  0.000000 -0.345031  0.000000 -0.181656  0.000000 ) 
 (  0.003756  0.000000 -0.337856  0.000000  0.090652  0.000000 ) 
 (  0.000376  0.000000  0.345031  0.000000  0.181656  0.000000 ) 
 ( -0.003756  0.000000  0.337856  0.000000 -0.090652  0.000000 ) 
 (  0.004524  0.000000  0.337865  0.000000 -0.091005  0.000000 ) 
     freq (    9) =       6.258251 [THz] =     208.752781 [cm-1]
 (  0.000000  0.000000 -0.000000  0.000000 -0.000000  0.000000 ) 
 (  0.000000  0.000000  0.000000  0.000000 -0.000000  0.000000 ) 
 (  0.000000  0.000000  0.000000  0.000000  0.203956  0.000000 ) 
 ( -0.000000  0.000000 -0.000000  0.000000 -0.203956  0.000000 ) 
 ( -0.283678  0.000000 -0.163782  0.000000  0.213314  0.000000 ) 
 (  0.000000  0.000000  0.327563  0.000000  0.213314  0.000000 ) 
 (  0.283678  0.000000 -0.163782  0.000000  0.213314  0.000000 ) 
 ( -0.000000  0.000000 -0.327563  0.000000 -0.213314  0.000000 ) 
 ( -0.283678  0.000000  0.163782  0.000000 -0.213314  0.000000 ) 
 (  0.283678  0.000000  0.163782  0.000000 -0.213314  0.000000 ) 
     freq (   10) =       7.073966 [THz] =     235.962113 [cm-1]
 ( -0.593483  0.000000 -0.185092  0.000000 -0.000000  0.000000 ) 
 (  0.596890  0.000000 -0.173793  0.000000 -0.000000  0.000000 ) 
 ( -0.000592  0.000000  0.062348  0.000000  0.000000  0.000000 ) 
 ( -0.000592  0.000000  0.062348  0.000000  0.000000  0.000000 ) 
 (  0.037255  0.000000  0.112309  0.000000 -0.088794  0.000000 ) 
 ( -0.000857  0.000000  0.179792  0.000000  0.180556  0.000000 ) 
 ( -0.040243  0.000000  0.113045  0.000000 -0.091762  0.000000 ) 
 ( -0.000857  0.000000  0.179792  0.000000  0.180556  0.000000 ) 
 ( -0.040243  0.000000  0.113045  0.000000 -0.091762  0.000000 ) 
 (  0.037255  0.000000  0.112309  0.000000 -0.088794  0.000000 ) 
     freq (   11) =       7.073966 [THz] =     235.962113 [cm-1]
 (  0.185092  0.000000 -0.593483  0.000000  0.000000  0.000000 ) 
 (  0.173793  0.000000  0.596890  0.000000 -0.000000  0.000000 ) 
 ( -0.062348  0.000000 -0.000592  0.000000 -0.000000  0.000000 ) 
 ( -0.062348  0.000000 -0.000592  0.000000  0.000000  0.000000 ) 
 ( -0.157788  0.000000 -0.039819  0.000000  0.157223  0.000000 ) 
 ( -0.090305  0.000000 -0.001707  0.000000 -0.001714  0.000000 ) 
 ( -0.157053  0.000000  0.037679  0.000000 -0.155509  0.000000 ) 
 ( -0.090305  0.000000 -0.001707  0.000000 -0.001714  0.000000 ) 
 ( -0.157053  0.000000  0.037679  0.000000 -0.155509  0.000000 ) 
 ( -0.157788  0.000000 -0.039819  0.000000  0.157223  0.000000 ) 
     freq (   12) =       8.177479 [THz] =     272.771327 [cm-1]
 ( -0.000000  0.000000  0.000000  0.000000  0.704931  0.000000 ) 
 ( -0.000000  0.000000 -0.000000  0.000000 -0.704931  0.000000 ) 
 (  0.000000  0.000000 -0.000000  0.000000  0.000000  0.000000 ) 
 (  0.000000  0.000000  0.000000  0.000000 -0.000000  0.000000 ) 
 ( -0.016001  0.000000  0.027714  0.000000 -0.000000  0.000000 ) 
 (  0.032001  0.000000 -0.000000  0.000000 -0.000000  0.000000 ) 
 ( -0.016001  0.000000 -0.027714  0.000000  0.000000  0.000000 ) 
 (  0.032001  0.000000  0.000000  0.000000 -0.000000  0.000000 ) 
 ( -0.016001  0.000000 -0.027714  0.000000 -0.000000  0.000000 ) 
 ( -0.016001  0.000000  0.027714  0.000000 -0.000000  0.000000 ) 
     freq (   13) =       8.951102 [THz] =     298.576630 [cm-1]
 (  0.000000  0.000000 -0.000000  0.000000  0.000000  0.000000 ) 
 (  0.000000  0.000000 -0.000000  0.000000  0.000000  0.000000 ) 
 (  0.125323  0.000000 -0.012449  0.000000 -0.000000  0.000000 ) 
 ( -0.125323  0.000000  0.012449  0.000000 -0.000000  0.000000 ) 
 (  0.107899  0.000000 -0.027196  0.000000  0.441551  0.000000 ) 
 (  0.132251  0.000000 -0.009715  0.000000  0.053726  0.000000 ) 
 (  0.104936  0.000000  0.002633  0.000000 -0.495278  0.000000 ) 
 ( -0.132251  0.000000  0.009715  0.000000 -0.053726  0.000000 ) 
 ( -0.104936  0.000000 -0.002633  0.000000  0.495278  0.000000 ) 
 ( -0.107899  0.000000  0.027196  0.000000 -0.441551  0.000000 ) 
     freq (   14) =       8.951102 [THz] =     298.576630 [cm-1]
 (  0.000000  0.000000  0.000000  0.000000  0.000000  0.000000 ) 
 (  0.000000  0.000000  0.000000  0.000000  0.000000  0.000000 ) 
 (  0.012449  0.000000  0.125323  0.000000 -0.000000  0.000000 ) 
 ( -0.012449  0.000000 -0.125323  0.000000  0.000000  0.000000 ) 
 ( -0.004344  0.000000  0.122158  0.000000  0.316968  0.000000 ) 
 (  0.013137  0.000000  0.097807  0.000000 -0.540878  0.000000 ) 
 (  0.025485  0.000000  0.125121  0.000000  0.223911  0.000000 ) 
 ( -0.013137  0.000000 -0.097807  0.000000  0.540878  0.000000 ) 
 ( -0.025485  0.000000 -0.125121  0.000000 -0.223911  0.000000 ) 
 (  0.004344  0.000000 -0.122158  0.000000 -0.316968  0.000000 ) 
     freq (   15) =       9.172601 [THz] =     305.965029 [cm-1]
 ( -0.328617  0.000000 -0.099459  0.000000 -0.000000  0.000000 ) 
 ( -0.328826  0.000000  0.098765  0.000000 -0.000000  0.000000 ) 
 (  0.215688  0.000000  0.000228  0.000000  0.000000  0.000000 ) 
 (  0.215688  0.000000  0.000228  0.000000  0.000000  0.000000 ) 
 (  0.206898  0.000000 -0.023221  0.000000  0.306431  0.000000 ) 
 (  0.247571  0.000000  0.000204  0.000000 -0.000374  0.000000 ) 
 (  0.206948  0.000000  0.023715  0.000000 -0.306057  0.000000 ) 
 (  0.247571  0.000000  0.000204  0.000000 -0.000374  0.000000 ) 
 (  0.206948  0.000000  0.023715  0.000000 -0.306057  0.000000 ) 
 (  0.206898  0.000000 -0.023221  0.000000  0.306431  0.000000 ) 
     freq (   16) =       9.172601 [THz] =     305.965029 [cm-1]
 (  0.099459  0.000000 -0.328617  0.000000  0.000000  0.000000 ) 
 ( -0.098765  0.000000 -0.328826  0.000000  0.000000  0.000000 ) 
 ( -0.000228  0.000000  0.215688  0.000000 -0.000000  0.000000 ) 
 ( -0.000228  0.000000  0.215688  0.000000 -0.000000  0.000000 ) 
 ( -0.023687  0.000000  0.234046  0.000000  0.176486  0.000000 ) 
 ( -0.000262  0.000000  0.193374  0.000000 -0.353620  0.000000 ) 
 (  0.023249  0.000000  0.233996  0.000000  0.177134  0.000000 ) 
 ( -0.000262  0.000000  0.193374  0.000000 -0.353620  0.000000 ) 
 (  0.023249  0.000000  0.233996  0.000000  0.177134  0.000000 ) 
 ( -0.023687  0.000000  0.234046  0.000000  0.176486  0.000000 ) 
     freq (   17) =       9.258051 [THz] =     308.815349 [cm-1]
 ( -0.000000  0.000000  0.000000  0.000000  0.313189  0.000000 ) 
 (  0.000000  0.000000  0.000000  0.000000  0.313189  0.000000 ) 
 (  0.000000  0.000000 -0.000000  0.000000 -0.239176  0.000000 ) 
 (  0.000000  0.000000 -0.000000  0.000000 -0.239176  0.000000 ) 
 ( -0.235898  0.000000 -0.136196  0.000000 -0.201756  0.000000 ) 
 (  0.000000  0.000000  0.272391  0.000000 -0.201756  0.000000 ) 
 (  0.235898  0.000000 -0.136196  0.000000 -0.201756  0.000000 ) 
 (  0.000000  0.000000  0.272391  0.000000 -0.201756  0.000000 ) 
 (  0.235898  0.000000 -0.136196  0.000000 -0.201756  0.000000 ) 
 ( -0.235898  0.000000 -0.136196  0.000000 -0.201756  0.000000 ) 
     freq (   18) =       9.800706 [THz] =     326.916373 [cm-1]
 ( -0.000000  0.000000 -0.000000  0.000000 -0.000000  0.000000 ) 
 ( -0.000000  0.000000  0.000000  0.000000 -0.000000  0.000000 ) 
 (  0.000000  0.000000 -0.000000  0.000000 -0.328378  0.000000 ) 
 (  0.000000  0.000000  0.000000  0.000000  0.328378  0.000000 ) 
 ( -0.200778  0.000000 -0.115919  0.000000 -0.277441  0.000000 ) 
 (  0.000000  0.000000  0.231839  0.000000 -0.277441  0.000000 ) 
 (  0.200778  0.000000 -0.115919  0.000000 -0.277441  0.000000 ) 
 (  0.000000  0.000000 -0.231839  0.000000  0.277441  0.000000 ) 
 ( -0.200778  0.000000  0.115919  0.000000  0.277441  0.000000 ) 
 (  0.200778  0.000000  0.115919  0.000000  0.277441  0.000000 ) 
     freq (   19) =      20.702739 [THz] =     690.569042 [cm-1]
 ( -0.000000  0.000000 -0.000000  0.000000 -0.000000  0.000000 ) 
 (  0.000000  0.000000  0.000000  0.000000  0.000000  0.000000 ) 
 (  0.224925  0.000000 -0.000151  0.000000  0.000000  0.000000 ) 
 ( -0.224925  0.000000  0.000151  0.000000 -0.000000  0.000000 ) 
 ( -0.246069  0.000000 -0.331469  0.000000 -0.023433  0.000000 ) 
 (  0.327671  0.000000  0.000294  0.000000 -0.000018  0.000000 ) 
 ( -0.246514  0.000000  0.331286  0.000000  0.023451  0.000000 ) 
 ( -0.327671  0.000000 -0.000294  0.000000  0.000018  0.000000 ) 
 (  0.246514  0.000000 -0.331286  0.000000 -0.023451  0.000000 ) 
 (  0.246069  0.000000  0.331469  0.000000  0.023433  0.000000 ) 
     freq (   20) =      20.702739 [THz] =     690.569042 [cm-1]
 (  0.000000  0.000000  0.000000  0.000000  0.000000  0.000000 ) 
 ( -0.000000  0.000000  0.000000  0.000000 -0.000000  0.000000 ) 
 (  0.000151  0.000000  0.224925  0.000000  0.000000  0.000000 ) 
 ( -0.000151  0.000000 -0.224925  0.000000 -0.000000  0.000000 ) 
 ( -0.331543  0.000000  0.136128  0.000000 -0.013550  0.000000 ) 
 (  0.000220  0.000000 -0.437612  0.000000  0.027069  0.000000 ) 
 (  0.331212  0.000000  0.136573  0.000000 -0.013519  0.000000 ) 
 ( -0.000220  0.000000  0.437612  0.000000 -0.027069  0.000000 ) 
 ( -0.331212  0.000000 -0.136573  0.000000  0.013519  0.000000 ) 
 (  0.331543  0.000000 -0.136128  0.000000  0.013550  0.000000 ) 
     freq (   21) =      20.738262 [THz] =     691.753959 [cm-1]
 ( -0.004774  0.000000  0.030195  0.000000 -0.000000  0.000000 ) 
 ( -0.004805  0.000000 -0.030190  0.000000  0.000000  0.000000 ) 
 (  0.232151  0.000000 -0.000120  0.000000 -0.000000  0.000000 ) 
 (  0.232151  0.000000 -0.000120  0.000000 -0.000000  0.000000 ) 
 ( -0.243698  0.000000 -0.328654  0.000000 -0.047432  0.000000 ) 
 (  0.325256  0.000000  0.000224  0.000000 -0.000028  0.000000 ) 
 ( -0.244038  0.000000  0.328514  0.000000  0.047460  0.000000 ) 
 (  0.325256  0.000000  0.000224  0.000000 -0.000028  0.000000 ) 
 ( -0.244038  0.000000  0.328514  0.000000  0.047460  0.000000 ) 
 ( -0.243698  0.000000 -0.328654  0.000000 -0.047432  0.000000 ) 
     freq (   22) =      20.738262 [THz] =     691.753959 [cm-1]
 ( -0.030195  0.000000 -0.004774  0.000000 -0.000000  0.000000 ) 
 (  0.030190  0.000000 -0.004805  0.000000 -0.000000  0.000000 ) 
 (  0.000120  0.000000  0.232151  0.000000  0.000000  0.000000 ) 
 (  0.000120  0.000000  0.232151  0.000000  0.000000  0.000000 ) 
 ( -0.328710  0.000000  0.135378  0.000000 -0.027417  0.000000 ) 
 (  0.000168  0.000000 -0.433576  0.000000  0.054786  0.000000 ) 
 (  0.328458  0.000000  0.135718  0.000000 -0.027368  0.000000 ) 
 (  0.000168  0.000000 -0.433576  0.000000  0.054786  0.000000 ) 
 (  0.328458  0.000000  0.135718  0.000000 -0.027368  0.000000 ) 
 ( -0.328710  0.000000  0.135378  0.000000 -0.027417  0.000000 ) 
     freq (   23) =      24.705251 [THz] =     824.078483 [cm-1]
 ( -0.000000  0.000000 -0.000000  0.000000 -0.002938  0.000000 ) 
 (  0.000000  0.000000 -0.000000  0.000000 -0.002938  0.000000 ) 
 (  0.000000  0.000000  0.000000  0.000000 -0.646615  0.000000 ) 
 ( -0.000000  0.000000  0.000000  0.000000 -0.646615  0.000000 ) 
 (  0.015230  0.000000  0.008793  0.000000  0.164269  0.000000 ) 
 ( -0.000000  0.000000 -0.017586  0.000000  0.164269  0.000000 ) 
 ( -0.015230  0.000000  0.008793  0.000000  0.164269  0.000000 ) 
 ( -0.000000  0.000000 -0.017586  0.000000  0.164269  0.000000 ) 
 ( -0.015230  0.000000  0.008793  0.000000  0.164269  0.000000 ) 
 (  0.015230  0.000000  0.008793  0.000000  0.164269  0.000000 ) 
     freq (   24) =      24.804985 [THz] =     827.405238 [cm-1]
 ( -0.000000  0.000000 -0.000000  0.000000  0.000000  0.000000 ) 
 (  0.000000  0.000000  0.000000  0.000000  0.000000  0.000000 ) 
 ( -0.000000  0.000000  0.000000  0.000000 -0.637458  0.000000 ) 
 (  0.000000  0.000000 -0.000000  0.000000  0.637458  0.000000 ) 
 (  0.013252  0.000000  0.007651  0.000000  0.176016  0.000000 ) 
 (  0.000000  0.000000 -0.015302  0.000000  0.176016  0.000000 ) 
 ( -0.013252  0.000000  0.007651  0.000000  0.176016  0.000000 ) 
 ( -0.000000  0.000000  0.015302  0.000000 -0.176016  0.000000 ) 
 (  0.013252  0.000000 -0.007651  0.000000 -0.176016  0.000000 ) 
 ( -0.013252  0.000000 -0.007651  0.000000 -0.176016  0.000000 ) 
     freq (   25) =      32.300074 [THz] =    1077.414490 [cm-1]
 (  0.000000  0.000000 -0.000000  0.000000 -0.022184  0.000000 ) 
 (  0.000000  0.000000  0.000000  0.000000  0.022184  0.000000 ) 
 ( -0.000000  0.000000 -0.000000  0.000000  0.000000  0.000000 ) 
 ( -0.000000  0.000000 -0.000000  0.000000  0.000000  0.000000 ) 
 ( -0.204024  0.000000  0.353379  0.000000  0.000000  0.000000 ) 
 (  0.408047  0.000000  0.000000  0.000000  0.000000  0.000000 ) 
 ( -0.204024  0.000000 -0.353379  0.000000 -0.000000  0.000000 ) 
 (  0.408047  0.000000  0.000000  0.000000  0.000000  0.000000 ) 
 ( -0.204024  0.000000 -0.353379  0.000000 -0.000000  0.000000 ) 
 ( -0.204024  0.000000  0.353379  0.000000  0.000000  0.000000 ) 
     freq (   26) =      32.319586 [THz] =    1078.065350 [cm-1]
 (  0.000000  0.000000  0.000000  0.000000 -0.000000  0.000000 ) 
 (  0.000000  0.000000  0.000000  0.000000  0.000000  0.000000 ) 
 (  0.000000  0.000000 -0.000000  0.000000  0.000000  0.000000 ) 
 ( -0.000000  0.000000 -0.000000  0.000000  0.000000  0.000000 ) 
 (  0.204124  0.000000 -0.353553  0.000000 -0.000000  0.000000 ) 
 ( -0.408248  0.000000 -0.000000  0.000000 -0.000000  0.000000 ) 
 (  0.204124  0.000000  0.353553  0.000000  0.000000  0.000000 ) 
 (  0.408248  0.000000  0.000000  0.000000 -0.000000  0.000000 ) 
 ( -0.204124  0.000000 -0.353553  0.000000 -0.000000  0.000000 ) 
 ( -0.204124  0.000000  0.353553  0.000000  0.000000  0.000000 ) 
     freq (   27) =      41.669656 [THz] =    1389.950111 [cm-1]
 (  0.009992  0.000000 -0.006979  0.000000  0.000000  0.000000 ) 
 (  0.009987  0.000000  0.006987  0.000000 -0.000000  0.000000 ) 
 ( -0.626310  0.000000 -0.000239  0.000000 -0.000000  0.000000 ) 
 ( -0.626310  0.000000 -0.000239  0.000000 -0.000000  0.000000 ) 
 (  0.089501  0.000000 -0.101828  0.000000  0.000327  0.000000 ) 
 (  0.266048  0.000000  0.000012  0.000000 -0.000000  0.000000 ) 
 (  0.089579  0.000000  0.101986  0.000000 -0.000327  0.000000 ) 
 (  0.266048  0.000000  0.000012  0.000000 -0.000000  0.000000 ) 
 (  0.089579  0.000000  0.101986  0.000000 -0.000327  0.000000 ) 
 (  0.089501  0.000000 -0.101828  0.000000  0.000327  0.000000 ) 
     freq (   28) =      41.669656 [THz] =    1389.950111 [cm-1]
 (  0.006979  0.000000  0.009992  0.000000 -0.000000  0.000000 ) 
 ( -0.006987  0.000000  0.009987  0.000000 -0.000000  0.000000 ) 
 (  0.000239  0.000000 -0.626310  0.000000 -0.000000  0.000000 ) 
 (  0.000239  0.000000 -0.626310  0.000000 -0.000000  0.000000 ) 
 ( -0.101941  0.000000  0.207251  0.000000  0.000189  0.000000 ) 
 ( -0.000101  0.000000  0.030704  0.000000 -0.000377  0.000000 ) 
 (  0.101873  0.000000  0.207173  0.000000  0.000189  0.000000 ) 
 ( -0.000101  0.000000  0.030704  0.000000 -0.000377  0.000000 ) 
 (  0.101873  0.000000  0.207173  0.000000  0.000189  0.000000 ) 
 ( -0.101941  0.000000  0.207251  0.000000  0.000189  0.000000 ) 
     freq (   29) =      42.810876 [THz] =    1428.017128 [cm-1]
 (  0.000000  0.000000 -0.000000  0.000000 -0.000000  0.000000 ) 
 ( -0.000000  0.000000  0.000000  0.000000 -0.000000  0.000000 ) 
 ( -0.627240  0.000000  0.000625  0.000000  0.000000  0.000000 ) 
 (  0.627240  0.000000 -0.000625  0.000000 -0.000000  0.000000 ) 
 (  0.093317  0.000000 -0.098842  0.000000  0.001395  0.000000 ) 
 (  0.264061  0.000000 -0.000036  0.000000  0.000002  0.000000 ) 
 (  0.093121  0.000000  0.098429  0.000000 -0.001396  0.000000 ) 
 ( -0.264061  0.000000  0.000036  0.000000 -0.000002  0.000000 ) 
 ( -0.093121  0.000000 -0.098429  0.000000  0.001396  0.000000 ) 
 ( -0.093317  0.000000  0.098842  0.000000 -0.001395  0.000000 ) 
     freq (   30) =      42.810876 [THz] =    1428.017128 [cm-1]
 ( -0.000000  0.000000  0.000000  0.000000  0.000000  0.000000 ) 
 (  0.000000  0.000000 -0.000000  0.000000 -0.000000  0.000000 ) 
 ( -0.000625  0.000000 -0.627240  0.000000 -0.000000  0.000000 ) 
 (  0.000625  0.000000  0.627240  0.000000  0.000000  0.000000 ) 
 ( -0.098542  0.000000  0.207015  0.000000  0.000807  0.000000 ) 
 (  0.000263  0.000000  0.036272  0.000000 -0.001611  0.000000 ) 
 (  0.098728  0.000000  0.207212  0.000000  0.000804  0.000000 ) 
 ( -0.000263  0.000000 -0.036272  0.000000  0.001611  0.000000 ) 
 ( -0.098728  0.000000 -0.207212  0.000000 -0.000804  0.000000 ) 
 (  0.098542  0.000000 -0.207015  0.000000 -0.000807  0.000000 ) 
 **************************************************************************
