     diagonalizing the dynamical matrix ...

 q =       0.0000      0.0000      0.0000
 **************************************************************************
     freq (    1) =       0.231882 [THz] =       7.734763 [cm-1]
 ( -0.000000   0.000000     0.000000   0.000000    -0.316921   0.000000   )
 ( -0.000000   0.000000     0.000000   0.000000    -0.316921   0.000000   )
 ( -0.000000   0.000000     0.000000   0.000000    -0.316114   0.000000   )
 ( -0.000000   0.000000     0.000000   0.000000    -0.316114   0.000000   )
 ( -0.000593   0.000000    -0.000342   0.000000    -0.316033   0.000000   )
 ( -0.000000   0.000000     0.000684   0.000000    -0.316033   0.000000   )
 (  0.000593   0.000000    -0.000342   0.000000    -0.316033   0.000000   )
 ( -0.000000   0.000000     0.000684   0.000000    -0.316033   0.000000   )
 (  0.000593   0.000000    -0.000342   0.000000    -0.316033   0.000000   )
 ( -0.000593   0.000000    -0.000342   0.000000    -0.316033   0.000000   )
     freq (    2) =       0.258285 [THz] =       8.615464 [cm-1]
 (  0.000149   0.000000     0.317016   0.000000     0.000000   0.000000   )
 ( -0.000149   0.000000     0.317016   0.000000     0.000000   0.000000   )
 (  0.000000   0.000000     0.316137   0.000000     0.000000   0.000000   )
 (  0.000000   0.000000     0.316137   0.000000     0.000000   0.000000   )
 ( -0.000109   0.000000     0.316056   0.000000     0.000673   0.000000   )
 (  0.000000   0.000000     0.315868   0.000000    -0.001345   0.000000   )
 (  0.000109   0.000000     0.316056   0.000000     0.000673   0.000000   )
 (  0.000000   0.000000     0.315868   0.000000    -0.001345   0.000000   )
 (  0.000109   0.000000     0.316056   0.000000     0.000673   0.000000   )
 ( -0.000109   0.000000     0.316056   0.000000     0.000673   0.000000   )
     freq (    3) =       0.258355 [THz] =       8.617805 [cm-1]
 (  0.316594   0.000000    -0.000139   0.000000    -0.000000   0.000000   )
 (  0.316594   0.000000     0.000139   0.000000     0.000000   0.000000   )
 (  0.316177   0.000000    -0.000000   0.000000    -0.000000   0.000000   )
 (  0.316177   0.000000    -0.000000   0.000000    -0.000000   0.000000   )
 (  0.316065   0.000000    -0.000097   0.000000     0.000981   0.000000   )
 (  0.316234   0.000000    -0.000000   0.000000     0.000000   0.000000   )
 (  0.316065   0.000000     0.000097   0.000000    -0.000981   0.000000   )
 (  0.316234   0.000000    -0.000000   0.000000     0.000000   0.000000   )
 (  0.316065   0.000000     0.000097   0.000000    -0.000981   0.000000   )
 (  0.316065   0.000000    -0.000097   0.000000     0.000981   0.000000   )
     freq (    4) =       3.320687 [THz] =     110.766181 [cm-1]
 (  0.000000   0.000000    -0.000000   0.000000     0.219427   0.000000   )
 ( -0.000000   0.000000    -0.000000   0.000000     0.219427   0.000000   )
 (  0.000000   0.000000     0.000000   0.000000    -0.123155   0.000000   )
 ( -0.000000   0.000000     0.000000   0.000000    -0.123155   0.000000   )
 (  0.302425   0.000000     0.174605   0.000000    -0.153669   0.000000   )
 (  0.000000   0.000000    -0.349210   0.000000    -0.153668   0.000000   )
 ( -0.302425   0.000000     0.174605   0.000000    -0.153669   0.000000   )
 ( -0.000000   0.000000    -0.349210   0.000000    -0.153668   0.000000   )
 ( -0.302425   0.000000     0.174605   0.000000    -0.153669   0.000000   )
 (  0.302425   0.000000     0.174605   0.000000    -0.153669   0.000000   )
     freq (    5) =       4.238640 [THz] =     141.385822 [cm-1]
 (  0.178199   0.000000    -0.176297   0.000000    -0.000000   0.000000   )
 ( -0.178199   0.000000    -0.176297   0.000000    -0.000000   0.000000   )
 (  0.000000   0.000000     0.097096   0.000000     0.000000   0.000000   )
 (  0.000000   0.000000     0.097096   0.000000     0.000000   0.000000   )
 (  0.020101   0.000000     0.112782   0.000000    -0.251563   0.000000   )
 (  0.000000   0.000000     0.147599   0.000000     0.503126   0.000000   )
 ( -0.020101   0.000000     0.112782   0.000000    -0.251563   0.000000   )
 (  0.000000   0.000000     0.147599   0.000000     0.503126   0.000000   )
 ( -0.020101   0.000000     0.112782   0.000000    -0.251563   0.000000   )
 (  0.020101   0.000000     0.112782   0.000000    -0.251563   0.000000   )
     freq (    6) =       4.543047 [THz] =     151.539728 [cm-1]
 ( -0.096043   0.000000    -0.243869   0.000000     0.000000   0.000000   )
 ( -0.096043   0.000000     0.243869   0.000000    -0.000000   0.000000   )
 (  0.060415   0.000000    -0.000000   0.000000    -0.000000   0.000000   )
 (  0.060415   0.000000     0.000000   0.000000     0.000000   0.000000   )
 (  0.077096   0.000000     0.019124   0.000000    -0.454478   0.000000   )
 (  0.043973   0.000000    -0.000000   0.000000    -0.000000   0.000000   )
 (  0.077096   0.000000    -0.019124   0.000000     0.454478   0.000000   )
 (  0.043973   0.000000     0.000000   0.000000    -0.000000   0.000000   )
 (  0.077096   0.000000    -0.019124   0.000000     0.454478   0.000000   )
 (  0.077096   0.000000     0.019124   0.000000    -0.454478   0.000000   )
     freq (    7) =       4.960596 [THz] =     165.467658 [cm-1]
 (  0.000000   0.000000     0.000000   0.000000    -0.000000   0.000000   )
 ( -0.000000   0.000000    -0.000000   0.000000    -0.000000   0.000000   )
 ( -0.000000   0.000000    -0.331865   0.000000    -0.000000   0.000000   )
 (  0.000000   0.000000     0.331865   0.000000     0.000000   0.000000   )
 ( -0.002743   0.000000    -0.349658   0.000000     0.057334   0.000000   )
 ( -0.000000   0.000000    -0.354409   0.000000    -0.114669   0.000000   )
 (  0.002743   0.000000    -0.349658   0.000000     0.057334   0.000000   )
 (  0.000000   0.000000     0.354409   0.000000     0.114669   0.000000   )
 ( -0.002743   0.000000     0.349658   0.000000    -0.057334   0.000000   )
 (  0.002743   0.000000     0.349658   0.000000    -0.057334   0.000000   )
     freq (    8) =       4.960596 [THz] =     165.467676 [cm-1]
 ( -0.000000   0.000000    -0.000000   0.000000    -0.000000   0.000000   )
 ( -0.000000   0.000000     0.000000   0.000000    -0.000000   0.000000   )
 (  0.331865   0.000000    -0.000000   0.000000     0.000000   0.000000   )
 ( -0.331865   0.000000     0.000000   0.000000     0.000000   0.000000   )
 (  0.352825   0.000000     0.002743   0.000000    -0.099306   0.000000   )
 (  0.348074   0.000000    -0.000000   0.000000    -0.000000   0.000000   )
 (  0.352825   0.000000    -0.002743   0.000000     0.099306   0.000000   )
 ( -0.348074   0.000000     0.000000   0.000000     0.000000   0.000000   )
 ( -0.352825   0.000000     0.002743   0.000000    -0.099306   0.000000   )
 ( -0.352825   0.000000    -0.002743   0.000000     0.099306   0.000000   )
     freq (    9) =       6.020743 [THz] =     200.830372 [cm-1]
 ( -0.000000   0.000000     0.000000   0.000000    -0.000000   0.000000   )
 (  0.000000   0.000000    -0.000000   0.000000    -0.000000   0.000000   )
 (  0.000000   0.000000     0.000000   0.000000    -0.190142   0.000000   )
 ( -0.000000   0.000000    -0.000000   0.000000     0.190142   0.000000   )
 (  0.293327   0.000000     0.169353   0.000000    -0.199736   0.000000   )
 (  0.000000   0.000000    -0.338705   0.000000    -0.199735   0.000000   )
 ( -0.293327   0.000000     0.169353   0.000000    -0.199736   0.000000   )
 ( -0.000000   0.000000     0.338705   0.000000     0.199735   0.000000   )
 (  0.293327   0.000000    -0.169353   0.000000     0.199736   0.000000   )
 ( -0.293327   0.000000    -0.169353   0.000000     0.199736   0.000000   )
     freq (   10) =       6.093546 [THz] =     203.258821 [cm-1]
 ( -0.603052   0.000000    -0.172625   0.000000     0.000000   0.000000   )
 (  0.603052   0.000000    -0.172625   0.000000     0.000000   0.000000   )
 ( -0.000000   0.000000     0.065826   0.000000    -0.000000   0.000000   )
 (  0.000000   0.000000     0.065826   0.000000    -0.000000   0.000000   )
 (  0.022922   0.000000     0.115534   0.000000    -0.091607   0.000000   )
 ( -0.000000   0.000000     0.155236   0.000000     0.183213   0.000000   )
 ( -0.022922   0.000000     0.115534   0.000000    -0.091607   0.000000   )
 (  0.000000   0.000000     0.155236   0.000000     0.183213   0.000000   )
 ( -0.022922   0.000000     0.115534   0.000000    -0.091607   0.000000   )
 (  0.022922   0.000000     0.115534   0.000000    -0.091607   0.000000   )
     freq (   11) =       6.365051 [THz] =     212.315253 [cm-1]
 ( -0.032439   0.000000     0.520794   0.000000     0.000000   0.000000   )
 ( -0.032439   0.000000    -0.520794   0.000000    -0.000000   0.000000   )
 ( -0.008404   0.000000    -0.000000   0.000000     0.000000   0.000000   )
 ( -0.008404   0.000000     0.000000   0.000000    -0.000000   0.000000   )
 (  0.046827   0.000000     0.028932   0.000000    -0.332852   0.000000   )
 ( -0.003286   0.000000     0.000000   0.000000     0.000000   0.000000   )
 (  0.046827   0.000000    -0.028932   0.000000     0.332852   0.000000   )
 ( -0.003286   0.000000    -0.000000   0.000000    -0.000000   0.000000   )
 (  0.046827   0.000000    -0.028932   0.000000     0.332852   0.000000   )
 (  0.046827   0.000000     0.028932   0.000000    -0.332852   0.000000   )
     freq (   12) =       7.456517 [THz] =     248.722631 [cm-1]
 ( -0.000000   0.000000     0.000000   0.000000    -0.705826   0.000000   )
 ( -0.000000   0.000000    -0.000000   0.000000     0.705826   0.000000   )
 (  0.000000   0.000000     0.000000   0.000000     0.000000   0.000000   )
 (  0.000000   0.000000     0.000000   0.000000     0.000000   0.000000   )
 (  0.012279   0.000000    -0.021267   0.000000    -0.000000   0.000000   )
 ( -0.024557   0.000000     0.000000   0.000000    -0.000000   0.000000   )
 (  0.012279   0.000000     0.021267   0.000000     0.000000   0.000000   )
 ( -0.024557   0.000000     0.000000   0.000000    -0.000000   0.000000   )
 (  0.012279   0.000000     0.021267   0.000000     0.000000   0.000000   )
 (  0.012279   0.000000    -0.021267   0.000000    -0.000000   0.000000   )
     freq (   13) =       7.538126 [THz] =     251.444819 [cm-1]
 ( -0.000000   0.000000     0.000000   0.000000    -0.312554   0.000000   )
 (  0.000000   0.000000     0.000000   0.000000    -0.312554   0.000000   )
 (  0.000000   0.000000    -0.000000   0.000000     0.230849   0.000000   )
 ( -0.000000   0.000000    -0.000000   0.000000     0.230849   0.000000   )
 (  0.237156   0.000000     0.136922   0.000000     0.203344   0.000000   )
 (  0.000000   0.000000    -0.273845   0.000000     0.203344   0.000000   )
 ( -0.237156   0.000000     0.136922   0.000000     0.203344   0.000000   )
 (  0.000000   0.000000    -0.273845   0.000000     0.203344   0.000000   )
 ( -0.237156   0.000000     0.136922   0.000000     0.203344   0.000000   )
 (  0.237156   0.000000     0.136922   0.000000     0.203344   0.000000   )
     freq (   14) =       7.606264 [THz] =     253.717642 [cm-1]
 ( -0.087385   0.000000     0.323017   0.000000     0.000000   0.000000   )
 (  0.087385   0.000000     0.323017   0.000000     0.000000   0.000000   )
 ( -0.000000   0.000000    -0.204701   0.000000    -0.000000   0.000000   )
 (  0.000000   0.000000    -0.204701   0.000000    -0.000000   0.000000   )
 (  0.014840   0.000000    -0.227093   0.000000    -0.183476   0.000000   )
 ( -0.000000   0.000000    -0.201390   0.000000     0.366952   0.000000   )
 ( -0.014840   0.000000    -0.227093   0.000000    -0.183476   0.000000   )
 (  0.000000   0.000000    -0.201390   0.000000     0.366952   0.000000   )
 ( -0.014840   0.000000    -0.227093   0.000000    -0.183476   0.000000   )
 (  0.014840   0.000000    -0.227093   0.000000    -0.183476   0.000000   )
     freq (   15) =       8.094512 [THz] =     270.003867 [cm-1]
 (  0.000000   0.000000    -0.000000   0.000000    -0.000000   0.000000   )
 ( -0.000000   0.000000    -0.000000   0.000000    -0.000000   0.000000   )
 ( -0.080727   0.000000     0.000000   0.000000     0.000000   0.000000   )
 (  0.080727   0.000000    -0.000000   0.000000    -0.000000   0.000000   )
 ( -0.067588   0.000000     0.009499   0.000000    -0.488418   0.000000   )
 ( -0.084041   0.000000     0.000000   0.000000    -0.000000   0.000000   )
 ( -0.067588   0.000000    -0.009499   0.000000     0.488418   0.000000   )
 (  0.084041   0.000000    -0.000000   0.000000     0.000000   0.000000   )
 (  0.067588   0.000000     0.009499   0.000000    -0.488418   0.000000   )
 (  0.067588   0.000000    -0.009499   0.000000     0.488418   0.000000   )
     freq (   16) =       8.094512 [THz] =     270.003871 [cm-1]
 ( -0.000000   0.000000     0.000000   0.000000     0.000000   0.000000   )
 (  0.000000   0.000000     0.000000   0.000000     0.000000   0.000000   )
 (  0.000000   0.000000     0.080727   0.000000     0.000000   0.000000   )
 ( -0.000000   0.000000    -0.080727   0.000000    -0.000000   0.000000   )
 ( -0.009499   0.000000     0.078557   0.000000     0.281988   0.000000   )
 (  0.000000   0.000000     0.062103   0.000000    -0.563976   0.000000   )
 (  0.009499   0.000000     0.078557   0.000000     0.281988   0.000000   )
 ( -0.000000   0.000000    -0.062103   0.000000     0.563976   0.000000   )
 ( -0.009499   0.000000    -0.078557   0.000000    -0.281988   0.000000   )
 (  0.009499   0.000000    -0.078557   0.000000    -0.281988   0.000000   )
     freq (   17) =       8.605398 [THz] =     287.045164 [cm-1]
 ( -0.000000   0.000000    -0.000000   0.000000    -0.000000   0.000000   )
 ( -0.000000   0.000000    -0.000000   0.000000    -0.000000   0.000000   )
 ( -0.000000   0.000000    -0.000000   0.000000     0.328848   0.000000   )
 ( -0.000000   0.000000     0.000000   0.000000    -0.328848   0.000000   )
 (  0.187706   0.000000     0.108372   0.000000     0.289209   0.000000   )
 ( -0.000000   0.000000    -0.216744   0.000000     0.289209   0.000000   )
 ( -0.187706   0.000000     0.108372   0.000000     0.289209   0.000000   )
 ( -0.000000   0.000000     0.216744   0.000000    -0.289209   0.000000   )
 (  0.187706   0.000000    -0.108372   0.000000    -0.289209   0.000000   )
 ( -0.187706   0.000000    -0.108372   0.000000    -0.289209   0.000000   )
     freq (   18) =      10.769996 [THz] =     359.248403 [cm-1]
 ( -0.398722   0.000000     0.036752   0.000000     0.000000   0.000000   )
 ( -0.398722   0.000000    -0.036752   0.000000    -0.000000   0.000000   )
 (  0.316347   0.000000    -0.000000   0.000000     0.000000   0.000000   )
 (  0.316347   0.000000    -0.000000   0.000000    -0.000000   0.000000   )
 (  0.252777   0.000000    -0.002044   0.000000     0.151815   0.000000   )
 (  0.256317   0.000000    -0.000000   0.000000     0.000000   0.000000   )
 (  0.252777   0.000000     0.002044   0.000000    -0.151815   0.000000   )
 (  0.256317   0.000000     0.000000   0.000000     0.000000   0.000000   )
 (  0.252777   0.000000     0.002044   0.000000    -0.151815   0.000000   )
 (  0.252777   0.000000    -0.002044   0.000000     0.151815   0.000000   )
     freq (   19) =      20.316100 [THz] =     677.672165 [cm-1]
 (  0.000000   0.000000     0.000000   0.000000     0.000000   0.000000   )
 ( -0.000000   0.000000     0.000000   0.000000     0.000000   0.000000   )
 ( -0.000000   0.000000    -0.220424   0.000000    -0.000000   0.000000   )
 (  0.000000   0.000000     0.220424   0.000000     0.000000   0.000000   )
 (  0.332793   0.000000    -0.140649   0.000000     0.008698   0.000000   )
 ( -0.000000   0.000000     0.435766   0.000000    -0.017396   0.000000   )
 ( -0.332793   0.000000    -0.140649   0.000000     0.008698   0.000000   )
 (  0.000000   0.000000    -0.435766   0.000000     0.017396   0.000000   )
 (  0.332793   0.000000     0.140649   0.000000    -0.008698   0.000000   )
 ( -0.332793   0.000000     0.140649   0.000000    -0.008698   0.000000   )
     freq (   20) =      20.316101 [THz] =     677.672170 [cm-1]
 (  0.000000   0.000000     0.000000   0.000000    -0.000000   0.000000   )
 ( -0.000000   0.000000     0.000000   0.000000    -0.000000   0.000000   )
 (  0.220424   0.000000    -0.000000   0.000000    -0.000000   0.000000   )
 ( -0.220424   0.000000     0.000000   0.000000     0.000000   0.000000   )
 ( -0.243628   0.000000    -0.332793   0.000000    -0.015065   0.000000   )
 (  0.332787   0.000000     0.000000   0.000000    -0.000000   0.000000   )
 ( -0.243628   0.000000     0.332793   0.000000     0.015065   0.000000   )
 ( -0.332787   0.000000    -0.000000   0.000000     0.000000   0.000000   )
 (  0.243628   0.000000    -0.332793   0.000000    -0.015065   0.000000   )
 (  0.243628   0.000000     0.332793   0.000000     0.015065   0.000000   )
     freq (   21) =      20.342573 [THz] =     678.555212 [cm-1]
 ( -0.015633   0.000000    -0.007397   0.000000     0.000000   0.000000   )
 (  0.015633   0.000000    -0.007397   0.000000     0.000000   0.000000   )
 (  0.000000   0.000000     0.227836   0.000000     0.000000   0.000000   )
 ( -0.000000   0.000000     0.227836   0.000000     0.000000   0.000000   )
 ( -0.330609   0.000000     0.139982   0.000000    -0.021651   0.000000   )
 (  0.000000   0.000000    -0.432649   0.000000     0.043302   0.000000   )
 (  0.330609   0.000000     0.139982   0.000000    -0.021651   0.000000   )
 ( -0.000000   0.000000    -0.432649   0.000000     0.043302   0.000000   )
 (  0.330609   0.000000     0.139982   0.000000    -0.021651   0.000000   )
 ( -0.330609   0.000000     0.139982   0.000000    -0.021651   0.000000   )
     freq (   22) =      20.370433 [THz] =     679.484492 [cm-1]
 ( -0.001242   0.000000    -0.014366   0.000000    -0.000000   0.000000   )
 ( -0.001242   0.000000     0.014366   0.000000     0.000000   0.000000   )
 ( -0.212264   0.000000     0.000000   0.000000    -0.000000   0.000000   )
 ( -0.212264   0.000000     0.000000   0.000000     0.000000   0.000000   )
 (  0.246318   0.000000     0.332732   0.000000     0.039214   0.000000   )
 ( -0.329991   0.000000    -0.000000   0.000000     0.000000   0.000000   )
 (  0.246318   0.000000    -0.332732   0.000000    -0.039214   0.000000   )
 ( -0.329991   0.000000    -0.000000   0.000000     0.000000   0.000000   )
 (  0.246318   0.000000    -0.332732   0.000000    -0.039214   0.000000   )
 (  0.246318   0.000000     0.332732   0.000000     0.039214   0.000000   )
     freq (   23) =      24.749487 [THz] =     825.554037 [cm-1]
 (  0.000000   0.000000    -0.000000   0.000000     0.000854   0.000000   )
 ( -0.000000   0.000000    -0.000000   0.000000     0.000854   0.000000   )
 (  0.000000   0.000000    -0.000000   0.000000     0.647895   0.000000   )
 ( -0.000000   0.000000    -0.000000   0.000000     0.647895   0.000000   )
 ( -0.012933   0.000000    -0.007467   0.000000    -0.162852   0.000000   )
 ( -0.000000   0.000000     0.014933   0.000000    -0.162852   0.000000   )
 (  0.012933   0.000000    -0.007467   0.000000    -0.162852   0.000000   )
 ( -0.000000   0.000000     0.014933   0.000000    -0.162852   0.000000   )
 (  0.012933   0.000000    -0.007467   0.000000    -0.162852   0.000000   )
 ( -0.012933   0.000000    -0.007467   0.000000    -0.162852   0.000000   )
     freq (   24) =      24.830082 [THz] =     828.242379 [cm-1]
 ( -0.000000   0.000000    -0.000000   0.000000     0.000000   0.000000   )
 ( -0.000000   0.000000     0.000000   0.000000     0.000000   0.000000   )
 ( -0.000000   0.000000    -0.000000   0.000000     0.640098   0.000000   )
 ( -0.000000   0.000000     0.000000   0.000000    -0.640098   0.000000   )
 ( -0.010500   0.000000    -0.006062   0.000000    -0.173045   0.000000   )
 ( -0.000000   0.000000     0.012125   0.000000    -0.173045   0.000000   )
 (  0.010500   0.000000    -0.006062   0.000000    -0.173045   0.000000   )
 ( -0.000000   0.000000    -0.012125   0.000000     0.173045   0.000000   )
 ( -0.010500   0.000000     0.006062   0.000000     0.173045   0.000000   )
 (  0.010500   0.000000     0.006062   0.000000     0.173045   0.000000   )
     freq (   25) =      31.568011 [THz] =    1052.995513 [cm-1]
 ( -0.000000   0.000000    -0.000000   0.000000    -0.017006   0.000000   )
 ( -0.000000   0.000000     0.000000   0.000000     0.017006   0.000000   )
 (  0.000000   0.000000    -0.000000   0.000000    -0.000000   0.000000   )
 (  0.000000   0.000000     0.000000   0.000000     0.000000   0.000000   )
 ( -0.204065   0.000000     0.353451   0.000000     0.000000   0.000000   )
 (  0.408130   0.000000    -0.000000   0.000000     0.000000   0.000000   )
 ( -0.204065   0.000000    -0.353451   0.000000    -0.000000   0.000000   )
 (  0.408130   0.000000     0.000000   0.000000    -0.000000   0.000000   )
 ( -0.204065   0.000000    -0.353451   0.000000    -0.000000   0.000000   )
 ( -0.204065   0.000000     0.353451   0.000000     0.000000   0.000000   )
     freq (   26) =      31.590833 [THz] =    1053.756765 [cm-1]
 ( -0.000000   0.000000    -0.000000   0.000000    -0.000000   0.000000   )
 (  0.000000   0.000000     0.000000   0.000000     0.000000   0.000000   )
 ( -0.000000   0.000000    -0.000000   0.000000    -0.000000   0.000000   )
 (  0.000000   0.000000    -0.000000   0.000000    -0.000000   0.000000   )
 ( -0.204124   0.000000     0.353553   0.000000    -0.000000   0.000000   )
 (  0.408248   0.000000    -0.000000   0.000000    -0.000000   0.000000   )
 ( -0.204124   0.000000    -0.353553   0.000000     0.000000   0.000000   )
 ( -0.408248   0.000000    -0.000000   0.000000    -0.000000   0.000000   )
 (  0.204124   0.000000     0.353553   0.000000    -0.000000   0.000000   )
 (  0.204124   0.000000    -0.353553   0.000000     0.000000   0.000000   )
     freq (   27) =      40.695765 [THz] =    1357.464594 [cm-1]
 ( -0.008177   0.000000    -0.010717   0.000000    -0.000000   0.000000   )
 (  0.008177   0.000000    -0.010717   0.000000    -0.000000   0.000000   )
 ( -0.000000   0.000000     0.628334   0.000000    -0.000000   0.000000   )
 (  0.000000   0.000000     0.628334   0.000000    -0.000000   0.000000   )
 (  0.098812   0.000000    -0.205326   0.000000    -0.000333   0.000000   )
 (  0.000000   0.000000    -0.034179   0.000000     0.000667   0.000000   )
 ( -0.098812   0.000000    -0.205326   0.000000    -0.000333   0.000000   )
 ( -0.000000   0.000000    -0.034179   0.000000     0.000667   0.000000   )
 ( -0.098812   0.000000    -0.205326   0.000000    -0.000333   0.000000   )
 (  0.098812   0.000000    -0.205326   0.000000    -0.000333   0.000000   )
     freq (   28) =      41.779990 [THz] =    1393.630458 [cm-1]
 (  0.000000   0.000000    -0.000000   0.000000    -0.000000   0.000000   )
 (  0.000000   0.000000     0.000000   0.000000     0.000000   0.000000   )
 (  0.629157   0.000000     0.000000   0.000000     0.000000   0.000000   )
 ( -0.629157   0.000000    -0.000000   0.000000     0.000000   0.000000   )
 ( -0.094830   0.000000     0.095659   0.000000    -0.001637   0.000000   )
 ( -0.260516   0.000000    -0.000000   0.000000     0.000000   0.000000   )
 ( -0.094830   0.000000    -0.095659   0.000000     0.001637   0.000000   )
 (  0.260516   0.000000     0.000000   0.000000    -0.000000   0.000000   )
 (  0.094830   0.000000     0.095659   0.000000    -0.001637   0.000000   )
 (  0.094830   0.000000    -0.095659   0.000000     0.001637   0.000000   )
     freq (   29) =      41.779990 [THz] =    1393.630460 [cm-1]
 (  0.000000   0.000000    -0.000000   0.000000    -0.000000   0.000000   )
 ( -0.000000   0.000000     0.000000   0.000000    -0.000000   0.000000   )
 (  0.000000   0.000000    -0.629157   0.000000    -0.000000   0.000000   )
 ( -0.000000   0.000000     0.629157   0.000000     0.000000   0.000000   )
 ( -0.095659   0.000000     0.205288   0.000000     0.000945   0.000000   )
 ( -0.000000   0.000000     0.039601   0.000000    -0.001890   0.000000   )
 (  0.095659   0.000000     0.205288   0.000000     0.000945   0.000000   )
 (  0.000000   0.000000    -0.039601   0.000000     0.001890   0.000000   )
 ( -0.095659   0.000000    -0.205288   0.000000    -0.000945   0.000000   )
 (  0.095659   0.000000    -0.205288   0.000000    -0.000945   0.000000   )
     freq (   30) =      45.067314 [THz] =    1503.283768 [cm-1]
 ( -0.016443   0.000000    -0.004528   0.000000     0.000000   0.000000   )
 ( -0.016443   0.000000     0.004528   0.000000    -0.000000   0.000000   )
 ( -0.615843   0.000000     0.000000   0.000000    -0.000000   0.000000   )
 ( -0.615843   0.000000    -0.000000   0.000000     0.000000   0.000000   )
 (  0.113150   0.000000    -0.094716   0.000000     0.005286   0.000000   )
 (  0.277204   0.000000     0.000000   0.000000     0.000000   0.000000   )
 (  0.113150   0.000000     0.094716   0.000000    -0.005286   0.000000   )
 (  0.277204   0.000000     0.000000   0.000000    -0.000000   0.000000   )
 (  0.113150   0.000000     0.094716   0.000000    -0.005286   0.000000   )
 (  0.113150   0.000000    -0.094716   0.000000     0.005286   0.000000   )
 **************************************************************************
