     diagonalizing the dynamical matrix ...

 q =       0.0000      0.0000      0.0000
 **************************************************************************
     freq (    1) =      -0.382478 [THz] =     -12.758085 [cm-1]
 (  0.000000   0.000000    -0.000015   0.000000    -0.315967   0.000000   )
 ( -0.000000   0.000000    -0.000015   0.000000    -0.315967   0.000000   )
 (  0.000000   0.000000    -0.000015   0.000000    -0.316214   0.000000   )
 (  0.000000   0.000000    -0.000015   0.000000    -0.316214   0.000000   )
 (  0.000184   0.000000     0.000091   0.000000    -0.316319   0.000000   )
 (  0.000000   0.000000    -0.000227   0.000000    -0.316319   0.000000   )
 ( -0.000184   0.000000     0.000091   0.000000    -0.316319   0.000000   )
 (  0.000000   0.000000    -0.000227   0.000000    -0.316319   0.000000   )
 ( -0.000184   0.000000     0.000091   0.000000    -0.316319   0.000000   )
 (  0.000184   0.000000     0.000091   0.000000    -0.316319   0.000000   )
     freq (    2) =      -0.348754 [THz] =     -11.633165 [cm-1]
 (  0.000165   0.000000    -0.316908   0.000000     0.000015   0.000000   )
 ( -0.000165   0.000000    -0.316908   0.000000     0.000015   0.000000   )
 ( -0.000000   0.000000    -0.316107   0.000000     0.000015   0.000000   )
 ( -0.000000   0.000000    -0.316107   0.000000     0.000015   0.000000   )
 (  0.000110   0.000000    -0.316102   0.000000    -0.000822   0.000000   )
 ( -0.000000   0.000000    -0.315911   0.000000     0.001689   0.000000   )
 ( -0.000110   0.000000    -0.316102   0.000000    -0.000822   0.000000   )
 ( -0.000000   0.000000    -0.315911   0.000000     0.001689   0.000000   )
 ( -0.000110   0.000000    -0.316102   0.000000    -0.000822   0.000000   )
 (  0.000110   0.000000    -0.316102   0.000000    -0.000822   0.000000   )
     freq (    3) =      -0.348752 [THz] =     -11.633115 [cm-1]
 (  0.316756   0.000000     0.000146   0.000000    -0.000000   0.000000   )
 (  0.316756   0.000000    -0.000146   0.000000     0.000000   0.000000   )
 (  0.316123   0.000000    -0.000000   0.000000     0.000000   0.000000   )
 (  0.316123   0.000000    -0.000000   0.000000     0.000000   0.000000   )
 (  0.316025   0.000000    -0.000104   0.000000     0.001334   0.000000   )
 (  0.316205   0.000000    -0.000000   0.000000     0.000000   0.000000   )
 (  0.316025   0.000000     0.000104   0.000000    -0.001334   0.000000   )
 (  0.316205   0.000000    -0.000000   0.000000     0.000000   0.000000   )
 (  0.316025   0.000000     0.000104   0.000000    -0.001334   0.000000   )
 (  0.316025   0.000000    -0.000104   0.000000     0.001334   0.000000   )
     freq (    4) =       3.177078 [THz] =     105.975909 [cm-1]
 (  0.000001   0.000000    -0.000001   0.000000    -0.209906   0.000000   )
 ( -0.000001   0.000000    -0.000001   0.000000    -0.209906   0.000000   )
 ( -0.000000   0.000000     0.000000   0.000000     0.117124   0.000000   )
 (  0.000000   0.000000     0.000000   0.000000     0.117124   0.000000   )
 ( -0.307682   0.000000    -0.177640   0.000000     0.145541   0.000000   )
 ( -0.000000   0.000000     0.355282   0.000000     0.145543   0.000000   )
 (  0.307682   0.000000    -0.177640   0.000000     0.145541   0.000000   )
 (  0.000000   0.000000     0.355282   0.000000     0.145543   0.000000   )
 (  0.307682   0.000000    -0.177640   0.000000     0.145541   0.000000   )
 ( -0.307682   0.000000    -0.177640   0.000000     0.145541   0.000000   )
     freq (    5) =       3.255289 [THz] =     108.584747 [cm-1]
 (  0.184385   0.000000    -0.169433   0.000000     0.000001   0.000000   )
 ( -0.184385   0.000000    -0.169433   0.000000     0.000001   0.000000   )
 (  0.000000   0.000000     0.093600   0.000000    -0.000000   0.000000   )
 (  0.000000   0.000000     0.093600   0.000000    -0.000000   0.000000   )
 (  0.019021   0.000000     0.108889   0.000000    -0.252976   0.000000   )
 (  0.000000   0.000000     0.141830   0.000000     0.505951   0.000000   )
 ( -0.019021   0.000000     0.108889   0.000000    -0.252976   0.000000   )
 ( -0.000000   0.000000     0.141830   0.000000     0.505951   0.000000   )
 ( -0.019021   0.000000     0.108889   0.000000    -0.252976   0.000000   )
 (  0.019021   0.000000     0.108889   0.000000    -0.252976   0.000000   )
     freq (    6) =       3.659896 [THz] =     122.081002 [cm-1]
 (  0.104119   0.000000     0.233275   0.000000    -0.000000   0.000000   )
 (  0.104119   0.000000    -0.233275   0.000000     0.000000   0.000000   )
 ( -0.065652   0.000000     0.000000   0.000000    -0.000000   0.000000   )
 ( -0.065652   0.000000     0.000000   0.000000    -0.000000   0.000000   )
 ( -0.082557   0.000000    -0.018162   0.000000     0.454714   0.000000   )
 ( -0.051098   0.000000     0.000000   0.000000     0.000000   0.000000   )
 ( -0.082557   0.000000     0.018162   0.000000    -0.454714   0.000000   )
 ( -0.051098   0.000000    -0.000000   0.000000     0.000000   0.000000   )
 ( -0.082557   0.000000     0.018162   0.000000    -0.454714   0.000000   )
 ( -0.082557   0.000000    -0.018162   0.000000     0.454714   0.000000   )
     freq (    7) =       4.483773 [THz] =     149.562560 [cm-1]
 (  0.000000   0.000000    -0.000000   0.000000     0.000000   0.000000   )
 (  0.000000   0.000000    -0.000000   0.000000     0.000000   0.000000   )
 ( -0.312201   0.000000    -0.000000   0.000000     0.000000   0.000000   )
 (  0.312201   0.000000     0.000000   0.000000    -0.000000   0.000000   )
 ( -0.338313   0.000000    -0.006936   0.000000     0.183102   0.000000   )
 ( -0.326299   0.000000    -0.000000   0.000000    -0.000000   0.000000   )
 ( -0.338313   0.000000     0.006936   0.000000    -0.183102   0.000000   )
 (  0.326299   0.000000     0.000000   0.000000     0.000000   0.000000   )
 (  0.338313   0.000000    -0.006936   0.000000     0.183102   0.000000   )
 (  0.338313   0.000000     0.006936   0.000000    -0.183102   0.000000   )
     freq (    8) =       4.483774 [THz] =     149.562587 [cm-1]
 ( -0.000000   0.000000    -0.000000   0.000000    -0.000000   0.000000   )
 (  0.000000   0.000000     0.000000   0.000000    -0.000000   0.000000   )
 ( -0.000000   0.000000     0.312201   0.000000    -0.000000   0.000000   )
 (  0.000000   0.000000    -0.312201   0.000000     0.000000   0.000000   )
 (  0.006936   0.000000     0.330303   0.000000    -0.105714   0.000000   )
 ( -0.000000   0.000000     0.342317   0.000000     0.211428   0.000000   )
 ( -0.006936   0.000000     0.330303   0.000000    -0.105714   0.000000   )
 (  0.000000   0.000000    -0.342317   0.000000    -0.211428   0.000000   )
 (  0.006936   0.000000    -0.330303   0.000000     0.105714   0.000000   )
 ( -0.006936   0.000000    -0.330303   0.000000     0.105714   0.000000   )
     freq (    9) =       5.220315 [THz] =     174.130951 [cm-1]
 ( -0.000000   0.000000    -0.000000   0.000000    -0.000000   0.000000   )
 (  0.000000   0.000000     0.000000   0.000000    -0.000000   0.000000   )
 (  0.000000   0.000000     0.000000   0.000000     0.212478   0.000000   )
 ( -0.000000   0.000000    -0.000000   0.000000    -0.212478   0.000000   )
 ( -0.278803   0.000000    -0.160967   0.000000     0.219035   0.000000   )
 (  0.000000   0.000000     0.321934   0.000000     0.219035   0.000000   )
 (  0.278803   0.000000    -0.160967   0.000000     0.219035   0.000000   )
 ( -0.000000   0.000000    -0.321934   0.000000    -0.219035   0.000000   )
 ( -0.278803   0.000000     0.160967   0.000000    -0.219035   0.000000   )
 (  0.278803   0.000000     0.160967   0.000000    -0.219035   0.000000   )
     freq (   10) =       6.168328 [THz] =     205.753262 [cm-1]
 (  0.593809   0.000000     0.181457   0.000000    -0.000000   0.000000   )
 ( -0.593809   0.000000     0.181457   0.000000    -0.000000   0.000000   )
 ( -0.000000   0.000000    -0.072005   0.000000     0.000000   0.000000   )
 (  0.000000   0.000000    -0.072005   0.000000     0.000000   0.000000   )
 ( -0.026540   0.000000    -0.118838   0.000000     0.093509   0.000000   )
 ( -0.000000   0.000000    -0.164808   0.000000    -0.187019   0.000000   )
 (  0.026540   0.000000    -0.118838   0.000000     0.093509   0.000000   )
 (  0.000000   0.000000    -0.164808   0.000000    -0.187019   0.000000   )
 (  0.026540   0.000000    -0.118838   0.000000     0.093509   0.000000   )
 ( -0.026540   0.000000    -0.118838   0.000000     0.093509   0.000000   )
     freq (   11) =       6.494595 [THz] =     216.636374 [cm-1]
 ( -0.048696   0.000000     0.535424   0.000000     0.000000   0.000000   )
 ( -0.048696   0.000000    -0.535424   0.000000    -0.000000   0.000000   )
 (  0.002870   0.000000    -0.000000   0.000000    -0.000000   0.000000   )
 (  0.002870   0.000000    -0.000000   0.000000     0.000000   0.000000   )
 (  0.059309   0.000000     0.032177   0.000000    -0.317666   0.000000   )
 (  0.003577   0.000000    -0.000000   0.000000    -0.000000   0.000000   )
 (  0.059309   0.000000    -0.032177   0.000000     0.317666   0.000000   )
 (  0.003577   0.000000    -0.000000   0.000000    -0.000000   0.000000   )
 (  0.059309   0.000000    -0.032177   0.000000     0.317666   0.000000   )
 (  0.059309   0.000000     0.032177   0.000000    -0.317666   0.000000   )
     freq (   12) =       7.884875 [THz] =     263.011121 [cm-1]
 ( -0.000000   0.000000     0.000000   0.000000    -0.000000   0.000000   )
 (  0.000000   0.000000     0.000000   0.000000    -0.000000   0.000000   )
 (  0.000000   0.000000     0.143754   0.000000     0.000000   0.000000   )
 ( -0.000000   0.000000    -0.143754   0.000000    -0.000000   0.000000   )
 ( -0.015232   0.000000     0.143704   0.000000     0.265771   0.000000   )
 (  0.000000   0.000000     0.117322   0.000000    -0.531542   0.000000   )
 (  0.015232   0.000000     0.143704   0.000000     0.265771   0.000000   )
 ( -0.000000   0.000000    -0.117322   0.000000     0.531542   0.000000   )
 ( -0.015232   0.000000    -0.143704   0.000000    -0.265771   0.000000   )
 (  0.015232   0.000000    -0.143704   0.000000    -0.265771   0.000000   )
     freq (   13) =       7.884876 [THz] =     263.011139 [cm-1]
 ( -0.000000   0.000000     0.000000   0.000000    -0.000000   0.000000   )
 (  0.000000   0.000000     0.000000   0.000000     0.000000   0.000000   )
 (  0.143754   0.000000    -0.000000   0.000000    -0.000000   0.000000   )
 ( -0.143754   0.000000     0.000000   0.000000     0.000000   0.000000   )
 (  0.126116   0.000000    -0.015232   0.000000     0.460329   0.000000   )
 (  0.152498   0.000000    -0.000000   0.000000     0.000000   0.000000   )
 (  0.126116   0.000000     0.015232   0.000000    -0.460329   0.000000   )
 ( -0.152498   0.000000     0.000000   0.000000    -0.000000   0.000000   )
 ( -0.126116   0.000000    -0.015232   0.000000     0.460329   0.000000   )
 ( -0.126116   0.000000     0.015232   0.000000    -0.460329   0.000000   )
     freq (   14) =       8.066386 [THz] =     269.065671 [cm-1]
 ( -0.096666   0.000000     0.324981   0.000000     0.000000   0.000000   )
 (  0.096666   0.000000     0.324981   0.000000     0.000000   0.000000   )
 ( -0.000000   0.000000    -0.208973   0.000000    -0.000000   0.000000   )
 (  0.000000   0.000000    -0.208973   0.000000    -0.000000   0.000000   )
 (  0.016806   0.000000    -0.228583   0.000000    -0.180978   0.000000   )
 ( -0.000000   0.000000    -0.199474   0.000000     0.361956   0.000000   )
 ( -0.016806   0.000000    -0.228583   0.000000    -0.180978   0.000000   )
 (  0.000000   0.000000    -0.199474   0.000000     0.361956   0.000000   )
 ( -0.016806   0.000000    -0.228583   0.000000    -0.180978   0.000000   )
 (  0.016806   0.000000    -0.228583   0.000000    -0.180978   0.000000   )
     freq (   15) =       8.281709 [THz] =     276.248084 [cm-1]
 ( -0.000000   0.000000     0.000000   0.000000    -0.705408   0.000000   )
 ( -0.000000   0.000000    -0.000000   0.000000     0.705408   0.000000   )
 (  0.000000   0.000000    -0.000000   0.000000    -0.000000   0.000000   )
 (  0.000000   0.000000    -0.000000   0.000000    -0.000000   0.000000   )
 (  0.014141   0.000000    -0.024493   0.000000    -0.000000   0.000000   )
 ( -0.028282   0.000000     0.000000   0.000000    -0.000000   0.000000   )
 (  0.014141   0.000000     0.024493   0.000000     0.000000   0.000000   )
 ( -0.028282   0.000000     0.000000   0.000000     0.000000   0.000000   )
 (  0.014141   0.000000     0.024493   0.000000     0.000000   0.000000   )
 (  0.014141   0.000000    -0.024493   0.000000    -0.000000   0.000000   )
     freq (   16) =       8.318226 [THz] =     277.466137 [cm-1]
 ( -0.000000   0.000000     0.000000   0.000000    -0.321415   0.000000   )
 (  0.000000   0.000000     0.000000   0.000000    -0.321415   0.000000   )
 ( -0.000000   0.000000    -0.000000   0.000000     0.243297   0.000000   )
 (  0.000000   0.000000    -0.000000   0.000000     0.243297   0.000000   )
 (  0.228284   0.000000     0.131800   0.000000     0.207401   0.000000   )
 ( -0.000000   0.000000    -0.263599   0.000000     0.207401   0.000000   )
 ( -0.228284   0.000000     0.131800   0.000000     0.207401   0.000000   )
 (  0.000000   0.000000    -0.263599   0.000000     0.207401   0.000000   )
 ( -0.228284   0.000000     0.131800   0.000000     0.207401   0.000000   )
 (  0.228284   0.000000     0.131800   0.000000     0.207401   0.000000   )
     freq (   17) =       9.025944 [THz] =     301.073081 [cm-1]
 ( -0.000000   0.000000     0.000000   0.000000     0.000000   0.000000   )
 ( -0.000000   0.000000     0.000000   0.000000     0.000000   0.000000   )
 (  0.000000   0.000000    -0.000000   0.000000     0.323680   0.000000   )
 ( -0.000000   0.000000     0.000000   0.000000    -0.323680   0.000000   )
 (  0.207153   0.000000     0.119600   0.000000     0.272997   0.000000   )
 (  0.000000   0.000000    -0.239199   0.000000     0.272997   0.000000   )
 ( -0.207153   0.000000     0.119600   0.000000     0.272997   0.000000   )
 ( -0.000000   0.000000     0.239199   0.000000    -0.272997   0.000000   )
 (  0.207153   0.000000    -0.119600   0.000000    -0.272997   0.000000   )
 ( -0.207153   0.000000    -0.119600   0.000000    -0.272997   0.000000   )
     freq (   18) =      10.955544 [THz] =     365.437618 [cm-1]
 ( -0.392516   0.000000     0.023745   0.000000     0.000000   0.000000   )
 ( -0.392516   0.000000    -0.023745   0.000000    -0.000000   0.000000   )
 (  0.314499   0.000000    -0.000000   0.000000    -0.000000   0.000000   )
 (  0.314499   0.000000     0.000000   0.000000     0.000000   0.000000   )
 (  0.245092   0.000000    -0.007189   0.000000     0.173040   0.000000   )
 (  0.257544   0.000000     0.000000   0.000000     0.000000   0.000000   )
 (  0.245092   0.000000     0.007189   0.000000    -0.173040   0.000000   )
 (  0.257544   0.000000    -0.000000   0.000000     0.000000   0.000000   )
 (  0.245092   0.000000     0.007189   0.000000    -0.173040   0.000000   )
 (  0.245092   0.000000    -0.007189   0.000000     0.173040   0.000000   )
     freq (   19) =      20.538159 [THz] =     685.079248 [cm-1]
 (  0.019057   0.000000     0.006236   0.000000     0.000000   0.000000   )
 ( -0.019057   0.000000     0.006236   0.000000     0.000000   0.000000   )
 ( -0.000000   0.000000    -0.231900   0.000000     0.000000   0.000000   )
 (  0.000000   0.000000    -0.231900   0.000000     0.000000   0.000000   )
 (  0.329559   0.000000    -0.137406   0.000000     0.022363   0.000000   )
 ( -0.000000   0.000000     0.433406   0.000000    -0.044726   0.000000   )
 ( -0.329559   0.000000    -0.137406   0.000000     0.022363   0.000000   )
 (  0.000000   0.000000     0.433406   0.000000    -0.044726   0.000000   )
 ( -0.329559   0.000000    -0.137406   0.000000     0.022363   0.000000   )
 (  0.329559   0.000000    -0.137406   0.000000     0.022363   0.000000   )
     freq (   20) =      20.542881 [THz] =     685.236763 [cm-1]
 (  0.000000   0.000000     0.000000   0.000000    -0.000000   0.000000   )
 ( -0.000000   0.000000     0.000000   0.000000     0.000000   0.000000   )
 (  0.226971   0.000000    -0.000000   0.000000    -0.000000   0.000000   )
 ( -0.226971   0.000000     0.000000   0.000000     0.000000   0.000000   )
 ( -0.244293   0.000000    -0.331196   0.000000    -0.025190   0.000000   )
 (  0.329356   0.000000     0.000000   0.000000    -0.000000   0.000000   )
 ( -0.244293   0.000000     0.331196   0.000000     0.025190   0.000000   )
 ( -0.329356   0.000000    -0.000000   0.000000     0.000000   0.000000   )
 (  0.244293   0.000000    -0.331196   0.000000    -0.025190   0.000000   )
 (  0.244293   0.000000     0.331196   0.000000     0.025190   0.000000   )
     freq (   21) =      20.542881 [THz] =     685.236765 [cm-1]
 (  0.000000   0.000000     0.000000   0.000000    -0.000000   0.000000   )
 ( -0.000000   0.000000    -0.000000   0.000000    -0.000000   0.000000   )
 ( -0.000000   0.000000    -0.226971   0.000000    -0.000000   0.000000   )
 (  0.000000   0.000000     0.226971   0.000000     0.000000   0.000000   )
 (  0.331196   0.000000    -0.138140   0.000000     0.014543   0.000000   )
 ( -0.000000   0.000000     0.435509   0.000000    -0.029087   0.000000   )
 ( -0.331196   0.000000    -0.138140   0.000000     0.014543   0.000000   )
 (  0.000000   0.000000    -0.435509   0.000000     0.029087   0.000000   )
 (  0.331196   0.000000     0.138140   0.000000    -0.014543   0.000000   )
 ( -0.331196   0.000000     0.138140   0.000000    -0.014543   0.000000   )
     freq (   22) =      20.581302 [THz] =     686.518346 [cm-1]
 ( -0.004223   0.000000    -0.017645   0.000000    -0.000000   0.000000   )
 ( -0.004223   0.000000     0.017645   0.000000     0.000000   0.000000   )
 ( -0.213028   0.000000    -0.000000   0.000000    -0.000000   0.000000   )
 ( -0.213028   0.000000     0.000000   0.000000    -0.000000   0.000000   )
 (  0.248633   0.000000     0.332118   0.000000     0.041059   0.000000   )
 ( -0.326612   0.000000     0.000000   0.000000    -0.000000   0.000000   )
 (  0.248633   0.000000    -0.332118   0.000000    -0.041059   0.000000   )
 ( -0.326612   0.000000    -0.000000   0.000000     0.000000   0.000000   )
 (  0.248633   0.000000    -0.332118   0.000000    -0.041059   0.000000   )
 (  0.248633   0.000000     0.332118   0.000000     0.041059   0.000000   )
     freq (   23) =      24.898787 [THz] =     830.534134 [cm-1]
 ( -0.000000   0.000000     0.000000   0.000000     0.003642   0.000000   )
 (  0.000000   0.000000     0.000000   0.000000     0.003642   0.000000   )
 ( -0.000000   0.000000     0.000000   0.000000     0.646376   0.000000   )
 ( -0.000000   0.000000     0.000000   0.000000     0.646376   0.000000   )
 ( -0.013823   0.000000    -0.007981   0.000000    -0.164743   0.000000   )
 (  0.000000   0.000000     0.015961   0.000000    -0.164743   0.000000   )
 (  0.013823   0.000000    -0.007981   0.000000    -0.164743   0.000000   )
 ( -0.000000   0.000000     0.015961   0.000000    -0.164743   0.000000   )
 (  0.013823   0.000000    -0.007981   0.000000    -0.164743   0.000000   )
 ( -0.013823   0.000000    -0.007981   0.000000    -0.164743   0.000000   )
     freq (   24) =      25.040222 [THz] =     835.251884 [cm-1]
 (  0.000000   0.000000     0.000000   0.000000     0.000000   0.000000   )
 (  0.000000   0.000000    -0.000000   0.000000     0.000000   0.000000   )
 (  0.000000   0.000000     0.000000   0.000000     0.637312   0.000000   )
 ( -0.000000   0.000000    -0.000000   0.000000    -0.637312   0.000000   )
 ( -0.012692   0.000000    -0.007328   0.000000    -0.176247   0.000000   )
 (  0.000000   0.000000     0.014656   0.000000    -0.176247   0.000000   )
 (  0.012692   0.000000    -0.007328   0.000000    -0.176247   0.000000   )
 (  0.000000   0.000000    -0.014656   0.000000     0.176247   0.000000   )
 ( -0.012692   0.000000     0.007328   0.000000     0.176247   0.000000   )
 (  0.012692   0.000000     0.007328   0.000000     0.176247   0.000000   )
     freq (   25) =      31.962426 [THz] =    1066.151774 [cm-1]
 (  0.000000   0.000000     0.000000   0.000000     0.019595   0.000000   )
 (  0.000000   0.000000    -0.000000   0.000000    -0.019595   0.000000   )
 (  0.000000   0.000000    -0.000000   0.000000     0.000000   0.000000   )
 (  0.000000   0.000000     0.000000   0.000000    -0.000000   0.000000   )
 (  0.204046   0.000000    -0.353418   0.000000    -0.000000   0.000000   )
 ( -0.408092   0.000000    -0.000000   0.000000    -0.000000   0.000000   )
 (  0.204046   0.000000     0.353418   0.000000     0.000000   0.000000   )
 ( -0.408092   0.000000     0.000000   0.000000     0.000000   0.000000   )
 (  0.204046   0.000000     0.353418   0.000000     0.000000   0.000000   )
 (  0.204046   0.000000    -0.353418   0.000000    -0.000000   0.000000   )
     freq (   26) =      31.983391 [THz] =    1066.851092 [cm-1]
 (  0.000000   0.000000    -0.000000   0.000000    -0.000000   0.000000   )
 (  0.000000   0.000000     0.000000   0.000000     0.000000   0.000000   )
 (  0.000000   0.000000     0.000000   0.000000    -0.000000   0.000000   )
 ( -0.000000   0.000000    -0.000000   0.000000    -0.000000   0.000000   )
 ( -0.204124   0.000000     0.353553   0.000000    -0.000000   0.000000   )
 (  0.408248   0.000000     0.000000   0.000000    -0.000000   0.000000   )
 ( -0.204124   0.000000    -0.353553   0.000000     0.000000   0.000000   )
 ( -0.408248   0.000000     0.000000   0.000000    -0.000000   0.000000   )
 (  0.204124   0.000000     0.353553   0.000000    -0.000000   0.000000   )
 (  0.204124   0.000000    -0.353553   0.000000     0.000000   0.000000   )
     freq (   27) =      41.358314 [THz] =    1379.564855 [cm-1]
 ( -0.006976   0.000000    -0.009974   0.000000     0.000000   0.000000   )
 (  0.006976   0.000000    -0.009974   0.000000     0.000000   0.000000   )
 (  0.000000   0.000000     0.626787   0.000000    -0.000000   0.000000   )
 (  0.000000   0.000000     0.626787   0.000000    -0.000000   0.000000   )
 (  0.101054   0.000000    -0.206826   0.000000    -0.000431   0.000000   )
 ( -0.000000   0.000000    -0.031795   0.000000     0.000862   0.000000   )
 ( -0.101054   0.000000    -0.206826   0.000000    -0.000431   0.000000   )
 (  0.000000   0.000000    -0.031795   0.000000     0.000862   0.000000   )
 ( -0.101054   0.000000    -0.206826   0.000000    -0.000431   0.000000   )
 (  0.101054   0.000000    -0.206826   0.000000    -0.000431   0.000000   )
     freq (   28) =      42.267599 [THz] =    1409.895348 [cm-1]
 ( -0.000000   0.000000    -0.000000   0.000000    -0.000000   0.000000   )
 ( -0.000000   0.000000    -0.000000   0.000000    -0.000000   0.000000   )
 (  0.627444   0.000000     0.000000   0.000000    -0.000000   0.000000   )
 ( -0.627444   0.000000    -0.000000   0.000000     0.000000   0.000000   )
 ( -0.092774   0.000000     0.098748   0.000000    -0.001166   0.000000   )
 ( -0.263810   0.000000    -0.000000   0.000000     0.000000   0.000000   )
 ( -0.092774   0.000000    -0.098748   0.000000     0.001166   0.000000   )
 (  0.263810   0.000000     0.000000   0.000000    -0.000000   0.000000   )
 (  0.092774   0.000000     0.098748   0.000000    -0.001166   0.000000   )
 (  0.092774   0.000000    -0.098748   0.000000     0.001166   0.000000   )
     freq (   29) =      42.267599 [THz] =    1409.895351 [cm-1]
 ( -0.000000   0.000000    -0.000000   0.000000    -0.000000   0.000000   )
 ( -0.000000   0.000000    -0.000000   0.000000    -0.000000   0.000000   )
 (  0.000000   0.000000    -0.627444   0.000000     0.000000   0.000000   )
 ( -0.000000   0.000000     0.627444   0.000000    -0.000000   0.000000   )
 ( -0.098748   0.000000     0.206798   0.000000     0.000673   0.000000   )
 ( -0.000000   0.000000     0.035762   0.000000    -0.001347   0.000000   )
 (  0.098748   0.000000     0.206798   0.000000     0.000673   0.000000   )
 (  0.000000   0.000000    -0.035762   0.000000     0.001347   0.000000   )
 ( -0.098748   0.000000    -0.206798   0.000000    -0.000673   0.000000   )
 (  0.098748   0.000000    -0.206798   0.000000    -0.000673   0.000000   )
     freq (   30) =      45.662228 [THz] =    1523.127974 [cm-1]
 ( -0.015943   0.000000    -0.003760   0.000000     0.000000   0.000000   )
 ( -0.015943   0.000000     0.003760   0.000000    -0.000000   0.000000   )
 ( -0.615387   0.000000    -0.000000   0.000000    -0.000000   0.000000   )
 ( -0.615387   0.000000     0.000000   0.000000     0.000000   0.000000   )
 (  0.111767   0.000000    -0.096178   0.000000     0.005728   0.000000   )
 (  0.278353   0.000000     0.000000   0.000000    -0.000000   0.000000   )
 (  0.111767   0.000000     0.096178   0.000000    -0.005728   0.000000   )
 (  0.278353   0.000000    -0.000000   0.000000    -0.000000   0.000000   )
 (  0.111767   0.000000     0.096178   0.000000    -0.005728   0.000000   )
 (  0.111767   0.000000    -0.096178   0.000000     0.005728   0.000000   )
 **************************************************************************
