Dynamical matrix file
Phonons of CaCO3                                                           
  3   10  5 11.8795000  0.0000000  0.0000000  0.6671000  0.0000000  0.0000000
           1  'Ca  '    36528.8623361772     
           2  'C   '    10947.0833589781     
           3  'O   '    14582.1964298742     
    1    1      0.0000000000     -0.0000000000      1.3231213096
    2    1      0.0000000000     -0.0000000000      0.0000000000
    3    2      0.0000000000     -0.0000000000      0.6615606548
    4    2     -0.0000000000     -0.0000000000      1.9846819644
    5    3      0.1032314057      0.2922959687      1.5436415279
    6    3      0.2015200315     -0.2355490041      1.5436415279
    7    3     -0.3047514371     -0.0567469646      1.5436415279
    8    3     -0.2015200315      0.2355490041      1.1026010914
    9    3      0.3047514371      0.0567469646      1.1026010914
   10    3     -0.1032314057     -0.2922959687      1.1026010914

     Dynamical  Matrix in cartesian axes

     q = (    0.000000000   0.000000000   0.000000000 ) 

    1    1
  0.11360366  0.00000000   -0.00000000  0.00000000   -0.00000000  0.00000000
  0.00000000  0.00000000    0.11360366  0.00000000    0.00000000  0.00000000
 -0.00000000  0.00000000    0.00000000  0.00000000    0.15353462  0.00000000
    1    2
 -0.01020479  0.00000000    0.00476816  0.00000000    0.00000000  0.00000000
 -0.00476816  0.00000000   -0.01020479  0.00000000   -0.00000000  0.00000000
 -0.00000000  0.00000000   -0.00000000  0.00000000   -0.06147110  0.00000000
    1    3
 -0.04527714  0.00000000   -0.02865674  0.00000000   -0.00000000  0.00000000
  0.02865674  0.00000000   -0.04527714  0.00000000   -0.00000000  0.00000000
  0.00000000  0.00000000   -0.00000000  0.00000000   -0.00713226  0.00000000
    1    4
 -0.04527714  0.00000000   -0.02865674  0.00000000   -0.00000000  0.00000000
  0.02865674  0.00000000   -0.04527714  0.00000000   -0.00000000  0.00000000
  0.00000000  0.00000000   -0.00000000  0.00000000   -0.00713226  0.00000000
    1    5
 -0.00211086  0.00000000    0.00388709  0.00000000   -0.00627910  0.00000000
 -0.01358734  0.00000000   -0.00214007  0.00000000   -0.01441453  0.00000000
  0.00159455  0.00000000   -0.02675577  0.00000000   -0.01294710  0.00000000
    1    6
  0.00206756  0.00000000    0.01117492  0.00000000   -0.00934379  0.00000000
 -0.00629951  0.00000000   -0.00631849  0.00000000    0.01264512  0.00000000
 -0.02396845  0.00000000    0.01199696  0.00000000   -0.01294710  0.00000000
    1    7
 -0.00633309  0.00000000    0.01114963  0.00000000    0.01562290  0.00000000
 -0.00632480  0.00000000    0.00208217  0.00000000    0.00176940  0.00000000
  0.02237390  0.00000000    0.01475881  0.00000000   -0.01294710  0.00000000
    1    8
  0.00206756  0.00000000    0.01117492  0.00000000   -0.00934379  0.00000000
 -0.00629951  0.00000000   -0.00631849  0.00000000    0.01264512  0.00000000
 -0.02396845  0.00000000    0.01199696  0.00000000   -0.01294710  0.00000000
    1    9
 -0.00633309  0.00000000    0.01114963  0.00000000    0.01562290  0.00000000
 -0.00632480  0.00000000    0.00208217  0.00000000    0.00176940  0.00000000
  0.02237390  0.00000000    0.01475881  0.00000000   -0.01294710  0.00000000
    1   10
 -0.00211086  0.00000000    0.00388709  0.00000000   -0.00627910  0.00000000
 -0.01358734  0.00000000   -0.00214007  0.00000000   -0.01441453  0.00000000
  0.00159455  0.00000000   -0.02675577  0.00000000   -0.01294710  0.00000000
    2    1
 -0.01020479  0.00000000   -0.00476816  0.00000000   -0.00000000  0.00000000
  0.00476816  0.00000000   -0.01020479  0.00000000   -0.00000000  0.00000000
  0.00000000  0.00000000   -0.00000000  0.00000000   -0.06147110  0.00000000
    2    2
  0.11360366  0.00000000   -0.00000000  0.00000000   -0.00000000  0.00000000
  0.00000000  0.00000000    0.11360366  0.00000000    0.00000000  0.00000000
 -0.00000000  0.00000000    0.00000000  0.00000000    0.15353462  0.00000000
    2    3
 -0.04527714  0.00000000    0.02865674  0.00000000    0.00000000  0.00000000
 -0.02865674  0.00000000   -0.04527714  0.00000000   -0.00000000  0.00000000
 -0.00000000  0.00000000   -0.00000000  0.00000000   -0.00713226  0.00000000
    2    4
 -0.04527714  0.00000000    0.02865674  0.00000000    0.00000000  0.00000000
 -0.02865674  0.00000000   -0.04527714  0.00000000   -0.00000000  0.00000000
 -0.00000000  0.00000000   -0.00000000  0.00000000   -0.00713226  0.00000000
    2    5
 -0.00633309  0.00000000   -0.01114963  0.00000000   -0.01562290  0.00000000
  0.00632480  0.00000000    0.00208217  0.00000000    0.00176940  0.00000000
 -0.02237390  0.00000000    0.01475881  0.00000000   -0.01294710  0.00000000
    2    6
  0.00206756  0.00000000   -0.01117492  0.00000000    0.00934379  0.00000000
  0.00629951  0.00000000   -0.00631849  0.00000000    0.01264512  0.00000000
  0.02396845  0.00000000    0.01199696  0.00000000   -0.01294710  0.00000000
    2    7
 -0.00211086  0.00000000   -0.00388709  0.00000000    0.00627910  0.00000000
  0.01358734  0.00000000   -0.00214007  0.00000000   -0.01441453  0.00000000
 -0.00159455  0.00000000   -0.02675577  0.00000000   -0.01294710  0.00000000
    2    8
  0.00206756  0.00000000   -0.01117492  0.00000000    0.00934379  0.00000000
  0.00629951  0.00000000   -0.00631849  0.00000000    0.01264512  0.00000000
  0.02396845  0.00000000    0.01199696  0.00000000   -0.01294710  0.00000000
    2    9
 -0.00211086  0.00000000   -0.00388709  0.00000000    0.00627910  0.00000000
  0.01358734  0.00000000   -0.00214007  0.00000000   -0.01441453  0.00000000
 -0.00159455  0.00000000   -0.02675577  0.00000000   -0.01294710  0.00000000
    2   10
 -0.00633309  0.00000000   -0.01114963  0.00000000   -0.01562290  0.00000000
  0.00632480  0.00000000    0.00208217  0.00000000    0.00176940  0.00000000
 -0.02237390  0.00000000    0.01475881  0.00000000   -0.01294710  0.00000000
    3    1
 -0.04527714  0.00000000    0.02865674  0.00000000    0.00000000  0.00000000
 -0.02865674  0.00000000   -0.04527714  0.00000000   -0.00000000  0.00000000
 -0.00000000  0.00000000   -0.00000000  0.00000000   -0.00713226  0.00000000
    3    2
 -0.04527714  0.00000000   -0.02865674  0.00000000   -0.00000000  0.00000000
  0.02865674  0.00000000   -0.04527714  0.00000000   -0.00000000  0.00000000
  0.00000000  0.00000000   -0.00000000  0.00000000   -0.00713226  0.00000000
    3    3
  1.31783478  0.00000000    0.00000000  0.00000000    0.00000000  0.00000000
 -0.00000000  0.00000000    1.31783478  0.00000000    0.00000000  0.00000000
 -0.00000000  0.00000000    0.00000000  0.00000000    0.49934739  0.00000000
    3    4
 -0.03306780  0.00000000    0.00000000  0.00000000    0.00000000  0.00000000
  0.00000000  0.00000000   -0.03306780  0.00000000   -0.00000000  0.00000000
  0.00000000  0.00000000   -0.00000000  0.00000000    0.00055131  0.00000000
    3    5
 -0.29285119  0.00000000    0.20155662  0.00000000   -0.00383702  0.00000000
  0.20155662  0.00000000   -0.52558872  0.00000000   -0.00221530  0.00000000
 -0.00673403  0.00000000   -0.00388789  0.00000000   -0.16007920  0.00000000
    3    6
 -0.64195749  0.00000000    0.00000000  0.00000000    0.00000000  0.00000000
  0.00000000  0.00000000   -0.17648242  0.00000000    0.00443061  0.00000000
 -0.00000000  0.00000000    0.00777579  0.00000000   -0.16007920  0.00000000
    3    7
 -0.29285119  0.00000000   -0.20155662  0.00000000    0.00383702  0.00000000
 -0.20155662  0.00000000   -0.52558872  0.00000000   -0.00221530  0.00000000
  0.00673403  0.00000000   -0.00388789  0.00000000   -0.16007920  0.00000000
    3    8
  0.01560350  0.00000000    0.00000000  0.00000000    0.00000000  0.00000000
 -0.00000000  0.00000000    0.00678389  0.00000000    0.00091839  0.00000000
 -0.00000000  0.00000000    0.00239810  0.00000000   -0.00177464  0.00000000
    3    9
  0.00898879  0.00000000    0.00381901  0.00000000    0.00079535  0.00000000
  0.00381901  0.00000000    0.01339860  0.00000000   -0.00045919  0.00000000
  0.00207681  0.00000000   -0.00119905  0.00000000   -0.00177464  0.00000000
    3   10
  0.00898879  0.00000000   -0.00381901  0.00000000   -0.00079535  0.00000000
 -0.00381901  0.00000000    0.01339860  0.00000000   -0.00045919  0.00000000
 -0.00207681  0.00000000   -0.00119905  0.00000000   -0.00177464  0.00000000
    4    1
 -0.04527714  0.00000000    0.02865674  0.00000000    0.00000000  0.00000000
 -0.02865674  0.00000000   -0.04527714  0.00000000   -0.00000000  0.00000000
 -0.00000000  0.00000000   -0.00000000  0.00000000   -0.00713226  0.00000000
    4    2
 -0.04527714  0.00000000   -0.02865674  0.00000000   -0.00000000  0.00000000
  0.02865674  0.00000000   -0.04527714  0.00000000   -0.00000000  0.00000000
  0.00000000  0.00000000   -0.00000000  0.00000000   -0.00713226  0.00000000
    4    3
 -0.03306780  0.00000000    0.00000000  0.00000000    0.00000000  0.00000000
  0.00000000  0.00000000   -0.03306780  0.00000000   -0.00000000  0.00000000
  0.00000000  0.00000000   -0.00000000  0.00000000    0.00055131  0.00000000
    4    4
  1.31783478  0.00000000    0.00000000  0.00000000    0.00000000  0.00000000
 -0.00000000  0.00000000    1.31783478  0.00000000    0.00000000  0.00000000
 -0.00000000  0.00000000    0.00000000  0.00000000    0.49934739  0.00000000
    4    5
  0.00898879  0.00000000   -0.00381901  0.00000000   -0.00079535  0.00000000
 -0.00381901  0.00000000    0.01339860  0.00000000   -0.00045919  0.00000000
 -0.00207681  0.00000000   -0.00119905  0.00000000   -0.00177464  0.00000000
    4    6
  0.01560350  0.00000000    0.00000000  0.00000000    0.00000000  0.00000000
 -0.00000000  0.00000000    0.00678389  0.00000000    0.00091839  0.00000000
 -0.00000000  0.00000000    0.00239810  0.00000000   -0.00177464  0.00000000
    4    7
  0.00898879  0.00000000    0.00381901  0.00000000    0.00079535  0.00000000
  0.00381901  0.00000000    0.01339860  0.00000000   -0.00045919  0.00000000
  0.00207681  0.00000000   -0.00119905  0.00000000   -0.00177464  0.00000000
    4    8
 -0.64195749  0.00000000    0.00000000  0.00000000    0.00000000  0.00000000
  0.00000000  0.00000000   -0.17648242  0.00000000    0.00443061  0.00000000
 -0.00000000  0.00000000    0.00777579  0.00000000   -0.16007920  0.00000000
    4    9
 -0.29285119  0.00000000   -0.20155662  0.00000000    0.00383702  0.00000000
 -0.20155662  0.00000000   -0.52558872  0.00000000   -0.00221530  0.00000000
  0.00673403  0.00000000   -0.00388789  0.00000000   -0.16007920  0.00000000
    4   10
 -0.29285119  0.00000000    0.20155662  0.00000000   -0.00383702  0.00000000
  0.20155662  0.00000000   -0.52558872  0.00000000   -0.00221530  0.00000000
 -0.00673403  0.00000000   -0.00388789  0.00000000   -0.16007920  0.00000000
    5    1
 -0.00211086  0.00000000   -0.01358734  0.00000000    0.00159455  0.00000000
  0.00388709  0.00000000   -0.00214007  0.00000000   -0.02675577  0.00000000
 -0.00627910  0.00000000   -0.01441453  0.00000000   -0.01294710  0.00000000
    5    2
 -0.00633309  0.00000000    0.00632480  0.00000000   -0.02237390  0.00000000
 -0.01114963  0.00000000    0.00208217  0.00000000    0.01475881  0.00000000
 -0.01562290  0.00000000    0.00176940  0.00000000   -0.01294710  0.00000000
    5    3
 -0.29285119  0.00000000    0.20155662  0.00000000   -0.00673403  0.00000000
  0.20155662  0.00000000   -0.52558872  0.00000000   -0.00388789  0.00000000
 -0.00383702  0.00000000   -0.00221530  0.00000000   -0.16007920  0.00000000
    5    4
  0.00898879  0.00000000   -0.00381901  0.00000000   -0.00207681  0.00000000
 -0.00381901  0.00000000    0.01339860  0.00000000   -0.00119905  0.00000000
 -0.00079535  0.00000000   -0.00045919  0.00000000   -0.00177464  0.00000000
    5    5
  0.43381616  0.00000000   -0.31704863  0.00000000    0.03007793  0.00000000
 -0.31704863  0.00000000    0.79991238  0.00000000    0.01736550  0.00000000
  0.03007793  0.00000000    0.01736550  0.00000000    0.11655612  0.00000000
    5    6
 -0.16983564  0.00000000    0.13021715  0.00000000   -0.00033387  0.00000000
  0.11592055  0.00000000   -0.02772797  0.00000000    0.00278098  0.00000000
 -0.00257533  0.00000000   -0.00110134  0.00000000    0.05279805  0.00000000
    5    7
  0.04332586  0.00000000   -0.00714830  0.00000000    0.00224146  0.00000000
  0.00714830  0.00000000   -0.24088947  0.00000000   -0.00167963  0.00000000
 -0.00224146  0.00000000   -0.00167963  0.00000000    0.05279805  0.00000000
    5    8
 -0.00568049  0.00000000    0.00429131  0.00000000   -0.00492835  0.00000000
  0.00113206  0.00000000   -0.00254931  0.00000000    0.00146416  0.00000000
 -0.00373218  0.00000000    0.00353600  0.00000000   -0.00501234  0.00000000
    5    9
 -0.00098371  0.00000000   -0.00157962  0.00000000   -0.00119617  0.00000000
  0.00157962  0.00000000   -0.00724608  0.00000000   -0.00500016  0.00000000
  0.00119617  0.00000000   -0.00500016  0.00000000   -0.00501234  0.00000000
    5   10
 -0.00815522  0.00000000    0.00090069  0.00000000    0.00371613  0.00000000
  0.00090069  0.00000000   -0.00919525  0.00000000    0.00214551  0.00000000
  0.00371613  0.00000000    0.00214551  0.00000000   -0.02426144  0.00000000
    6    1
  0.00206756  0.00000000   -0.00629951  0.00000000   -0.02396845  0.00000000
  0.01117492  0.00000000   -0.00631849  0.00000000    0.01199696  0.00000000
 -0.00934379  0.00000000    0.01264512  0.00000000   -0.01294710  0.00000000
    6    2
  0.00206756  0.00000000    0.00629951  0.00000000    0.02396845  0.00000000
 -0.01117492  0.00000000   -0.00631849  0.00000000    0.01199696  0.00000000
  0.00934379  0.00000000    0.01264512  0.00000000   -0.01294710  0.00000000
    6    3
 -0.64195749  0.00000000   -0.00000000  0.00000000   -0.00000000  0.00000000
 -0.00000000  0.00000000   -0.17648242  0.00000000    0.00777579  0.00000000
 -0.00000000  0.00000000    0.00443061  0.00000000   -0.16007920  0.00000000
    6    4
  0.01560350  0.00000000    0.00000000  0.00000000   -0.00000000  0.00000000
  0.00000000  0.00000000    0.00678389  0.00000000    0.00239810  0.00000000
 -0.00000000  0.00000000    0.00091839  0.00000000   -0.00177464  0.00000000
    6    5
 -0.16983564  0.00000000    0.11592055  0.00000000   -0.00257533  0.00000000
  0.13021715  0.00000000   -0.02772797  0.00000000   -0.00110134  0.00000000
 -0.00033387  0.00000000    0.00278098  0.00000000    0.05279805  0.00000000
    6    6
  0.98296049  0.00000000   -0.00000000  0.00000000    0.00000000  0.00000000
 -0.00000000  0.00000000    0.25076805  0.00000000   -0.03473100  0.00000000
  0.00000000  0.00000000   -0.03473100  0.00000000    0.11655612  0.00000000
    6    7
 -0.16983564  0.00000000   -0.11592055  0.00000000    0.00257533  0.00000000
 -0.13021715  0.00000000   -0.02772797  0.00000000   -0.00110134  0.00000000
  0.00033387  0.00000000    0.00278098  0.00000000    0.05279805  0.00000000
    6    8
 -0.00971526  0.00000000   -0.00000000  0.00000000    0.00000000  0.00000000
 -0.00000000  0.00000000   -0.00763521  0.00000000   -0.00429102  0.00000000
 -0.00000000  0.00000000   -0.00429102  0.00000000   -0.02426144  0.00000000
    6    9
 -0.00568049  0.00000000   -0.00113206  0.00000000    0.00373218  0.00000000
 -0.00429131  0.00000000   -0.00254931  0.00000000    0.00353600  0.00000000
  0.00492835  0.00000000    0.00146416  0.00000000   -0.00501234  0.00000000
    6   10
 -0.00568049  0.00000000    0.00113206  0.00000000   -0.00373218  0.00000000
  0.00429131  0.00000000   -0.00254931  0.00000000    0.00353600  0.00000000
 -0.00492835  0.00000000    0.00146416  0.00000000   -0.00501234  0.00000000
    7    1
 -0.00633309  0.00000000   -0.00632480  0.00000000    0.02237390  0.00000000
  0.01114963  0.00000000    0.00208217  0.00000000    0.01475881  0.00000000
  0.01562290  0.00000000    0.00176940  0.00000000   -0.01294710  0.00000000
    7    2
 -0.00211086  0.00000000    0.01358734  0.00000000   -0.00159455  0.00000000
 -0.00388709  0.00000000   -0.00214007  0.00000000   -0.02675577  0.00000000
  0.00627910  0.00000000   -0.01441453  0.00000000   -0.01294710  0.00000000
    7    3
 -0.29285119  0.00000000   -0.20155662  0.00000000    0.00673403  0.00000000
 -0.20155662  0.00000000   -0.52558872  0.00000000   -0.00388789  0.00000000
  0.00383702  0.00000000   -0.00221530  0.00000000   -0.16007920  0.00000000
    7    4
  0.00898879  0.00000000    0.00381901  0.00000000    0.00207681  0.00000000
  0.00381901  0.00000000    0.01339860  0.00000000   -0.00119905  0.00000000
  0.00079535  0.00000000   -0.00045919  0.00000000   -0.00177464  0.00000000
    7    5
  0.04332586  0.00000000    0.00714830  0.00000000   -0.00224146  0.00000000
 -0.00714830  0.00000000   -0.24088947  0.00000000   -0.00167963  0.00000000
  0.00224146  0.00000000   -0.00167963  0.00000000    0.05279805  0.00000000
    7    6
 -0.16983564  0.00000000   -0.13021715  0.00000000    0.00033387  0.00000000
 -0.11592055  0.00000000   -0.02772797  0.00000000    0.00278098  0.00000000
  0.00257533  0.00000000   -0.00110134  0.00000000    0.05279805  0.00000000
    7    7
  0.43381616  0.00000000    0.31704863  0.00000000   -0.03007793  0.00000000
  0.31704863  0.00000000    0.79991238  0.00000000    0.01736550  0.00000000
 -0.03007793  0.00000000    0.01736550  0.00000000    0.11655612  0.00000000
    7    8
 -0.00568049  0.00000000   -0.00429131  0.00000000    0.00492835  0.00000000
 -0.00113206  0.00000000   -0.00254931  0.00000000    0.00146416  0.00000000
  0.00373218  0.00000000    0.00353600  0.00000000   -0.00501234  0.00000000
    7    9
 -0.00815522  0.00000000   -0.00090069  0.00000000   -0.00371613  0.00000000
 -0.00090069  0.00000000   -0.00919525  0.00000000    0.00214551  0.00000000
 -0.00371613  0.00000000    0.00214551  0.00000000   -0.02426144  0.00000000
    7   10
 -0.00098371  0.00000000    0.00157962  0.00000000    0.00119617  0.00000000
 -0.00157962  0.00000000   -0.00724608  0.00000000   -0.00500016  0.00000000
 -0.00119617  0.00000000   -0.00500016  0.00000000   -0.00501234  0.00000000
    8    1
  0.00206756  0.00000000   -0.00629951  0.00000000   -0.02396845  0.00000000
  0.01117492  0.00000000   -0.00631849  0.00000000    0.01199696  0.00000000
 -0.00934379  0.00000000    0.01264512  0.00000000   -0.01294710  0.00000000
    8    2
  0.00206756  0.00000000    0.00629951  0.00000000    0.02396845  0.00000000
 -0.01117492  0.00000000   -0.00631849  0.00000000    0.01199696  0.00000000
  0.00934379  0.00000000    0.01264512  0.00000000   -0.01294710  0.00000000
    8    3
  0.01560350  0.00000000    0.00000000  0.00000000   -0.00000000  0.00000000
  0.00000000  0.00000000    0.00678389  0.00000000    0.00239810  0.00000000
 -0.00000000  0.00000000    0.00091839  0.00000000   -0.00177464  0.00000000
    8    4
 -0.64195749  0.00000000   -0.00000000  0.00000000   -0.00000000  0.00000000
 -0.00000000  0.00000000   -0.17648242  0.00000000    0.00777579  0.00000000
 -0.00000000  0.00000000    0.00443061  0.00000000   -0.16007920  0.00000000
    8    5
 -0.00568049  0.00000000    0.00113206  0.00000000   -0.00373218  0.00000000
  0.00429131  0.00000000   -0.00254931  0.00000000    0.00353600  0.00000000
 -0.00492835  0.00000000    0.00146416  0.00000000   -0.00501234  0.00000000
    8    6
 -0.00971526  0.00000000   -0.00000000  0.00000000    0.00000000  0.00000000
 -0.00000000  0.00000000   -0.00763521  0.00000000   -0.00429102  0.00000000
 -0.00000000  0.00000000   -0.00429102  0.00000000   -0.02426144  0.00000000
    8    7
 -0.00568049  0.00000000   -0.00113206  0.00000000    0.00373218  0.00000000
 -0.00429131  0.00000000   -0.00254931  0.00000000    0.00353600  0.00000000
  0.00492835  0.00000000    0.00146416  0.00000000   -0.00501234  0.00000000
    8    8
  0.98296049  0.00000000    0.00000000  0.00000000   -0.00000000  0.00000000
  0.00000000  0.00000000    0.25076805  0.00000000   -0.03473100  0.00000000
 -0.00000000  0.00000000   -0.03473100  0.00000000    0.11655612  0.00000000
    8    9
 -0.16983564  0.00000000   -0.11592055  0.00000000    0.00257533  0.00000000
 -0.13021715  0.00000000   -0.02772797  0.00000000   -0.00110134  0.00000000
  0.00033387  0.00000000    0.00278098  0.00000000    0.05279805  0.00000000
    8   10
 -0.16983564  0.00000000    0.11592055  0.00000000   -0.00257533  0.00000000
  0.13021715  0.00000000   -0.02772797  0.00000000   -0.00110134  0.00000000
 -0.00033387  0.00000000    0.00278098  0.00000000    0.05279805  0.00000000
    9    1
 -0.00633309  0.00000000   -0.00632480  0.00000000    0.02237390  0.00000000
  0.01114963  0.00000000    0.00208217  0.00000000    0.01475881  0.00000000
  0.01562290  0.00000000    0.00176940  0.00000000   -0.01294710  0.00000000
    9    2
 -0.00211086  0.00000000    0.01358734  0.00000000   -0.00159455  0.00000000
 -0.00388709  0.00000000   -0.00214007  0.00000000   -0.02675577  0.00000000
  0.00627910  0.00000000   -0.01441453  0.00000000   -0.01294710  0.00000000
    9    3
  0.00898879  0.00000000    0.00381901  0.00000000    0.00207681  0.00000000
  0.00381901  0.00000000    0.01339860  0.00000000   -0.00119905  0.00000000
  0.00079535  0.00000000   -0.00045919  0.00000000   -0.00177464  0.00000000
    9    4
 -0.29285119  0.00000000   -0.20155662  0.00000000    0.00673403  0.00000000
 -0.20155662  0.00000000   -0.52558872  0.00000000   -0.00388789  0.00000000
  0.00383702  0.00000000   -0.00221530  0.00000000   -0.16007920  0.00000000
    9    5
 -0.00098371  0.00000000    0.00157962  0.00000000    0.00119617  0.00000000
 -0.00157962  0.00000000   -0.00724608  0.00000000   -0.00500016  0.00000000
 -0.00119617  0.00000000   -0.00500016  0.00000000   -0.00501234  0.00000000
    9    6
 -0.00568049  0.00000000   -0.00429131  0.00000000    0.00492835  0.00000000
 -0.00113206  0.00000000   -0.00254931  0.00000000    0.00146416  0.00000000
  0.00373218  0.00000000    0.00353600  0.00000000   -0.00501234  0.00000000
    9    7
 -0.00815522  0.00000000   -0.00090069  0.00000000   -0.00371613  0.00000000
 -0.00090069  0.00000000   -0.00919525  0.00000000    0.00214551  0.00000000
 -0.00371613  0.00000000    0.00214551  0.00000000   -0.02426144  0.00000000
    9    8
 -0.16983564  0.00000000   -0.13021715  0.00000000    0.00033387  0.00000000
 -0.11592055  0.00000000   -0.02772797  0.00000000    0.00278098  0.00000000
  0.00257533  0.00000000   -0.00110134  0.00000000    0.05279805  0.00000000
    9    9
  0.43381616  0.00000000    0.31704863  0.00000000   -0.03007793  0.00000000
  0.31704863  0.00000000    0.79991238  0.00000000    0.01736550  0.00000000
 -0.03007793  0.00000000    0.01736550  0.00000000    0.11655612  0.00000000
    9   10
  0.04332586  0.00000000    0.00714830  0.00000000   -0.00224146  0.00000000
 -0.00714830  0.00000000   -0.24088947  0.00000000   -0.00167963  0.00000000
  0.00224146  0.00000000   -0.00167963  0.00000000    0.05279805  0.00000000
   10    1
 -0.00211086  0.00000000   -0.01358734  0.00000000    0.00159455  0.00000000
  0.00388709  0.00000000   -0.00214007  0.00000000   -0.02675577  0.00000000
 -0.00627910  0.00000000   -0.01441453  0.00000000   -0.01294710  0.00000000
   10    2
 -0.00633309  0.00000000    0.00632480  0.00000000   -0.02237390  0.00000000
 -0.01114963  0.00000000    0.00208217  0.00000000    0.01475881  0.00000000
 -0.01562290  0.00000000    0.00176940  0.00000000   -0.01294710  0.00000000
   10    3
  0.00898879  0.00000000   -0.00381901  0.00000000   -0.00207681  0.00000000
 -0.00381901  0.00000000    0.01339860  0.00000000   -0.00119905  0.00000000
 -0.00079535  0.00000000   -0.00045919  0.00000000   -0.00177464  0.00000000
   10    4
 -0.29285119  0.00000000    0.20155662  0.00000000   -0.00673403  0.00000000
  0.20155662  0.00000000   -0.52558872  0.00000000   -0.00388789  0.00000000
 -0.00383702  0.00000000   -0.00221530  0.00000000   -0.16007920  0.00000000
   10    5
 -0.00815522  0.00000000    0.00090069  0.00000000    0.00371613  0.00000000
  0.00090069  0.00000000   -0.00919525  0.00000000    0.00214551  0.00000000
  0.00371613  0.00000000    0.00214551  0.00000000   -0.02426144  0.00000000
   10    6
 -0.00568049  0.00000000    0.00429131  0.00000000   -0.00492835  0.00000000
  0.00113206  0.00000000   -0.00254931  0.00000000    0.00146416  0.00000000
 -0.00373218  0.00000000    0.00353600  0.00000000   -0.00501234  0.00000000
   10    7
 -0.00098371  0.00000000   -0.00157962  0.00000000   -0.00119617  0.00000000
  0.00157962  0.00000000   -0.00724608  0.00000000   -0.00500016  0.00000000
  0.00119617  0.00000000   -0.00500016  0.00000000   -0.00501234  0.00000000
   10    8
 -0.16983564  0.00000000    0.13021715  0.00000000   -0.00033387  0.00000000
  0.11592055  0.00000000   -0.02772797  0.00000000    0.00278098  0.00000000
 -0.00257533  0.00000000   -0.00110134  0.00000000    0.05279805  0.00000000
   10    9
  0.04332586  0.00000000   -0.00714830  0.00000000    0.00224146  0.00000000
  0.00714830  0.00000000   -0.24088947  0.00000000   -0.00167963  0.00000000
 -0.00224146  0.00000000   -0.00167963  0.00000000    0.05279805  0.00000000
   10   10
  0.43381616  0.00000000   -0.31704863  0.00000000    0.03007793  0.00000000
 -0.31704863  0.00000000    0.79991238  0.00000000    0.01736550  0.00000000
  0.03007793  0.00000000    0.01736550  0.00000000    0.11655612  0.00000000

     Dielectric Tensor:

          2.953961374813         -0.000000000000         -0.000000000000
          0.000000000000          2.953961374813          0.000000000000
          0.000000000000          0.000000000000          2.302533272816

     Effective Charges E-U: Z_{alpha}{s,beta}

     atom #    1
          2.568148892779         -0.219993266709         -0.000000000000
          0.219993266709          2.568148892777         -0.000000000000
          0.000000000000         -0.000000000000          2.359907569048
     atom #    2
          2.568148892779          0.219993266709          0.000000000000
         -0.219993266709          2.568148892777         -0.000000000000
         -0.000000000000         -0.000000000000          2.359907569048
     atom #    3
          3.252525225158          0.000000000000         -0.000000000000
          0.000000000000          3.252525225158         -0.000000000000
          0.000000000000         -0.000000000000          0.250386837751
     atom #    4
          3.252525225158          0.000000000000          0.000000000000
          0.000000000000          3.252525225158         -0.000000000000
         -0.000000000000         -0.000000000000          0.250386837751
     atom #    5
         -1.582677167745          0.619407226017         -0.190443794890
          0.619407226017         -2.297907025105         -0.109952776245
         -0.179127991010         -0.103419593829         -0.870410238731
     atom #    6
         -2.655521953781         -0.000000000000          0.000000000000
         -0.000000000000         -1.225062239068          0.219905552490
         -0.000000000000          0.206839187658         -0.870410238731
     atom #    7
         -1.582677167745         -0.619407226017          0.190443794890
         -0.619407226017         -2.297907025105         -0.109952776245
          0.179127991010         -0.103419593829         -0.870410238731
     atom #    8
         -2.655521953781          0.000000000000         -0.000000000000
          0.000000000000         -1.225062239068          0.219905552490
         -0.000000000000          0.206839187658         -0.870410238731
     atom #    9
         -1.582677167745         -0.619407226017          0.190443794890
         -0.619407226017         -2.297907025105         -0.109952776245
          0.179127991010         -0.103419593829         -0.870410238731
     atom #   10
         -1.582677167745          0.619407226017         -0.190443794890
          0.619407226017         -2.297907025105         -0.109952776245
         -0.179127991010         -0.103419593829         -0.870410238731

     Diagonalizing the dynamical matrix

     q = (    0.000000000   0.000000000   0.000000000 ) 

 **************************************************************************
     freq (    1) =       0.253789 [THz] =       8.465491 [cm-1]
 (  0.000000  0.000000  0.000000  0.000000 -0.316906  0.000000 ) 
 (  0.000000  0.000000  0.000000  0.000000 -0.316906  0.000000 ) 
 (  0.000000  0.000000  0.000000  0.000000 -0.316102  0.000000 ) 
 (  0.000000  0.000000  0.000000  0.000000 -0.316102  0.000000 ) 
 ( -0.000560  0.000000 -0.000323  0.000000 -0.316043  0.000000 ) 
 (  0.000000  0.000000  0.000647  0.000000 -0.316043  0.000000 ) 
 (  0.000560  0.000000 -0.000323  0.000000 -0.316043  0.000000 ) 
 (  0.000000  0.000000  0.000647  0.000000 -0.316043  0.000000 ) 
 (  0.000560  0.000000 -0.000323  0.000000 -0.316043  0.000000 ) 
 ( -0.000560  0.000000 -0.000323  0.000000 -0.316043  0.000000 ) 
     freq (    2) =       0.262240 [THz] =       8.747368 [cm-1]
 ( -0.015786  0.000000 -0.316691  0.000000 -0.000000  0.000000 ) 
 ( -0.015795  0.000000 -0.316691  0.000000 -0.000000  0.000000 ) 
 ( -0.015743  0.000000 -0.315732  0.000000 -0.000000  0.000000 ) 
 ( -0.015743  0.000000 -0.315732  0.000000 -0.000000  0.000000 ) 
 ( -0.015606  0.000000 -0.315649  0.000000 -0.000862  0.000000 ) 
 ( -0.015743  0.000000 -0.315437  0.000000  0.001586  0.000000 ) 
 ( -0.015858  0.000000 -0.315661  0.000000 -0.000725  0.000000 ) 
 ( -0.015743  0.000000 -0.315437  0.000000  0.001586  0.000000 ) 
 ( -0.015858  0.000000 -0.315661  0.000000 -0.000725  0.000000 ) 
 ( -0.015606  0.000000 -0.315649  0.000000 -0.000862  0.000000 ) 
     freq (    3) =       0.262240 [THz] =       8.747368 [cm-1]
 ( -0.316691  0.000000  0.015786  0.000000 -0.000000  0.000000 ) 
 ( -0.316691  0.000000  0.015795  0.000000 -0.000000  0.000000 ) 
 ( -0.315732  0.000000  0.015743  0.000000 -0.000000  0.000000 ) 
 ( -0.315732  0.000000  0.015743  0.000000 -0.000000  0.000000 ) 
 ( -0.315516  0.000000  0.015865  0.000000 -0.001334  0.000000 ) 
 ( -0.315728  0.000000  0.015728  0.000000 -0.000079  0.000000 ) 
 ( -0.315503  0.000000  0.015613  0.000000  0.001413  0.000000 ) 
 ( -0.315728  0.000000  0.015728  0.000000 -0.000079  0.000000 ) 
 ( -0.315503  0.000000  0.015613  0.000000  0.001413  0.000000 ) 
 ( -0.315516  0.000000  0.015865  0.000000 -0.001334  0.000000 ) 
     freq (    4) =       3.298624 [THz] =     110.030250 [cm-1]
 (  0.000000  0.000000 -0.000000  0.000000  0.215064  0.000000 ) 
 ( -0.000000  0.000000 -0.000000  0.000000  0.215064  0.000000 ) 
 ( -0.000000  0.000000  0.000000  0.000000 -0.121198  0.000000 ) 
 (  0.000000  0.000000  0.000000  0.000000 -0.121198  0.000000 ) 
 (  0.304609  0.000000  0.175866  0.000000 -0.150457  0.000000 ) 
 ( -0.000000  0.000000 -0.351732  0.000000 -0.150457  0.000000 ) 
 ( -0.304609  0.000000  0.175866  0.000000 -0.150457  0.000000 ) 
 (  0.000000  0.000000 -0.351732  0.000000 -0.150457  0.000000 ) 
 ( -0.304609  0.000000  0.175866  0.000000 -0.150457  0.000000 ) 
 (  0.304609  0.000000  0.175866  0.000000 -0.150457  0.000000 ) 
     freq (    5) =       3.866158 [THz] =     128.961143 [cm-1]
 ( -0.250766  0.000000 -0.043246  0.000000  0.000000  0.000000 ) 
 ( -0.024541  0.000000  0.253281  0.000000  0.000000  0.000000 ) 
 (  0.076225  0.000000 -0.058153  0.000000 -0.000000  0.000000 ) 
 (  0.076225  0.000000 -0.058153  0.000000 -0.000000  0.000000 ) 
 (  0.094415  0.000000 -0.051992  0.000000 -0.193813  0.000000 ) 
 (  0.079464  0.000000 -0.087805  0.000000 -0.305145  0.000000 ) 
 (  0.117954  0.000000 -0.082846  0.000000  0.498958  0.000000 ) 
 (  0.079464  0.000000 -0.087805  0.000000 -0.305145  0.000000 ) 
 (  0.117954  0.000000 -0.082846  0.000000  0.498958  0.000000 ) 
 (  0.094415  0.000000 -0.051992  0.000000 -0.193813  0.000000 ) 
     freq (    6) =       3.866158 [THz] =     128.961143 [cm-1]
 (  0.043246  0.000000 -0.250766  0.000000 -0.000000  0.000000 ) 
 ( -0.253281  0.000000 -0.024541  0.000000 -0.000000  0.000000 ) 
 (  0.058153  0.000000  0.076225  0.000000  0.000000  0.000000 ) 
 (  0.058153  0.000000  0.076225  0.000000  0.000000  0.000000 ) 
 (  0.096437  0.000000  0.100140  0.000000 -0.464249  0.000000 ) 
 (  0.060624  0.000000  0.115091  0.000000  0.399972  0.000000 ) 
 (  0.065583  0.000000  0.076601  0.000000  0.064277  0.000000 ) 
 (  0.060624  0.000000  0.115091  0.000000  0.399972  0.000000 ) 
 (  0.065583  0.000000  0.076601  0.000000  0.064277  0.000000 ) 
 (  0.096437  0.000000  0.100140  0.000000 -0.464249  0.000000 ) 
     freq (    7) =       4.791883 [THz] =     159.840018 [cm-1]
 (  0.000000  0.000000 -0.000000  0.000000 -0.000000  0.000000 ) 
 ( -0.000000  0.000000  0.000000  0.000000 -0.000000  0.000000 ) 
 ( -0.323187  0.000000 -0.002220  0.000000 -0.000000  0.000000 ) 
 (  0.323187  0.000000  0.002220  0.000000  0.000000  0.000000 ) 
 ( -0.346700  0.000000 -0.007040  0.000000  0.142904  0.000000 ) 
 ( -0.338534  0.000000 -0.002400  0.000000 -0.001129  0.000000 ) 
 ( -0.346635  0.000000  0.002352  0.000000 -0.141775  0.000000 ) 
 (  0.338534  0.000000  0.002400  0.000000  0.001129  0.000000 ) 
 (  0.346635  0.000000 -0.002352  0.000000  0.141775  0.000000 ) 
 (  0.346700  0.000000  0.007040  0.000000 -0.142904  0.000000 ) 
     freq (    8) =       4.791883 [THz] =     159.840018 [cm-1]
 ( -0.000000  0.000000 -0.000000  0.000000 -0.000000  0.000000 ) 
 (  0.000000  0.000000 -0.000000  0.000000  0.000000  0.000000 ) 
 (  0.002220  0.000000 -0.323187  0.000000  0.000000  0.000000 ) 
 ( -0.002220  0.000000  0.323187  0.000000 -0.000000  0.000000 ) 
 ( -0.002315  0.000000 -0.341213  0.000000  0.081202  0.000000 ) 
 (  0.002325  0.000000 -0.349379  0.000000 -0.164359  0.000000 ) 
 (  0.007077  0.000000 -0.341277  0.000000  0.083157  0.000000 ) 
 ( -0.002325  0.000000  0.349379  0.000000  0.164359  0.000000 ) 
 ( -0.007077  0.000000  0.341277  0.000000 -0.083157  0.000000 ) 
 (  0.002315  0.000000  0.341213  0.000000 -0.081202  0.000000 ) 
     freq (    9) =       5.643425 [THz] =     188.244387 [cm-1]
 ( -0.000000  0.000000  0.000000  0.000000 -0.000000  0.000000 ) 
 (  0.000000  0.000000 -0.000000  0.000000 -0.000000  0.000000 ) 
 ( -0.000000  0.000000  0.000000  0.000000  0.206138  0.000000 ) 
 (  0.000000  0.000000 -0.000000  0.000000 -0.206138  0.000000 ) 
 ( -0.283107  0.000000 -0.163452  0.000000  0.213627  0.000000 ) 
 ( -0.000000  0.000000  0.326903  0.000000  0.213627  0.000000 ) 
 (  0.283107  0.000000 -0.163452  0.000000  0.213627  0.000000 ) 
 (  0.000000  0.000000 -0.326903  0.000000 -0.213627  0.000000 ) 
 ( -0.283107  0.000000  0.163452  0.000000 -0.213627  0.000000 ) 
 (  0.283107  0.000000  0.163452  0.000000 -0.213627  0.000000 ) 
     freq (   10) =       6.169468 [THz] =     205.791290 [cm-1]
 ( -0.590341  0.000000 -0.190780  0.000000 -0.000000  0.000000 ) 
 (  0.596467  0.000000 -0.170667  0.000000 -0.000000  0.000000 ) 
 ( -0.001202  0.000000  0.070927  0.000000  0.000000  0.000000 ) 
 ( -0.001202  0.000000  0.070927  0.000000  0.000000  0.000000 ) 
 (  0.022656  0.000000  0.119198  0.000000 -0.091660  0.000000 ) 
 ( -0.001781  0.000000  0.163230  0.000000  0.188864  0.000000 ) 
 ( -0.027696  0.000000  0.120052  0.000000 -0.097204  0.000000 ) 
 ( -0.001781  0.000000  0.163230  0.000000  0.188864  0.000000 ) 
 ( -0.027696  0.000000  0.120052  0.000000 -0.097204  0.000000 ) 
 (  0.022656  0.000000  0.119198  0.000000 -0.091660  0.000000 ) 
     freq (   11) =       6.169468 [THz] =     205.791290 [cm-1]
 (  0.190780  0.000000 -0.590341  0.000000  0.000000  0.000000 ) 
 (  0.170667  0.000000  0.596467  0.000000 -0.000000  0.000000 ) 
 ( -0.070927  0.000000 -0.001202  0.000000  0.000000  0.000000 ) 
 ( -0.070927  0.000000 -0.001202  0.000000 -0.000000  0.000000 ) 
 ( -0.149122  0.000000 -0.027203  0.000000  0.165161  0.000000 ) 
 ( -0.105090  0.000000 -0.002766  0.000000 -0.003201  0.000000 ) 
 ( -0.148269  0.000000  0.023148  0.000000 -0.161961  0.000000 ) 
 ( -0.105090  0.000000 -0.002766  0.000000 -0.003201  0.000000 ) 
 ( -0.148269  0.000000  0.023148  0.000000 -0.161961  0.000000 ) 
 ( -0.149122  0.000000 -0.027203  0.000000  0.165161  0.000000 ) 
     freq (   12) =       7.879882 [THz] =     262.844578 [cm-1]
 ( -0.000000  0.000000 -0.000000  0.000000  0.705595  0.000000 ) 
 ( -0.000000  0.000000  0.000000  0.000000 -0.705595  0.000000 ) 
 (  0.000000  0.000000  0.000000  0.000000  0.000000  0.000000 ) 
 (  0.000000  0.000000 -0.000000  0.000000  0.000000  0.000000 ) 
 ( -0.013339  0.000000  0.023104  0.000000  0.000000  0.000000 ) 
 (  0.026678  0.000000 -0.000000  0.000000 -0.000000  0.000000 ) 
 ( -0.013339  0.000000 -0.023104  0.000000 -0.000000  0.000000 ) 
 (  0.026678  0.000000 -0.000000  0.000000  0.000000  0.000000 ) 
 ( -0.013339  0.000000 -0.023104  0.000000 -0.000000  0.000000 ) 
 ( -0.013339  0.000000  0.023104  0.000000  0.000000  0.000000 ) 
     freq (   13) =       7.892335 [THz] =     263.259969 [cm-1]
 (  0.320974  0.000000  0.097878  0.000000  0.000000  0.000000 ) 
 (  0.323560  0.000000 -0.088958  0.000000 -0.000000  0.000000 ) 
 ( -0.205975  0.000000 -0.002850  0.000000 -0.000000  0.000000 ) 
 ( -0.205975  0.000000 -0.002850  0.000000  0.000000  0.000000 ) 
 ( -0.207998  0.000000  0.013008  0.000000 -0.320246  0.000000 ) 
 ( -0.236191  0.000000 -0.002753  0.000000  0.005077  0.000000 ) 
 ( -0.208445  0.000000 -0.019287  0.000000  0.315169  0.000000 ) 
 ( -0.236191  0.000000 -0.002753  0.000000  0.005077  0.000000 ) 
 ( -0.208445  0.000000 -0.019287  0.000000  0.315169  0.000000 ) 
 ( -0.207998  0.000000  0.013008  0.000000 -0.320246  0.000000 ) 
     freq (   14) =       7.892335 [THz] =     263.259969 [cm-1]
 (  0.097878  0.000000 -0.320974  0.000000  0.000000  0.000000 ) 
 ( -0.088958  0.000000 -0.323560  0.000000  0.000000  0.000000 ) 
 ( -0.002850  0.000000  0.205975  0.000000 -0.000000  0.000000 ) 
 ( -0.002850  0.000000  0.205975  0.000000 -0.000000  0.000000 ) 
 ( -0.019029  0.000000  0.227091  0.000000  0.179032  0.000000 ) 
 ( -0.003269  0.000000  0.198899  0.000000 -0.366857  0.000000 ) 
 (  0.013266  0.000000  0.226644  0.000000  0.187825  0.000000 ) 
 ( -0.003269  0.000000  0.198899  0.000000 -0.366857  0.000000 ) 
 (  0.013266  0.000000  0.226644  0.000000  0.187825  0.000000 ) 
 ( -0.019029  0.000000  0.227091  0.000000  0.179032  0.000000 ) 
     freq (   15) =       7.971056 [THz] =     265.885807 [cm-1]
 (  0.000000  0.000000 -0.000000  0.000000 -0.316204  0.000000 ) 
 ( -0.000000  0.000000 -0.000000  0.000000 -0.316204  0.000000 ) 
 (  0.000000  0.000000  0.000000  0.000000  0.236920  0.000000 ) 
 ( -0.000000  0.000000  0.000000  0.000000  0.236920  0.000000 ) 
 (  0.233412  0.000000  0.134761  0.000000  0.204906  0.000000 ) 
 (  0.000000  0.000000 -0.269521  0.000000  0.204906  0.000000 ) 
 ( -0.233412  0.000000  0.134761  0.000000  0.204906  0.000000 ) 
 ( -0.000000  0.000000 -0.269521  0.000000  0.204906  0.000000 ) 
 ( -0.233412  0.000000  0.134761  0.000000  0.204906  0.000000 ) 
 (  0.233412  0.000000  0.134761  0.000000  0.204906  0.000000 ) 
     freq (   16) =       8.033461 [THz] =     267.967405 [cm-1]
 ( -0.000000  0.000000 -0.000000  0.000000 -0.000000  0.000000 ) 
 ( -0.000000  0.000000 -0.000000  0.000000 -0.000000  0.000000 ) 
 ( -0.113360  0.000000  0.001380  0.000000  0.000000  0.000000 ) 
 (  0.113360  0.000000 -0.001380  0.000000  0.000000  0.000000 ) 
 ( -0.097715  0.000000  0.014142  0.000000 -0.472778  0.000000 ) 
 ( -0.119685  0.000000  0.001098  0.000000 -0.006694  0.000000 ) 
 ( -0.097404  0.000000 -0.011407  0.000000  0.479471  0.000000 ) 
 (  0.119685  0.000000 -0.001098  0.000000  0.006694  0.000000 ) 
 (  0.097404  0.000000  0.011407  0.000000 -0.479471  0.000000 ) 
 (  0.097715  0.000000 -0.014142  0.000000  0.472778  0.000000 ) 
     freq (   17) =       8.033461 [THz] =     267.967405 [cm-1]
 (  0.000000  0.000000  0.000000  0.000000  0.000000  0.000000 ) 
 (  0.000000  0.000000  0.000000  0.000000  0.000000  0.000000 ) 
 (  0.001380  0.000000  0.113360  0.000000 -0.000000  0.000000 ) 
 ( -0.001380  0.000000 -0.113360  0.000000  0.000000  0.000000 ) 
 ( -0.011587  0.000000  0.112154  0.000000  0.280688  0.000000 ) 
 (  0.001457  0.000000  0.090184  0.000000 -0.549781  0.000000 ) 
 (  0.013962  0.000000  0.112465  0.000000  0.269094  0.000000 ) 
 ( -0.001457  0.000000 -0.090184  0.000000  0.549781  0.000000 ) 
 ( -0.013962  0.000000 -0.112465  0.000000 -0.269094  0.000000 ) 
 (  0.011587  0.000000 -0.112154  0.000000 -0.280688  0.000000 ) 
     freq (   18) =       8.846225 [THz] =     295.078303 [cm-1]
 ( -0.000000  0.000000 -0.000000  0.000000 -0.000000  0.000000 ) 
 ( -0.000000  0.000000 -0.000000  0.000000 -0.000000  0.000000 ) 
 ( -0.000000  0.000000 -0.000000  0.000000 -0.323877  0.000000 ) 
 (  0.000000  0.000000  0.000000  0.000000  0.323877  0.000000 ) 
 ( -0.201743  0.000000 -0.116476  0.000000 -0.278271  0.000000 ) 
 ( -0.000000  0.000000  0.232952  0.000000 -0.278271  0.000000 ) 
 (  0.201743  0.000000 -0.116476  0.000000 -0.278271  0.000000 ) 
 (  0.000000  0.000000 -0.232952  0.000000  0.278271  0.000000 ) 
 ( -0.201743  0.000000  0.116476  0.000000  0.278271  0.000000 ) 
 (  0.201743  0.000000  0.116476  0.000000  0.278271  0.000000 ) 
     freq (   19) =      20.420061 [THz] =     681.139926 [cm-1]
 ( -0.000000  0.000000  0.000000  0.000000  0.000000  0.000000 ) 
 ( -0.000000  0.000000 -0.000000  0.000000 -0.000000  0.000000 ) 
 ( -0.222875  0.000000  0.004336  0.000000  0.000000  0.000000 ) 
 (  0.222875  0.000000 -0.004336  0.000000  0.000000  0.000000 ) 
 (  0.237305  0.000000  0.334823  0.000000  0.020309  0.000000 ) 
 ( -0.331456  0.000000 -0.008472  0.000000  0.000461  0.000000 ) 
 (  0.250227  0.000000 -0.329387  0.000000 -0.020771  0.000000 ) 
 (  0.331456  0.000000  0.008472  0.000000 -0.000461  0.000000 ) 
 ( -0.250227  0.000000  0.329387  0.000000  0.020771  0.000000 ) 
 ( -0.237305  0.000000 -0.334823  0.000000 -0.020309  0.000000 ) 
     freq (   20) =      20.420061 [THz] =     681.139926 [cm-1]
 ( -0.000000  0.000000 -0.000000  0.000000  0.000000  0.000000 ) 
 (  0.000000  0.000000 -0.000000  0.000000  0.000000  0.000000 ) 
 ( -0.004336  0.000000 -0.222875  0.000000 -0.000000  0.000000 ) 
 (  0.004336  0.000000  0.222875  0.000000  0.000000  0.000000 ) 
 (  0.336847  0.000000 -0.133255  0.000000  0.012258  0.000000 ) 
 ( -0.006448  0.000000  0.435507  0.000000 -0.023717  0.000000 ) 
 ( -0.327362  0.000000 -0.146176  0.000000  0.011459  0.000000 ) 
 (  0.006448  0.000000 -0.435507  0.000000  0.023717  0.000000 ) 
 (  0.327362  0.000000  0.146176  0.000000 -0.011459  0.000000 ) 
 ( -0.336847  0.000000  0.133255  0.000000 -0.012258  0.000000 ) 
     freq (   21) =      20.431243 [THz] =     681.512913 [cm-1]
 ( -0.007329  0.000000  0.017442  0.000000 -0.000000  0.000000 ) 
 ( -0.006279  0.000000 -0.017847  0.000000  0.000000  0.000000 ) 
 (  0.228879  0.000000  0.006806  0.000000  0.000000  0.000000 ) 
 (  0.228879  0.000000  0.006806  0.000000  0.000000  0.000000 ) 
 ( -0.252065  0.000000 -0.325970  0.000000 -0.038993  0.000000 ) 
 (  0.329503  0.000000 -0.012871  0.000000  0.001316  0.000000 ) 
 ( -0.232433  0.000000  0.334233  0.000000  0.037677  0.000000 ) 
 (  0.329503  0.000000 -0.012871  0.000000  0.001316  0.000000 ) 
 ( -0.232433  0.000000  0.334233  0.000000  0.037677  0.000000 ) 
 ( -0.252065  0.000000 -0.325970  0.000000 -0.038993  0.000000 ) 
     freq (   22) =      20.431243 [THz] =     681.512913 [cm-1]
 ( -0.017442  0.000000 -0.007329  0.000000 -0.000000  0.000000 ) 
 (  0.017847  0.000000 -0.006279  0.000000 -0.000000  0.000000 ) 
 ( -0.006806  0.000000  0.228879  0.000000  0.000000  0.000000 ) 
 ( -0.006806  0.000000  0.228879  0.000000  0.000000  0.000000 ) 
 ( -0.322898  0.000000  0.148736  0.000000 -0.020993  0.000000 ) 
 ( -0.009798  0.000000 -0.432833  0.000000  0.044265  0.000000 ) 
 (  0.337305  0.000000  0.129103  0.000000 -0.023273  0.000000 ) 
 ( -0.009798  0.000000 -0.432833  0.000000  0.044265  0.000000 ) 
 (  0.337305  0.000000  0.129103  0.000000 -0.023273  0.000000 ) 
 ( -0.322898  0.000000  0.148736  0.000000 -0.020993  0.000000 ) 
     freq (   23) =      24.828948 [THz] =     828.204544 [cm-1]
 ( -0.000000  0.000000 -0.000000  0.000000 -0.002320  0.000000 ) 
 (  0.000000  0.000000 -0.000000  0.000000 -0.002320  0.000000 ) 
 (  0.000000  0.000000  0.000000  0.000000 -0.647084  0.000000 ) 
 (  0.000000  0.000000  0.000000  0.000000 -0.647084  0.000000 ) 
 (  0.013410  0.000000  0.007742  0.000000  0.163867  0.000000 ) 
 ( -0.000000  0.000000 -0.015485  0.000000  0.163867  0.000000 ) 
 ( -0.013410  0.000000  0.007742  0.000000  0.163867  0.000000 ) 
 (  0.000000  0.000000 -0.015485  0.000000  0.163867  0.000000 ) 
 ( -0.013410  0.000000  0.007742  0.000000  0.163867  0.000000 ) 
 (  0.013410  0.000000  0.007742  0.000000  0.163867  0.000000 ) 
     freq (   24) =      24.939253 [THz] =     831.883932 [cm-1]
 (  0.000000  0.000000  0.000000  0.000000  0.000000  0.000000 ) 
 (  0.000000  0.000000  0.000000  0.000000  0.000000  0.000000 ) 
 (  0.000000  0.000000  0.000000  0.000000 -0.638623  0.000000 ) 
 ( -0.000000  0.000000 -0.000000  0.000000  0.638623  0.000000 ) 
 (  0.011630  0.000000  0.006715  0.000000  0.174757  0.000000 ) 
 ( -0.000000  0.000000 -0.013430  0.000000  0.174757  0.000000 ) 
 ( -0.011630  0.000000  0.006715  0.000000  0.174757  0.000000 ) 
 ( -0.000000  0.000000  0.013430  0.000000 -0.174757  0.000000 ) 
 (  0.011630  0.000000 -0.006715  0.000000 -0.174757  0.000000 ) 
 ( -0.011630  0.000000 -0.006715  0.000000 -0.174757  0.000000 ) 
     freq (   25) =      31.697167 [THz] =    1057.303699 [cm-1]
 (  0.000000  0.000000 -0.000000  0.000000 -0.018479  0.000000 ) 
 (  0.000000  0.000000  0.000000  0.000000  0.018479  0.000000 ) 
 ( -0.000000  0.000000  0.000000  0.000000  0.000000  0.000000 ) 
 ( -0.000000  0.000000 -0.000000  0.000000  0.000000  0.000000 ) 
 ( -0.204054  0.000000  0.353433  0.000000  0.000000  0.000000 ) 
 (  0.408109  0.000000  0.000000  0.000000  0.000000  0.000000 ) 
 ( -0.204054  0.000000 -0.353433  0.000000 -0.000000  0.000000 ) 
 (  0.408109  0.000000  0.000000  0.000000 -0.000000  0.000000 ) 
 ( -0.204054  0.000000 -0.353433  0.000000 -0.000000  0.000000 ) 
 ( -0.204054  0.000000  0.353433  0.000000  0.000000  0.000000 ) 
     freq (   26) =      31.720309 [THz] =    1058.075631 [cm-1]
 ( -0.000000  0.000000 -0.000000  0.000000 -0.000000  0.000000 ) 
 ( -0.000000  0.000000  0.000000  0.000000  0.000000  0.000000 ) 
 (  0.000000  0.000000  0.000000  0.000000  0.000000  0.000000 ) 
 ( -0.000000  0.000000 -0.000000  0.000000  0.000000  0.000000 ) 
 (  0.204124  0.000000 -0.353553  0.000000 -0.000000  0.000000 ) 
 ( -0.408248  0.000000 -0.000000  0.000000  0.000000  0.000000 ) 
 (  0.204124  0.000000  0.353553  0.000000  0.000000  0.000000 ) 
 (  0.408248  0.000000  0.000000  0.000000 -0.000000  0.000000 ) 
 ( -0.204124  0.000000 -0.353553  0.000000 -0.000000  0.000000 ) 
 ( -0.204124  0.000000  0.353553  0.000000  0.000000  0.000000 ) 
     freq (   27) =      40.931895 [THz] =    1365.341068 [cm-1]
 (  0.010441  0.000000 -0.007595  0.000000  0.000000  0.000000 ) 
 (  0.010403  0.000000  0.007647  0.000000 -0.000000  0.000000 ) 
 ( -0.627804  0.000000 -0.001585  0.000000 -0.000000  0.000000 ) 
 ( -0.627804  0.000000 -0.001585  0.000000 -0.000000  0.000000 ) 
 (  0.090665  0.000000 -0.099024  0.000000  0.000685  0.000000 ) 
 (  0.263330  0.000000  0.000084  0.000000 -0.000002  0.000000 ) 
 (  0.091167  0.000000  0.100063  0.000000 -0.000683  0.000000 ) 
 (  0.263330  0.000000  0.000084  0.000000 -0.000002  0.000000 ) 
 (  0.091167  0.000000  0.100063  0.000000 -0.000683  0.000000 ) 
 (  0.090665  0.000000 -0.099024  0.000000  0.000685  0.000000 ) 
     freq (   28) =      40.931895 [THz] =    1365.341068 [cm-1]
 (  0.007595  0.000000  0.010441  0.000000 -0.000000  0.000000 ) 
 ( -0.007647  0.000000  0.010403  0.000000 -0.000000  0.000000 ) 
 (  0.001585  0.000000 -0.627804  0.000000 -0.000000  0.000000 ) 
 (  0.001585  0.000000 -0.627804  0.000000 -0.000000  0.000000 ) 
 ( -0.099773  0.000000  0.206110  0.000000  0.000393  0.000000 ) 
 ( -0.000665  0.000000  0.033445  0.000000 -0.000789  0.000000 ) 
 (  0.099314  0.000000  0.205607  0.000000  0.000396  0.000000 ) 
 ( -0.000665  0.000000  0.033445  0.000000 -0.000789  0.000000 ) 
 (  0.099314  0.000000  0.205607  0.000000  0.000396  0.000000 ) 
 ( -0.099773  0.000000  0.206110  0.000000  0.000393  0.000000 ) 
     freq (   29) =      41.930765 [THz] =    1398.659774 [cm-1]
 ( -0.000000  0.000000  0.000000  0.000000 -0.000000  0.000000 ) 
 ( -0.000000  0.000000 -0.000000  0.000000 -0.000000  0.000000 ) 
 ( -0.628533  0.000000 -0.000253  0.000000  0.000000  0.000000 ) 
 (  0.628533  0.000000  0.000253  0.000000 -0.000000  0.000000 ) 
 (  0.093996  0.000000 -0.096741  0.000000  0.001408  0.000000 ) 
 (  0.261740  0.000000  0.000015  0.000000 -0.000001  0.000000 ) 
 (  0.094074  0.000000  0.096907  0.000000 -0.001408  0.000000 ) 
 ( -0.261740  0.000000 -0.000015  0.000000  0.000001  0.000000 ) 
 ( -0.094074  0.000000 -0.096907  0.000000  0.001408  0.000000 ) 
 ( -0.093996  0.000000  0.096741  0.000000 -0.001408  0.000000 ) 
     freq (   30) =      41.930765 [THz] =    1398.659774 [cm-1]
 ( -0.000000  0.000000 -0.000000  0.000000  0.000000  0.000000 ) 
 (  0.000000  0.000000 -0.000000  0.000000 -0.000000  0.000000 ) 
 (  0.000253  0.000000 -0.628533  0.000000 -0.000000  0.000000 ) 
 ( -0.000253  0.000000  0.628533  0.000000  0.000000  0.000000 ) 
 ( -0.096862  0.000000  0.205877  0.000000  0.000812  0.000000 ) 
 ( -0.000105  0.000000  0.038134  0.000000 -0.001626  0.000000 ) 
 (  0.096786  0.000000  0.205799  0.000000  0.000813  0.000000 ) 
 (  0.000105  0.000000 -0.038134  0.000000  0.001626  0.000000 ) 
 ( -0.096786  0.000000 -0.205799  0.000000 -0.000813  0.000000 ) 
 (  0.096862  0.000000 -0.205877  0.000000 -0.000812  0.000000 ) 
 **************************************************************************
