     diagonalizing the dynamical matrix ...

 q =       0.0000      0.0000      0.0000
 **************************************************************************
     freq (    1) =       0.262060 [THz] =       8.741371 [cm-1]
 ( -0.000000   0.000000    -0.000019   0.000000     0.317269   0.000000   )
 (  0.000000   0.000000    -0.000019   0.000000     0.317269   0.000000   )
 ( -0.000000   0.000000    -0.000019   0.000000     0.316055   0.000000   )
 ( -0.000000   0.000000    -0.000019   0.000000     0.316055   0.000000   )
 (  0.000995   0.000000     0.000556   0.000000     0.315935   0.000000   )
 ( -0.000000   0.000000    -0.001167   0.000000     0.315935   0.000000   )
 ( -0.000995   0.000000     0.000556   0.000000     0.315935   0.000000   )
 ( -0.000000   0.000000    -0.001167   0.000000     0.315935   0.000000   )
 ( -0.000995   0.000000     0.000556   0.000000     0.315935   0.000000   )
 (  0.000995   0.000000     0.000556   0.000000     0.315935   0.000000   )
     freq (    2) =       0.298054 [THz] =       9.942028 [cm-1]
 ( -0.000125   0.000000     0.317048   0.000000     0.000019   0.000000   )
 (  0.000125   0.000000     0.317048   0.000000     0.000019   0.000000   )
 (  0.000000   0.000000     0.316136   0.000000     0.000018   0.000000   )
 (  0.000000   0.000000     0.316136   0.000000     0.000018   0.000000   )
 ( -0.000137   0.000000     0.316061   0.000000     0.000876   0.000000   )
 (  0.000000   0.000000     0.315824   0.000000    -0.001696   0.000000   )
 (  0.000137   0.000000     0.316061   0.000000     0.000876   0.000000   )
 (  0.000000   0.000000     0.315824   0.000000    -0.001696   0.000000   )
 (  0.000137   0.000000     0.316061   0.000000     0.000876   0.000000   )
 ( -0.000137   0.000000     0.316061   0.000000     0.000876   0.000000   )
     freq (    3) =       0.298124 [THz] =       9.944333 [cm-1]
 (  0.316644   0.000000     0.000068   0.000000     0.000000   0.000000   )
 (  0.316644   0.000000    -0.000068   0.000000    -0.000000   0.000000   )
 (  0.316170   0.000000    -0.000000   0.000000     0.000000   0.000000   )
 (  0.316170   0.000000    -0.000000   0.000000     0.000000   0.000000   )
 (  0.316039   0.000000    -0.000118   0.000000     0.001157   0.000000   )
 (  0.316243   0.000000    -0.000000   0.000000     0.000000   0.000000   )
 (  0.316039   0.000000     0.000118   0.000000    -0.001157   0.000000   )
 (  0.316243   0.000000    -0.000000   0.000000     0.000000   0.000000   )
 (  0.316039   0.000000     0.000118   0.000000    -0.001157   0.000000   )
 (  0.316039   0.000000    -0.000118   0.000000     0.001157   0.000000   )
     freq (    4) =       2.383831 [THz] =      79.516028 [cm-1]
 ( -0.000000   0.000000    -0.000000   0.000000     0.217958   0.000000   )
 (  0.000000   0.000000    -0.000000   0.000000     0.217958   0.000000   )
 ( -0.000000   0.000000    -0.000000   0.000000    -0.121302   0.000000   )
 ( -0.000000   0.000000    -0.000000   0.000000    -0.121302   0.000000   )
 (  0.302876   0.000000     0.174865   0.000000    -0.153671   0.000000   )
 ( -0.000000   0.000000    -0.349731   0.000000    -0.153672   0.000000   )
 ( -0.302876   0.000000     0.174865   0.000000    -0.153671   0.000000   )
 ( -0.000000   0.000000    -0.349731   0.000000    -0.153672   0.000000   )
 ( -0.302876   0.000000     0.174865   0.000000    -0.153671   0.000000   )
 (  0.302876   0.000000     0.174865   0.000000    -0.153671   0.000000   )
     freq (    5) =       3.609808 [THz] =     120.410240 [cm-1]
 (  0.179103   0.000000    -0.164940   0.000000     0.000000   0.000000   )
 ( -0.179103   0.000000    -0.164940   0.000000     0.000000   0.000000   )
 ( -0.000000   0.000000     0.090252   0.000000    -0.000000   0.000000   )
 ( -0.000000   0.000000     0.090252   0.000000    -0.000000   0.000000   )
 (  0.020569   0.000000     0.105174   0.000000    -0.254878   0.000000   )
 ( -0.000000   0.000000     0.140801   0.000000     0.509756   0.000000   )
 ( -0.020569   0.000000     0.105174   0.000000    -0.254878   0.000000   )
 ( -0.000000   0.000000     0.140801   0.000000     0.509756   0.000000   )
 ( -0.020569   0.000000     0.105174   0.000000    -0.254878   0.000000   )
 (  0.020569   0.000000     0.105174   0.000000    -0.254878   0.000000   )
     freq (    6) =       4.029704 [THz] =     134.416460 [cm-1]
 (  0.107468   0.000000     0.221078   0.000000     0.000000   0.000000   )
 (  0.107468   0.000000    -0.221078   0.000000    -0.000000   0.000000   )
 ( -0.068042   0.000000     0.000000   0.000000    -0.000000   0.000000   )
 ( -0.068042   0.000000    -0.000000   0.000000    -0.000000   0.000000   )
 ( -0.085246   0.000000    -0.019438   0.000000     0.456616   0.000000   )
 ( -0.051578   0.000000    -0.000000   0.000000    -0.000000   0.000000   )
 ( -0.085246   0.000000     0.019438   0.000000    -0.456616   0.000000   )
 ( -0.051578   0.000000    -0.000000   0.000000    -0.000000   0.000000   )
 ( -0.085246   0.000000     0.019438   0.000000    -0.456616   0.000000   )
 ( -0.085246   0.000000    -0.019438   0.000000     0.456616   0.000000   )
     freq (    7) =       5.563655 [THz] =     185.583551 [cm-1]
 (  0.000000   0.000000     0.000000   0.000000     0.000000   0.000000   )
 ( -0.000000   0.000000     0.000000   0.000000     0.000000   0.000000   )
 ( -0.000000   0.000000    -0.321123   0.000000    -0.000000   0.000000   )
 (  0.000000   0.000000     0.321123   0.000000     0.000000   0.000000   )
 ( -0.004140   0.000000    -0.337861   0.000000     0.090828   0.000000   )
 ( -0.000000   0.000000    -0.345032   0.000000    -0.181656   0.000000   )
 (  0.004140   0.000000    -0.337861   0.000000     0.090828   0.000000   )
 (  0.000000   0.000000     0.345032   0.000000     0.181656   0.000000   )
 ( -0.004140   0.000000     0.337861   0.000000    -0.090828   0.000000   )
 (  0.004140   0.000000     0.337861   0.000000    -0.090828   0.000000   )
     freq (    8) =       5.563656 [THz] =     185.583585 [cm-1]
 ( -0.000000   0.000000    -0.000000   0.000000     0.000000   0.000000   )
 (  0.000000   0.000000     0.000000   0.000000     0.000000   0.000000   )
 ( -0.321123   0.000000     0.000000   0.000000    -0.000000   0.000000   )
 (  0.321123   0.000000    -0.000000   0.000000     0.000000   0.000000   )
 ( -0.342641   0.000000    -0.004140   0.000000     0.157319   0.000000   )
 ( -0.335471   0.000000     0.000000   0.000000     0.000000   0.000000   )
 ( -0.342641   0.000000     0.004140   0.000000    -0.157319   0.000000   )
 (  0.335471   0.000000    -0.000000   0.000000    -0.000000   0.000000   )
 (  0.342641   0.000000    -0.004140   0.000000     0.157319   0.000000   )
 (  0.342641   0.000000     0.004140   0.000000    -0.157319   0.000000   )
     freq (    9) =       6.258251 [THz] =     208.752787 [cm-1]
 (  0.000000   0.000000    -0.000000   0.000000    -0.000000   0.000000   )
 ( -0.000000   0.000000     0.000000   0.000000    -0.000000   0.000000   )
 (  0.000000   0.000000    -0.000000   0.000000    -0.203956   0.000000   )
 ( -0.000000   0.000000     0.000000   0.000000     0.203956   0.000000   )
 (  0.283678   0.000000     0.163782   0.000000    -0.213314   0.000000   )
 (  0.000000   0.000000    -0.327563   0.000000    -0.213314   0.000000   )
 ( -0.283678   0.000000     0.163782   0.000000    -0.213314   0.000000   )
 ( -0.000000   0.000000     0.327563   0.000000     0.213314   0.000000   )
 (  0.283678   0.000000    -0.163782   0.000000     0.213314   0.000000   )
 ( -0.283678   0.000000    -0.163782   0.000000     0.213314   0.000000   )
     freq (   10) =       7.073966 [THz] =     235.962114 [cm-1]
 ( -0.595213   0.000000    -0.179450   0.000000    -0.000000   0.000000   )
 (  0.595213   0.000000    -0.179450   0.000000    -0.000000   0.000000   )
 (  0.000000   0.000000     0.062350   0.000000    -0.000000   0.000000   )
 ( -0.000000   0.000000     0.062350   0.000000    -0.000000   0.000000   )
 (  0.038751   0.000000     0.112682   0.000000    -0.090282   0.000000   )
 (  0.000000   0.000000     0.179800   0.000000     0.180564   0.000000   )
 ( -0.038751   0.000000     0.112682   0.000000    -0.090282   0.000000   )
 ( -0.000000   0.000000     0.179800   0.000000     0.180564   0.000000   )
 ( -0.038751   0.000000     0.112682   0.000000    -0.090282   0.000000   )
 (  0.038751   0.000000     0.112682   0.000000    -0.090282   0.000000   )
     freq (   11) =       7.421169 [THz] =     247.543543 [cm-1]
 (  0.051163   0.000000    -0.547780   0.000000     0.000000   0.000000   )
 (  0.051163   0.000000     0.547780   0.000000    -0.000000   0.000000   )
 (  0.002686   0.000000    -0.000000   0.000000     0.000000   0.000000   )
 (  0.002686   0.000000    -0.000000   0.000000     0.000000   0.000000   )
 ( -0.070383   0.000000    -0.045473   0.000000     0.302654   0.000000   )
 (  0.008378   0.000000    -0.000000   0.000000    -0.000000   0.000000   )
 ( -0.070383   0.000000     0.045473   0.000000    -0.302654   0.000000   )
 (  0.008378   0.000000    -0.000000   0.000000    -0.000000   0.000000   )
 ( -0.070383   0.000000     0.045473   0.000000    -0.302654   0.000000   )
 ( -0.070383   0.000000    -0.045473   0.000000     0.302654   0.000000   )
     freq (   12) =       8.177479 [THz] =     272.771324 [cm-1]
 ( -0.000000   0.000000     0.000000   0.000000     0.704931   0.000000   )
 ( -0.000000   0.000000    -0.000000   0.000000    -0.704931   0.000000   )
 (  0.000000   0.000000     0.000000   0.000000    -0.000000   0.000000   )
 (  0.000000   0.000000    -0.000000   0.000000    -0.000000   0.000000   )
 ( -0.016001   0.000000     0.027714   0.000000    -0.000000   0.000000   )
 (  0.032001   0.000000     0.000000   0.000000    -0.000000   0.000000   )
 ( -0.016001   0.000000    -0.027714   0.000000     0.000000   0.000000   )
 (  0.032001   0.000000     0.000000   0.000000     0.000000   0.000000   )
 ( -0.016001   0.000000    -0.027714   0.000000     0.000000   0.000000   )
 ( -0.016001   0.000000     0.027714   0.000000    -0.000000   0.000000   )
     freq (   13) =       8.951102 [THz] =     298.576634 [cm-1]
 (  0.000000   0.000000    -0.000000   0.000000    -0.000000   0.000000   )
 ( -0.000000   0.000000    -0.000000   0.000000    -0.000000   0.000000   )
 ( -0.125940   0.000000    -0.000000   0.000000    -0.000000   0.000000   )
 (  0.125940   0.000000     0.000000   0.000000     0.000000   0.000000   )
 ( -0.106942   0.000000     0.014988   0.000000    -0.470720   0.000000   )
 ( -0.132902   0.000000    -0.000000   0.000000     0.000000   0.000000   )
 ( -0.106942   0.000000    -0.014988   0.000000     0.470720   0.000000   )
 (  0.132902   0.000000     0.000000   0.000000    -0.000000   0.000000   )
 (  0.106942   0.000000     0.014988   0.000000    -0.470720   0.000000   )
 (  0.106942   0.000000    -0.014988   0.000000     0.470720   0.000000   )
     freq (   14) =       8.951102 [THz] =     298.576635 [cm-1]
 (  0.000000   0.000000     0.000000   0.000000    -0.000000   0.000000   )
 (  0.000000   0.000000     0.000000   0.000000     0.000000   0.000000   )
 ( -0.000000   0.000000     0.125940   0.000000     0.000000   0.000000   )
 (  0.000000   0.000000    -0.125940   0.000000    -0.000000   0.000000   )
 ( -0.014988   0.000000     0.124248   0.000000     0.271770   0.000000   )
 ( -0.000000   0.000000     0.098288   0.000000    -0.543540   0.000000   )
 (  0.014988   0.000000     0.124248   0.000000     0.271770   0.000000   )
 (  0.000000   0.000000    -0.098288   0.000000     0.543540   0.000000   )
 ( -0.014988   0.000000    -0.124248   0.000000    -0.271770   0.000000   )
 (  0.014988   0.000000    -0.124248   0.000000    -0.271770   0.000000   )
     freq (   15) =       9.172601 [THz] =     305.965023 [cm-1]
 ( -0.099112   0.000000     0.328722   0.000000    -0.000000   0.000000   )
 (  0.099112   0.000000     0.328722   0.000000    -0.000000   0.000000   )
 ( -0.000000   0.000000    -0.215688   0.000000     0.000000   0.000000   )
 (  0.000000   0.000000    -0.215688   0.000000     0.000000   0.000000   )
 (  0.023468   0.000000    -0.234021   0.000000    -0.176810   0.000000   )
 ( -0.000000   0.000000    -0.193374   0.000000     0.353620   0.000000   )
 ( -0.023468   0.000000    -0.234021   0.000000    -0.176810   0.000000   )
 (  0.000000   0.000000    -0.193374   0.000000     0.353620   0.000000   )
 ( -0.023468   0.000000    -0.234021   0.000000    -0.176810   0.000000   )
 (  0.023468   0.000000    -0.234021   0.000000    -0.176810   0.000000   )
     freq (   16) =       9.258051 [THz] =     308.815352 [cm-1]
 (  0.000000   0.000000    -0.000000   0.000000    -0.313189   0.000000   )
 ( -0.000000   0.000000    -0.000000   0.000000    -0.313189   0.000000   )
 (  0.000000   0.000000     0.000000   0.000000     0.239176   0.000000   )
 ( -0.000000   0.000000     0.000000   0.000000     0.239176   0.000000   )
 (  0.235898   0.000000     0.136196   0.000000     0.201756   0.000000   )
 (  0.000000   0.000000    -0.272391   0.000000     0.201755   0.000000   )
 ( -0.235898   0.000000     0.136196   0.000000     0.201756   0.000000   )
 ( -0.000000   0.000000    -0.272391   0.000000     0.201755   0.000000   )
 ( -0.235898   0.000000     0.136196   0.000000     0.201756   0.000000   )
 (  0.235898   0.000000     0.136196   0.000000     0.201756   0.000000   )
     freq (   17) =       9.800706 [THz] =     326.916359 [cm-1]
 (  0.000000   0.000000    -0.000000   0.000000    -0.000000   0.000000   )
 (  0.000000   0.000000    -0.000000   0.000000    -0.000000   0.000000   )
 ( -0.000000   0.000000    -0.000000   0.000000     0.328378   0.000000   )
 (  0.000000   0.000000     0.000000   0.000000    -0.328378   0.000000   )
 (  0.200778   0.000000     0.115919   0.000000     0.277441   0.000000   )
 ( -0.000000   0.000000    -0.231839   0.000000     0.277441   0.000000   )
 ( -0.200778   0.000000     0.115919   0.000000     0.277441   0.000000   )
 (  0.000000   0.000000     0.231839   0.000000    -0.277441   0.000000   )
 (  0.200778   0.000000    -0.115919   0.000000    -0.277441   0.000000   )
 ( -0.200778   0.000000    -0.115919   0.000000    -0.277441   0.000000   )
     freq (   18) =      11.919938 [THz] =     397.606334 [cm-1]
 ( -0.389752   0.000000     0.020909   0.000000    -0.000000   0.000000   )
 ( -0.389752   0.000000    -0.020909   0.000000     0.000000   0.000000   )
 (  0.319906   0.000000     0.000000   0.000000     0.000000   0.000000   )
 (  0.319906   0.000000    -0.000000   0.000000    -0.000000   0.000000   )
 (  0.238122   0.000000    -0.012751   0.000000     0.178716   0.000000   )
 (  0.260207   0.000000    -0.000000   0.000000     0.000000   0.000000   )
 (  0.238122   0.000000     0.012751   0.000000    -0.178716   0.000000   )
 (  0.260207   0.000000    -0.000000   0.000000    -0.000000   0.000000   )
 (  0.238122   0.000000     0.012751   0.000000    -0.178716   0.000000   )
 (  0.238122   0.000000    -0.012751   0.000000     0.178716   0.000000   )
     freq (   19) =      20.702739 [THz] =     690.569037 [cm-1]
 (  0.000000   0.000000     0.000000   0.000000    -0.000000   0.000000   )
 ( -0.000000   0.000000    -0.000000   0.000000     0.000000   0.000000   )
 (  0.000000   0.000000    -0.224925   0.000000     0.000000   0.000000   )
 ( -0.000000   0.000000     0.224925   0.000000    -0.000000   0.000000   )
 (  0.331378   0.000000    -0.136350   0.000000     0.013534   0.000000   )
 (  0.000000   0.000000     0.437612   0.000000    -0.027069   0.000000   )
 ( -0.331378   0.000000    -0.136350   0.000000     0.013534   0.000000   )
 ( -0.000000   0.000000    -0.437612   0.000000     0.027069   0.000000   )
 (  0.331378   0.000000     0.136350   0.000000    -0.013534   0.000000   )
 ( -0.331378   0.000000     0.136350   0.000000    -0.013534   0.000000   )
     freq (   20) =      20.702739 [THz] =     690.569043 [cm-1]
 ( -0.000000   0.000000     0.000000   0.000000    -0.000000   0.000000   )
 (  0.000000   0.000000    -0.000000   0.000000     0.000000   0.000000   )
 (  0.224925   0.000000     0.000000   0.000000    -0.000000   0.000000   )
 ( -0.224925   0.000000    -0.000000   0.000000     0.000000   0.000000   )
 ( -0.246291   0.000000    -0.331378   0.000000    -0.023442   0.000000   )
 (  0.327671   0.000000    -0.000000   0.000000     0.000000   0.000000   )
 ( -0.246291   0.000000     0.331378   0.000000     0.023442   0.000000   )
 ( -0.327671   0.000000     0.000000   0.000000    -0.000000   0.000000   )
 (  0.246291   0.000000    -0.331378   0.000000    -0.023442   0.000000   )
 (  0.246291   0.000000     0.331378   0.000000     0.023442   0.000000   )
     freq (   21) =      20.738262 [THz] =     691.753956 [cm-1]
 ( -0.030192   0.000000    -0.004789   0.000000    -0.000000   0.000000   )
 (  0.030192   0.000000    -0.004789   0.000000    -0.000000   0.000000   )
 ( -0.000000   0.000000     0.232151   0.000000     0.000000   0.000000   )
 (  0.000000   0.000000     0.232151   0.000000     0.000000   0.000000   )
 ( -0.328584   0.000000     0.135548   0.000000    -0.027393   0.000000   )
 ( -0.000000   0.000000    -0.433576   0.000000     0.054786   0.000000   )
 (  0.328584   0.000000     0.135548   0.000000    -0.027393   0.000000   )
 (  0.000000   0.000000    -0.433576   0.000000     0.054786   0.000000   )
 (  0.328584   0.000000     0.135548   0.000000    -0.027393   0.000000   )
 ( -0.328584   0.000000     0.135548   0.000000    -0.027393   0.000000   )
     freq (   22) =      20.790919 [THz] =     693.510418 [cm-1]
 ( -0.007614   0.000000    -0.028455   0.000000     0.000000   0.000000   )
 ( -0.007614   0.000000     0.028455   0.000000    -0.000000   0.000000   )
 ( -0.210434   0.000000    -0.000000   0.000000    -0.000000   0.000000   )
 ( -0.210434   0.000000    -0.000000   0.000000     0.000000   0.000000   )
 (  0.250421   0.000000     0.331404   0.000000     0.050314   0.000000   )
 ( -0.323587   0.000000     0.000000   0.000000    -0.000000   0.000000   )
 (  0.250421   0.000000    -0.331404   0.000000    -0.050314   0.000000   )
 ( -0.323587   0.000000     0.000000   0.000000    -0.000000   0.000000   )
 (  0.250421   0.000000    -0.331404   0.000000    -0.050314   0.000000   )
 (  0.250421   0.000000     0.331404   0.000000     0.050314   0.000000   )
     freq (   23) =      24.705252 [THz] =     824.078489 [cm-1]
 ( -0.000000   0.000000     0.000000   0.000000     0.002938   0.000000   )
 (  0.000000   0.000000     0.000000   0.000000     0.002938   0.000000   )
 ( -0.000000   0.000000    -0.000000   0.000000     0.646615   0.000000   )
 (  0.000000   0.000000    -0.000000   0.000000     0.646615   0.000000   )
 ( -0.015230   0.000000    -0.008793   0.000000    -0.164269   0.000000   )
 ( -0.000000   0.000000     0.017586   0.000000    -0.164269   0.000000   )
 (  0.015230   0.000000    -0.008793   0.000000    -0.164269   0.000000   )
 ( -0.000000   0.000000     0.017586   0.000000    -0.164269   0.000000   )
 (  0.015230   0.000000    -0.008793   0.000000    -0.164269   0.000000   )
 ( -0.015230   0.000000    -0.008793   0.000000    -0.164269   0.000000   )
     freq (   24) =      24.804985 [THz] =     827.405243 [cm-1]
 ( -0.000000   0.000000    -0.000000   0.000000    -0.000000   0.000000   )
 ( -0.000000   0.000000     0.000000   0.000000    -0.000000   0.000000   )
 (  0.000000   0.000000     0.000000   0.000000     0.637458   0.000000   )
 ( -0.000000   0.000000    -0.000000   0.000000    -0.637458   0.000000   )
 ( -0.013252   0.000000    -0.007651   0.000000    -0.176016   0.000000   )
 (  0.000000   0.000000     0.015302   0.000000    -0.176016   0.000000   )
 (  0.013252   0.000000    -0.007651   0.000000    -0.176016   0.000000   )
 ( -0.000000   0.000000    -0.015302   0.000000     0.176016   0.000000   )
 ( -0.013252   0.000000     0.007651   0.000000     0.176016   0.000000   )
 (  0.013252   0.000000     0.007651   0.000000     0.176016   0.000000   )
     freq (   25) =      32.300074 [THz] =    1077.414490 [cm-1]
 ( -0.000000   0.000000    -0.000000   0.000000    -0.022184   0.000000   )
 ( -0.000000   0.000000     0.000000   0.000000     0.022184   0.000000   )
 ( -0.000000   0.000000     0.000000   0.000000     0.000000   0.000000   )
 ( -0.000000   0.000000    -0.000000   0.000000     0.000000   0.000000   )
 ( -0.204024   0.000000     0.353379   0.000000    -0.000000   0.000000   )
 (  0.408047   0.000000     0.000000   0.000000    -0.000000   0.000000   )
 ( -0.204024   0.000000    -0.353379   0.000000     0.000000   0.000000   )
 (  0.408047   0.000000     0.000000   0.000000    -0.000000   0.000000   )
 ( -0.204024   0.000000    -0.353379   0.000000     0.000000   0.000000   )
 ( -0.204024   0.000000     0.353379   0.000000    -0.000000   0.000000   )
     freq (   26) =      32.319586 [THz] =    1078.065350 [cm-1]
 ( -0.000000   0.000000    -0.000000   0.000000     0.000000   0.000000   )
 (  0.000000   0.000000    -0.000000   0.000000    -0.000000   0.000000   )
 ( -0.000000   0.000000    -0.000000   0.000000    -0.000000   0.000000   )
 (  0.000000   0.000000     0.000000   0.000000     0.000000   0.000000   )
 ( -0.204124   0.000000     0.353553   0.000000    -0.000000   0.000000   )
 (  0.408248   0.000000    -0.000000   0.000000     0.000000   0.000000   )
 ( -0.204124   0.000000    -0.353553   0.000000     0.000000   0.000000   )
 ( -0.408248   0.000000    -0.000000   0.000000     0.000000   0.000000   )
 (  0.204124   0.000000     0.353553   0.000000    -0.000000   0.000000   )
 (  0.204124   0.000000    -0.353553   0.000000     0.000000   0.000000   )
     freq (   27) =      41.669656 [THz] =    1389.950115 [cm-1]
 ( -0.006983   0.000000    -0.009990   0.000000     0.000000   0.000000   )
 (  0.006983   0.000000    -0.009990   0.000000     0.000000   0.000000   )
 ( -0.000000   0.000000     0.626310   0.000000    -0.000000   0.000000   )
 (  0.000000   0.000000     0.626310   0.000000    -0.000000   0.000000   )
 (  0.101907   0.000000    -0.207212   0.000000    -0.000189   0.000000   )
 (  0.000000   0.000000    -0.030704   0.000000     0.000377   0.000000   )
 ( -0.101907   0.000000    -0.207212   0.000000    -0.000189   0.000000   )
 ( -0.000000   0.000000    -0.030704   0.000000     0.000377   0.000000   )
 ( -0.101907   0.000000    -0.207212   0.000000    -0.000189   0.000000   )
 (  0.101907   0.000000    -0.207212   0.000000    -0.000189   0.000000   )
     freq (   28) =      42.810876 [THz] =    1428.017127 [cm-1]
 ( -0.000000   0.000000    -0.000000   0.000000     0.000000   0.000000   )
 ( -0.000000   0.000000     0.000000   0.000000    -0.000000   0.000000   )
 (  0.627240   0.000000     0.000000   0.000000     0.000000   0.000000   )
 ( -0.627240   0.000000    -0.000000   0.000000     0.000000   0.000000   )
 ( -0.093219   0.000000     0.098635   0.000000    -0.001395   0.000000   )
 ( -0.264061   0.000000    -0.000000   0.000000     0.000000   0.000000   )
 ( -0.093219   0.000000    -0.098635   0.000000     0.001395   0.000000   )
 (  0.264061   0.000000     0.000000   0.000000    -0.000000   0.000000   )
 (  0.093219   0.000000     0.098635   0.000000    -0.001395   0.000000   )
 (  0.093219   0.000000    -0.098635   0.000000     0.001395   0.000000   )
     freq (   29) =      42.810877 [THz] =    1428.017129 [cm-1]
 (  0.000000   0.000000     0.000000   0.000000     0.000000   0.000000   )
 (  0.000000   0.000000     0.000000   0.000000    -0.000000   0.000000   )
 (  0.000000   0.000000    -0.627240   0.000000    -0.000000   0.000000   )
 ( -0.000000   0.000000     0.627240   0.000000     0.000000   0.000000   )
 ( -0.098635   0.000000     0.207114   0.000000     0.000806   0.000000   )
 ( -0.000000   0.000000     0.036272   0.000000    -0.001611   0.000000   )
 (  0.098635   0.000000     0.207113   0.000000     0.000806   0.000000   )
 (  0.000000   0.000000    -0.036272   0.000000     0.001611   0.000000   )
 ( -0.098635   0.000000    -0.207113   0.000000    -0.000806   0.000000   )
 (  0.098635   0.000000    -0.207114   0.000000    -0.000806   0.000000   )
     freq (   30) =      46.170030 [THz] =    1540.066440 [cm-1]
 ( -0.017345   0.000000    -0.003501   0.000000    -0.000000   0.000000   )
 ( -0.017345   0.000000     0.003501   0.000000     0.000000   0.000000   )
 ( -0.614359   0.000000    -0.000000   0.000000     0.000000   0.000000   )
 ( -0.614359   0.000000     0.000000   0.000000     0.000000   0.000000   )
 (  0.112461   0.000000    -0.096566   0.000000     0.005556   0.000000   )
 (  0.279719   0.000000     0.000000   0.000000     0.000000   0.000000   )
 (  0.112461   0.000000     0.096566   0.000000    -0.005556   0.000000   )
 (  0.279719   0.000000     0.000000   0.000000    -0.000000   0.000000   )
 (  0.112461   0.000000     0.096566   0.000000    -0.005556   0.000000   )
 (  0.112461   0.000000    -0.096566   0.000000     0.005556   0.000000   )
 **************************************************************************
