     diagonalizing the dynamical matrix ...

 q =       0.0000      0.0000      0.0000
 **************************************************************************
     freq (    1) =       0.233402 [THz] =       7.785449 [cm-1]
 (  0.000000   0.000000     0.000046   0.000000    -0.316899   0.000000   )
 ( -0.000000   0.000000     0.000046   0.000000    -0.316899   0.000000   )
 (  0.000000   0.000000     0.000046   0.000000    -0.316127   0.000000   )
 (  0.000000   0.000000     0.000046   0.000000    -0.316127   0.000000   )
 ( -0.000552   0.000000    -0.000273   0.000000    -0.316037   0.000000   )
 (  0.000000   0.000000     0.000683   0.000000    -0.316037   0.000000   )
 (  0.000552   0.000000    -0.000273   0.000000    -0.316037   0.000000   )
 (  0.000000   0.000000     0.000683   0.000000    -0.316037   0.000000   )
 (  0.000552   0.000000    -0.000273   0.000000    -0.316037   0.000000   )
 ( -0.000552   0.000000    -0.000273   0.000000    -0.316037   0.000000   )
     freq (    2) =       0.250442 [THz] =       8.353836 [cm-1]
 (  0.000324   0.000000     0.316932   0.000000     0.000046   0.000000   )
 ( -0.000324   0.000000     0.316932   0.000000     0.000046   0.000000   )
 (  0.000000   0.000000     0.316149   0.000000     0.000046   0.000000   )
 (  0.000000   0.000000     0.316149   0.000000     0.000046   0.000000   )
 ( -0.000086   0.000000     0.316068   0.000000     0.000606   0.000000   )
 (  0.000000   0.000000     0.315918   0.000000    -0.001075   0.000000   )
 (  0.000086   0.000000     0.316068   0.000000     0.000606   0.000000   )
 (  0.000000   0.000000     0.315918   0.000000    -0.001075   0.000000   )
 (  0.000086   0.000000     0.316068   0.000000     0.000606   0.000000   )
 ( -0.000086   0.000000     0.316068   0.000000     0.000606   0.000000   )
     freq (    3) =       0.250515 [THz] =       8.356282 [cm-1]
 ( -0.316528   0.000000     0.000295   0.000000     0.000000   0.000000   )
 ( -0.316528   0.000000    -0.000295   0.000000    -0.000000   0.000000   )
 ( -0.316189   0.000000     0.000000   0.000000    -0.000000   0.000000   )
 ( -0.316189   0.000000     0.000000   0.000000    -0.000000   0.000000   )
 ( -0.316095   0.000000     0.000078   0.000000    -0.000844   0.000000   )
 ( -0.316230   0.000000     0.000000   0.000000    -0.000000   0.000000   )
 ( -0.316095   0.000000    -0.000078   0.000000     0.000844   0.000000   )
 ( -0.316230   0.000000     0.000000   0.000000    -0.000000   0.000000   )
 ( -0.316095   0.000000    -0.000078   0.000000     0.000844   0.000000   )
 ( -0.316095   0.000000     0.000078   0.000000    -0.000844   0.000000   )
     freq (    4) =       3.429377 [THz] =     114.391708 [cm-1]
 ( -0.000000   0.000000     0.000000   0.000000    -0.229277   0.000000   )
 (  0.000000   0.000000     0.000000   0.000000    -0.229277   0.000000   )
 ( -0.000000   0.000000    -0.000000   0.000000     0.128336   0.000000   )
 ( -0.000000   0.000000    -0.000000   0.000000     0.128336   0.000000   )
 ( -0.297340   0.000000    -0.171669   0.000000     0.160539   0.000000   )
 (  0.000000   0.000000     0.343338   0.000000     0.160539   0.000000   )
 (  0.297340   0.000000    -0.171669   0.000000     0.160539   0.000000   )
 ( -0.000000   0.000000     0.343338   0.000000     0.160539   0.000000   )
 (  0.297340   0.000000    -0.171669   0.000000     0.160539   0.000000   )
 ( -0.297340   0.000000    -0.171669   0.000000     0.160539   0.000000   )
     freq (    5) =       4.587075 [THz] =     153.008339 [cm-1]
 ( -0.154542   0.000000     0.184944   0.000000     0.000000   0.000000   )
 (  0.154542   0.000000     0.184944   0.000000     0.000000   0.000000   )
 ( -0.000000   0.000000    -0.100863   0.000000    -0.000000   0.000000   )
 (  0.000000   0.000000    -0.100863   0.000000    -0.000000   0.000000   )
 ( -0.021165   0.000000    -0.118174   0.000000     0.251310   0.000000   )
 ( -0.000000   0.000000    -0.154832   0.000000    -0.502620   0.000000   )
 (  0.021165   0.000000    -0.118174   0.000000     0.251310   0.000000   )
 (  0.000000   0.000000    -0.154832   0.000000    -0.502620   0.000000   )
 (  0.021165   0.000000    -0.118174   0.000000     0.251310   0.000000   )
 ( -0.021165   0.000000    -0.118174   0.000000     0.251310   0.000000   )
     freq (    6) =       4.870123 [THz] =     162.449824 [cm-1]
 ( -0.089387   0.000000    -0.236061   0.000000     0.000000   0.000000   )
 ( -0.089387   0.000000     0.236061   0.000000    -0.000000   0.000000   )
 (  0.055251   0.000000    -0.000000   0.000000     0.000000   0.000000   )
 (  0.055251   0.000000     0.000000   0.000000     0.000000   0.000000   )
 (  0.073251   0.000000     0.020282   0.000000    -0.458380   0.000000   )
 (  0.038122   0.000000    -0.000000   0.000000    -0.000000   0.000000   )
 (  0.073251   0.000000    -0.020282   0.000000     0.458380   0.000000   )
 (  0.038122   0.000000     0.000000   0.000000    -0.000000   0.000000   )
 (  0.073251   0.000000    -0.020282   0.000000     0.458380   0.000000   )
 (  0.073251   0.000000     0.020282   0.000000    -0.458380   0.000000   )
     freq (    7) =       5.065008 [THz] =     168.950483 [cm-1]
 (  0.000000   0.000000     0.000000   0.000000    -0.000000   0.000000   )
 ( -0.000000   0.000000    -0.000000   0.000000    -0.000000   0.000000   )
 ( -0.000000   0.000000    -0.339147   0.000000     0.000000   0.000000   )
 (  0.000000   0.000000     0.339147   0.000000    -0.000000   0.000000   )
 ( -0.000795   0.000000    -0.356224   0.000000     0.023483   0.000000   )
 ( -0.000000   0.000000    -0.357601   0.000000    -0.046965   0.000000   )
 (  0.000795   0.000000    -0.356224   0.000000     0.023483   0.000000   )
 (  0.000000   0.000000     0.357601   0.000000     0.046965   0.000000   )
 ( -0.000795   0.000000     0.356224   0.000000    -0.023483   0.000000   )
 (  0.000795   0.000000     0.356224   0.000000    -0.023483   0.000000   )
     freq (    8) =       5.065008 [THz] =     168.950492 [cm-1]
 (  0.000000   0.000000     0.000000   0.000000     0.000000   0.000000   )
 (  0.000000   0.000000    -0.000000   0.000000     0.000000   0.000000   )
 (  0.339147   0.000000    -0.000000   0.000000    -0.000000   0.000000   )
 ( -0.339147   0.000000     0.000000   0.000000    -0.000000   0.000000   )
 (  0.357142   0.000000     0.000795   0.000000    -0.040673   0.000000   )
 (  0.355765   0.000000    -0.000000   0.000000    -0.000000   0.000000   )
 (  0.357142   0.000000    -0.000795   0.000000     0.040673   0.000000   )
 ( -0.355765   0.000000     0.000000   0.000000     0.000000   0.000000   )
 ( -0.357142   0.000000     0.000795   0.000000    -0.040673   0.000000   )
 ( -0.357142   0.000000    -0.000795   0.000000     0.040673   0.000000   )
     freq (    9) =       5.919412 [THz] =     197.450325 [cm-1]
 ( -0.627712   0.000000    -0.151491   0.000000    -0.000000   0.000000   )
 (  0.627712   0.000000    -0.151491   0.000000    -0.000000   0.000000   )
 (  0.000000   0.000000     0.053571   0.000000     0.000000   0.000000   )
 ( -0.000000   0.000000     0.053571   0.000000     0.000000   0.000000   )
 (  0.018607   0.000000     0.103540   0.000000    -0.081232   0.000000   )
 (  0.000000   0.000000     0.135769   0.000000     0.162464   0.000000   )
 ( -0.018607   0.000000     0.103540   0.000000    -0.081232   0.000000   )
 ( -0.000000   0.000000     0.135769   0.000000     0.162464   0.000000   )
 ( -0.018607   0.000000     0.103540   0.000000    -0.081232   0.000000   )
 (  0.018607   0.000000     0.103540   0.000000    -0.081232   0.000000   )
     freq (   10) =       6.120933 [THz] =     204.172360 [cm-1]
 ( -0.017405   0.000000     0.526885   0.000000     0.000000   0.000000   )
 ( -0.017405   0.000000    -0.526885   0.000000    -0.000000   0.000000   )
 ( -0.018296   0.000000     0.000000   0.000000    -0.000000   0.000000   )
 ( -0.018296   0.000000    -0.000000   0.000000     0.000000   0.000000   )
 (  0.034697   0.000000     0.025219   0.000000    -0.330147   0.000000   )
 ( -0.008984   0.000000    -0.000000   0.000000    -0.000000   0.000000   )
 (  0.034697   0.000000    -0.025219   0.000000     0.330147   0.000000   )
 ( -0.008984   0.000000     0.000000   0.000000     0.000000   0.000000   )
 (  0.034697   0.000000    -0.025219   0.000000     0.330147   0.000000   )
 (  0.034697   0.000000     0.025219   0.000000    -0.330147   0.000000   )
     freq (   11) =       6.520113 [THz] =     217.487545 [cm-1]
 ( -0.000000   0.000000     0.000000   0.000000    -0.000000   0.000000   )
 (  0.000000   0.000000    -0.000000   0.000000     0.000000   0.000000   )
 (  0.000000   0.000000    -0.000000   0.000000     0.149193   0.000000   )
 ( -0.000000   0.000000     0.000000   0.000000    -0.149193   0.000000   )
 ( -0.315530   0.000000    -0.182171   0.000000     0.162793   0.000000   )
 (  0.000000   0.000000     0.364343   0.000000     0.162793   0.000000   )
 (  0.315530   0.000000    -0.182171   0.000000     0.162793   0.000000   )
 ( -0.000000   0.000000    -0.364343   0.000000    -0.162793   0.000000   )
 ( -0.315530   0.000000     0.182171   0.000000    -0.162793   0.000000   )
 (  0.315530   0.000000     0.182171   0.000000    -0.162793   0.000000   )
     freq (   12) =       6.915731 [THz] =     230.683946 [cm-1]
 (  0.000000   0.000000     0.000000   0.000000     0.706111   0.000000   )
 (  0.000000   0.000000    -0.000000   0.000000    -0.706111   0.000000   )
 ( -0.000000   0.000000    -0.000000   0.000000    -0.000000   0.000000   )
 ( -0.000000   0.000000     0.000000   0.000000    -0.000000   0.000000   )
 ( -0.010831   0.000000     0.018761   0.000000     0.000000   0.000000   )
 (  0.021663   0.000000     0.000000   0.000000    -0.000000   0.000000   )
 ( -0.010831   0.000000    -0.018761   0.000000    -0.000000   0.000000   )
 (  0.021663   0.000000     0.000000   0.000000    -0.000000   0.000000   )
 ( -0.010831   0.000000    -0.018761   0.000000    -0.000000   0.000000   )
 ( -0.010831   0.000000     0.018761   0.000000     0.000000   0.000000   )
     freq (   13) =       6.957311 [THz] =     232.070926 [cm-1]
 (  0.000000   0.000000    -0.000000   0.000000     0.304000   0.000000   )
 ( -0.000000   0.000000    -0.000000   0.000000     0.304000   0.000000   )
 ( -0.000000   0.000000     0.000000   0.000000    -0.220776   0.000000   )
 (  0.000000   0.000000     0.000000   0.000000    -0.220776   0.000000   )
 ( -0.245150   0.000000    -0.141537   0.000000    -0.198703   0.000000   )
 ( -0.000000   0.000000     0.283074   0.000000    -0.198703   0.000000   )
 (  0.245150   0.000000    -0.141537   0.000000    -0.198703   0.000000   )
 (  0.000000   0.000000     0.283074   0.000000    -0.198703   0.000000   )
 (  0.245150   0.000000    -0.141537   0.000000    -0.198703   0.000000   )
 ( -0.245150   0.000000    -0.141537   0.000000    -0.198703   0.000000   )
     freq (   14) =       7.146965 [THz] =     238.397108 [cm-1]
 (  0.073215   0.000000    -0.323284   0.000000    -0.000000   0.000000   )
 ( -0.073215   0.000000    -0.323284   0.000000    -0.000000   0.000000   )
 (  0.000000   0.000000     0.202658   0.000000     0.000000   0.000000   )
 ( -0.000000   0.000000     0.202658   0.000000     0.000000   0.000000   )
 ( -0.013282   0.000000     0.226938   0.000000     0.184442   0.000000   )
 (  0.000000   0.000000     0.203933   0.000000    -0.368884   0.000000   )
 (  0.013282   0.000000     0.226938   0.000000     0.184442   0.000000   )
 ( -0.000000   0.000000     0.203933   0.000000    -0.368884   0.000000   )
 (  0.013282   0.000000     0.226938   0.000000     0.184442   0.000000   )
 ( -0.013282   0.000000     0.226938   0.000000     0.184442   0.000000   )
     freq (   15) =       8.197677 [THz] =     273.445055 [cm-1]
 ( -0.000000   0.000000     0.000000   0.000000    -0.000000   0.000000   )
 (  0.000000   0.000000    -0.000000   0.000000    -0.000000   0.000000   )
 ( -0.035688   0.000000    -0.000000   0.000000    -0.000000   0.000000   )
 (  0.035688   0.000000     0.000000   0.000000     0.000000   0.000000   )
 ( -0.026815   0.000000     0.004446   0.000000    -0.498025   0.000000   )
 ( -0.034516   0.000000    -0.000000   0.000000     0.000000   0.000000   )
 ( -0.026815   0.000000    -0.004446   0.000000     0.498025   0.000000   )
 (  0.034516   0.000000     0.000000   0.000000    -0.000000   0.000000   )
 (  0.026815   0.000000     0.004446   0.000000    -0.498025   0.000000   )
 (  0.026815   0.000000    -0.004446   0.000000     0.498025   0.000000   )
     freq (   16) =       8.197677 [THz] =     273.445057 [cm-1]
 (  0.000000   0.000000    -0.000000   0.000000     0.000000   0.000000   )
 (  0.000000   0.000000     0.000000   0.000000     0.000000   0.000000   )
 ( -0.000000   0.000000     0.035688   0.000000     0.000000   0.000000   )
 (  0.000000   0.000000    -0.035688   0.000000    -0.000000   0.000000   )
 ( -0.004446   0.000000     0.031949   0.000000     0.287535   0.000000   )
 ( -0.000000   0.000000     0.024249   0.000000    -0.575069   0.000000   )
 (  0.004446   0.000000     0.031949   0.000000     0.287535   0.000000   )
 (  0.000000   0.000000    -0.024249   0.000000     0.575069   0.000000   )
 ( -0.004446   0.000000    -0.031949   0.000000    -0.287535   0.000000   )
 (  0.004446   0.000000    -0.031949   0.000000    -0.287535   0.000000   )
     freq (   17) =       8.317760 [THz] =     277.450594 [cm-1]
 ( -0.000000   0.000000     0.000000   0.000000     0.000000   0.000000   )
 ( -0.000000   0.000000    -0.000000   0.000000     0.000000   0.000000   )
 ( -0.000000   0.000000     0.000000   0.000000     0.342618   0.000000   )
 (  0.000000   0.000000    -0.000000   0.000000    -0.342618   0.000000   )
 (  0.151003   0.000000     0.087182   0.000000     0.311665   0.000000   )
 ( -0.000000   0.000000    -0.174364   0.000000     0.311665   0.000000   )
 ( -0.151003   0.000000     0.087182   0.000000     0.311665   0.000000   )
 (  0.000000   0.000000     0.174364   0.000000    -0.311665   0.000000   )
 (  0.151003   0.000000    -0.087182   0.000000    -0.311665   0.000000   )
 ( -0.151003   0.000000    -0.087182   0.000000    -0.311665   0.000000   )
     freq (   18) =      10.540588 [THz] =     351.596182 [cm-1]
 ( -0.402815   0.000000     0.045753   0.000000    -0.000000   0.000000   )
 ( -0.402815   0.000000    -0.045753   0.000000     0.000000   0.000000   )
 (  0.317654   0.000000    -0.000000   0.000000    -0.000000   0.000000   )
 (  0.317654   0.000000    -0.000000   0.000000     0.000000   0.000000   )
 (  0.257520   0.000000     0.000793   0.000000     0.135086   0.000000   )
 (  0.256147   0.000000    -0.000000   0.000000    -0.000000   0.000000   )
 (  0.257520   0.000000    -0.000793   0.000000    -0.135086   0.000000   )
 (  0.256147   0.000000    -0.000000   0.000000     0.000000   0.000000   )
 (  0.257520   0.000000    -0.000793   0.000000    -0.135086   0.000000   )
 (  0.257520   0.000000     0.000793   0.000000     0.135086   0.000000   )
     freq (   19) =      20.186983 [THz] =     673.365261 [cm-1]
 ( -0.000000   0.000000    -0.000000   0.000000    -0.000000   0.000000   )
 (  0.000000   0.000000    -0.000000   0.000000    -0.000000   0.000000   )
 ( -0.000000   0.000000    -0.217358   0.000000     0.000000   0.000000   )
 (  0.000000   0.000000     0.217358   0.000000    -0.000000   0.000000   )
 (  0.333452   0.000000    -0.141241   0.000000     0.004193   0.000000   )
 ( -0.000000   0.000000     0.436316   0.000000    -0.008385   0.000000   )
 ( -0.333452   0.000000    -0.141241   0.000000     0.004193   0.000000   )
 (  0.000000   0.000000    -0.436316   0.000000     0.008385   0.000000   )
 (  0.333452   0.000000     0.141241   0.000000    -0.004193   0.000000   )
 ( -0.333452   0.000000     0.141241   0.000000    -0.004193   0.000000   )
     freq (   20) =      20.186983 [THz] =     673.365269 [cm-1]
 (  0.000000   0.000000     0.000000   0.000000    -0.000000   0.000000   )
 ( -0.000000   0.000000     0.000000   0.000000    -0.000000   0.000000   )
 (  0.217358   0.000000    -0.000000   0.000000     0.000000   0.000000   )
 ( -0.217358   0.000000     0.000000   0.000000    -0.000000   0.000000   )
 ( -0.243797   0.000000    -0.333452   0.000000    -0.007262   0.000000   )
 (  0.333760   0.000000     0.000000   0.000000    -0.000000   0.000000   )
 ( -0.243797   0.000000     0.333452   0.000000     0.007262   0.000000   )
 ( -0.333760   0.000000    -0.000000   0.000000     0.000000   0.000000   )
 (  0.243797   0.000000    -0.333452   0.000000    -0.007262   0.000000   )
 (  0.243797   0.000000     0.333452   0.000000     0.007262   0.000000   )
     freq (   21) =      20.232914 [THz] =     674.897365 [cm-1]
 ( -0.012400   0.000000    -0.007907   0.000000     0.000000   0.000000   )
 (  0.012400   0.000000    -0.007907   0.000000     0.000000   0.000000   )
 ( -0.000000   0.000000     0.226717   0.000000    -0.000000   0.000000   )
 ( -0.000000   0.000000     0.226717   0.000000    -0.000000   0.000000   )
 ( -0.330981   0.000000     0.140921   0.000000    -0.020968   0.000000   )
 ( -0.000000   0.000000    -0.432355   0.000000     0.041935   0.000000   )
 (  0.330981   0.000000     0.140921   0.000000    -0.020968   0.000000   )
 ( -0.000000   0.000000    -0.432355   0.000000     0.041935   0.000000   )
 (  0.330981   0.000000     0.140921   0.000000    -0.020968   0.000000   )
 ( -0.330981   0.000000     0.140921   0.000000    -0.020968   0.000000   )
     freq (   22) =      20.254934 [THz] =     675.631859 [cm-1]
 (  0.000191   0.000000    -0.011213   0.000000    -0.000000   0.000000   )
 (  0.000191   0.000000     0.011213   0.000000     0.000000   0.000000   )
 ( -0.212763   0.000000    -0.000000   0.000000     0.000000   0.000000   )
 ( -0.212763   0.000000    -0.000000   0.000000    -0.000000   0.000000   )
 (  0.245325   0.000000     0.332902   0.000000     0.037718   0.000000   )
 ( -0.331278   0.000000     0.000000   0.000000    -0.000000   0.000000   )
 (  0.245325   0.000000    -0.332902   0.000000    -0.037718   0.000000   )
 ( -0.331278   0.000000     0.000000   0.000000    -0.000000   0.000000   )
 (  0.245325   0.000000    -0.332902   0.000000    -0.037718   0.000000   )
 (  0.245325   0.000000     0.332902   0.000000     0.037718   0.000000   )
     freq (   23) =      24.676541 [THz] =     823.120801 [cm-1]
 ( -0.000000   0.000000    -0.000000   0.000000    -0.001064   0.000000   )
 (  0.000000   0.000000    -0.000000   0.000000    -0.001064   0.000000   )
 (  0.000000   0.000000     0.000000   0.000000     0.648943   0.000000   )
 ( -0.000000   0.000000     0.000000   0.000000     0.648943   0.000000   )
 ( -0.012323   0.000000    -0.007115   0.000000    -0.161518   0.000000   )
 (  0.000000   0.000000     0.014230   0.000000    -0.161518   0.000000   )
 (  0.012323   0.000000    -0.007115   0.000000    -0.161518   0.000000   )
 ( -0.000000   0.000000     0.014230   0.000000    -0.161518   0.000000   )
 (  0.012323   0.000000    -0.007115   0.000000    -0.161518   0.000000   )
 ( -0.012323   0.000000    -0.007115   0.000000    -0.161518   0.000000   )
     freq (   24) =      24.723927 [THz] =     824.701434 [cm-1]
 ( -0.000000   0.000000     0.000000   0.000000    -0.000000   0.000000   )
 ( -0.000000   0.000000    -0.000000   0.000000    -0.000000   0.000000   )
 (  0.000000   0.000000     0.000000   0.000000     0.642035   0.000000   )
 (  0.000000   0.000000    -0.000000   0.000000    -0.642035   0.000000   )
 ( -0.009095   0.000000    -0.005251   0.000000    -0.170743   0.000000   )
 (  0.000000   0.000000     0.010501   0.000000    -0.170743   0.000000   )
 (  0.009095   0.000000    -0.005251   0.000000    -0.170743   0.000000   )
 (  0.000000   0.000000    -0.010501   0.000000     0.170743   0.000000   )
 ( -0.009095   0.000000     0.005251   0.000000     0.170743   0.000000   )
 (  0.009095   0.000000     0.005251   0.000000     0.170743   0.000000   )
     freq (   25) =      31.400946 [THz] =    1047.422822 [cm-1]
 (  0.000000   0.000000     0.000000   0.000000    -0.014996   0.000000   )
 (  0.000000   0.000000    -0.000000   0.000000     0.014996   0.000000   )
 ( -0.000000   0.000000     0.000000   0.000000    -0.000000   0.000000   )
 ( -0.000000   0.000000     0.000000   0.000000     0.000000   0.000000   )
 ( -0.204078   0.000000     0.353474   0.000000     0.000000   0.000000   )
 (  0.408156   0.000000    -0.000000   0.000000     0.000000   0.000000   )
 ( -0.204078   0.000000    -0.353474   0.000000    -0.000000   0.000000   )
 (  0.408156   0.000000    -0.000000   0.000000    -0.000000   0.000000   )
 ( -0.204078   0.000000    -0.353474   0.000000    -0.000000   0.000000   )
 ( -0.204078   0.000000     0.353474   0.000000     0.000000   0.000000   )
     freq (   26) =      31.421536 [THz] =    1048.109627 [cm-1]
 (  0.000000   0.000000     0.000000   0.000000     0.000000   0.000000   )
 ( -0.000000   0.000000     0.000000   0.000000    -0.000000   0.000000   )
 (  0.000000   0.000000    -0.000000   0.000000    -0.000000   0.000000   )
 ( -0.000000   0.000000    -0.000000   0.000000     0.000000   0.000000   )
 (  0.204124   0.000000    -0.353553   0.000000    -0.000000   0.000000   )
 ( -0.408248   0.000000     0.000000   0.000000     0.000000   0.000000   )
 (  0.204124   0.000000     0.353553   0.000000     0.000000   0.000000   )
 (  0.408248   0.000000     0.000000   0.000000    -0.000000   0.000000   )
 ( -0.204124   0.000000    -0.353553   0.000000    -0.000000   0.000000   )
 ( -0.204124   0.000000     0.353553   0.000000     0.000000   0.000000   )
     freq (   27) =      40.384251 [THz] =    1347.073607 [cm-1]
 ( -0.008850   0.000000    -0.010998   0.000000    -0.000000   0.000000   )
 (  0.008850   0.000000    -0.010998   0.000000    -0.000000   0.000000   )
 (  0.000000   0.000000     0.628850   0.000000    -0.000000   0.000000   )
 ( -0.000000   0.000000     0.628850   0.000000    -0.000000   0.000000   )
 (  0.098084   0.000000    -0.204803   0.000000    -0.000248   0.000000   )
 ( -0.000000   0.000000    -0.034916   0.000000     0.000496   0.000000   )
 ( -0.098084   0.000000    -0.204803   0.000000    -0.000248   0.000000   )
 (  0.000000   0.000000    -0.034916   0.000000     0.000496   0.000000   )
 ( -0.098084   0.000000    -0.204803   0.000000    -0.000248   0.000000   )
 (  0.098084   0.000000    -0.204803   0.000000    -0.000248   0.000000   )
     freq (   28) =      41.572613 [THz] =    1386.713091 [cm-1]
 (  0.000000   0.000000     0.000000   0.000000     0.000000   0.000000   )
 (  0.000000   0.000000    -0.000000   0.000000    -0.000000   0.000000   )
 ( -0.000000   0.000000     0.629765   0.000000    -0.000000   0.000000   )
 (  0.000000   0.000000    -0.629765   0.000000     0.000000   0.000000   )
 (  0.094396   0.000000    -0.204773   0.000000    -0.001129   0.000000   )
 (  0.000000   0.000000    -0.041273   0.000000     0.002258   0.000000   )
 ( -0.094396   0.000000    -0.204773   0.000000    -0.001129   0.000000   )
 ( -0.000000   0.000000     0.041273   0.000000    -0.002258   0.000000   )
 (  0.094396   0.000000     0.204773   0.000000     0.001129   0.000000   )
 ( -0.094396   0.000000     0.204773   0.000000     0.001129   0.000000   )
     freq (   29) =      41.572613 [THz] =    1386.713092 [cm-1]
 (  0.000000   0.000000     0.000000   0.000000     0.000000   0.000000   )
 (  0.000000   0.000000     0.000000   0.000000     0.000000   0.000000   )
 (  0.629765   0.000000     0.000000   0.000000    -0.000000   0.000000   )
 ( -0.629765   0.000000    -0.000000   0.000000     0.000000   0.000000   )
 ( -0.095773   0.000000     0.094396   0.000000    -0.001955   0.000000   )
 ( -0.259272   0.000000    -0.000000   0.000000     0.000000   0.000000   )
 ( -0.095773   0.000000    -0.094396   0.000000     0.001955   0.000000   )
 (  0.259272   0.000000     0.000000   0.000000    -0.000000   0.000000   )
 (  0.095773   0.000000     0.094396   0.000000    -0.001955   0.000000   )
 (  0.095773   0.000000    -0.094396   0.000000     0.001955   0.000000   )
     freq (   30) =      44.780700 [THz] =    1493.723381 [cm-1]
 ( -0.016673   0.000000    -0.004982   0.000000     0.000000   0.000000   )
 ( -0.016673   0.000000     0.004982   0.000000    -0.000000   0.000000   )
 ( -0.615889   0.000000     0.000000   0.000000     0.000000   0.000000   )
 ( -0.615889   0.000000    -0.000000   0.000000    -0.000000   0.000000   )
 (  0.113558   0.000000    -0.094364   0.000000     0.004911   0.000000   )
 (  0.277001   0.000000    -0.000000   0.000000     0.000000   0.000000   )
 (  0.113558   0.000000     0.094364   0.000000    -0.004911   0.000000   )
 (  0.277001   0.000000     0.000000   0.000000     0.000000   0.000000   )
 (  0.113558   0.000000     0.094364   0.000000    -0.004911   0.000000   )
 (  0.113558   0.000000    -0.094364   0.000000     0.004911   0.000000   )
 **************************************************************************
