     diagonalizing the dynamical matrix ...

 q =       0.0000      0.0000      0.0000
 **************************************************************************
     freq (    1) =       0.219796 [THz] =       7.331594 [cm-1]
 ( -0.000000   0.000000     0.000000   0.000000     0.316488   0.000000   )
 (  0.000000   0.000000     0.000000   0.000000     0.316488   0.000000   )
 (  0.000000   0.000000     0.000000   0.000000     0.316182   0.000000   )
 (  0.000000   0.000000     0.000000   0.000000     0.316182   0.000000   )
 (  0.000271   0.000000     0.000156   0.000000     0.316156   0.000000   )
 (  0.000000   0.000000    -0.000313   0.000000     0.316156   0.000000   )
 ( -0.000271   0.000000     0.000156   0.000000     0.316156   0.000000   )
 (  0.000000   0.000000    -0.000313   0.000000     0.316156   0.000000   )
 ( -0.000271   0.000000     0.000156   0.000000     0.316156   0.000000   )
 (  0.000271   0.000000     0.000156   0.000000     0.316156   0.000000   )
     freq (    2) =       0.248795 [THz] =       8.298920 [cm-1]
 ( -0.000100   0.000000    -0.316860   0.000000     0.000000   0.000000   )
 (  0.000100   0.000000    -0.316860   0.000000     0.000000   0.000000   )
 (  0.000000   0.000000    -0.316158   0.000000     0.000000   0.000000   )
 (  0.000000   0.000000    -0.316158   0.000000     0.000000   0.000000   )
 (  0.000108   0.000000    -0.316101   0.000000    -0.000656   0.000000   )
 (  0.000000   0.000000    -0.315914   0.000000     0.001312   0.000000   )
 ( -0.000108   0.000000    -0.316101   0.000000    -0.000656   0.000000   )
 (  0.000000   0.000000    -0.315914   0.000000     0.001312   0.000000   )
 ( -0.000108   0.000000    -0.316101   0.000000    -0.000656   0.000000   )
 (  0.000108   0.000000    -0.316101   0.000000    -0.000656   0.000000   )
     freq (    3) =       0.248837 [THz] =       8.300304 [cm-1]
 ( -0.316543   0.000000     0.000101   0.000000    -0.000000   0.000000   )
 ( -0.316543   0.000000    -0.000101   0.000000     0.000000   0.000000   )
 ( -0.316189   0.000000    -0.000000   0.000000     0.000000   0.000000   )
 ( -0.316189   0.000000    -0.000000   0.000000     0.000000   0.000000   )
 ( -0.316077   0.000000     0.000099   0.000000    -0.000980   0.000000   )
 ( -0.316249   0.000000    -0.000000   0.000000     0.000000   0.000000   )
 ( -0.316077   0.000000    -0.000099   0.000000     0.000980   0.000000   )
 ( -0.316249   0.000000    -0.000000   0.000000     0.000000   0.000000   )
 ( -0.316077   0.000000    -0.000099   0.000000     0.000980   0.000000   )
 ( -0.316077   0.000000     0.000099   0.000000    -0.000980   0.000000   )
     freq (    4) =       3.301937 [THz] =     110.140776 [cm-1]
 ( -0.000000   0.000000     0.000000   0.000000     0.217310   0.000000   )
 (  0.000000   0.000000     0.000000   0.000000     0.217310   0.000000   )
 ( -0.000000   0.000000    -0.000000   0.000000    -0.121662   0.000000   )
 (  0.000000   0.000000    -0.000000   0.000000    -0.121662   0.000000   )
 (  0.303758   0.000000     0.175375   0.000000    -0.151546   0.000000   )
 ( -0.000000   0.000000    -0.350750   0.000000    -0.151547   0.000000   )
 ( -0.303758   0.000000     0.175375   0.000000    -0.151546   0.000000   )
 (  0.000000   0.000000    -0.350750   0.000000    -0.151547   0.000000   )
 ( -0.303758   0.000000     0.175375   0.000000    -0.151546   0.000000   )
 (  0.303758   0.000000     0.175375   0.000000    -0.151546   0.000000   )
     freq (    5) =       4.058046 [THz] =     135.361836 [cm-1]
 (  0.182724   0.000000    -0.174384   0.000000     0.000000   0.000000   )
 ( -0.182724   0.000000    -0.174384   0.000000     0.000000   0.000000   )
 (  0.000000   0.000000     0.096109   0.000000    -0.000000   0.000000   )
 (  0.000000   0.000000     0.096109   0.000000    -0.000000   0.000000   )
 (  0.019747   0.000000     0.111536   0.000000    -0.251683   0.000000   )
 (  0.000000   0.000000     0.145740   0.000000     0.503365   0.000000   )
 ( -0.019747   0.000000     0.111536   0.000000    -0.251683   0.000000   )
 (  0.000000   0.000000     0.145740   0.000000     0.503365   0.000000   )
 ( -0.019747   0.000000     0.111536   0.000000    -0.251683   0.000000   )
 (  0.019747   0.000000     0.111536   0.000000    -0.251683   0.000000   )
     freq (    6) =       4.378160 [THz] =     146.039707 [cm-1]
 ( -0.098453   0.000000    -0.243786   0.000000     0.000000   0.000000   )
 ( -0.098453   0.000000     0.243786   0.000000    -0.000000   0.000000   )
 (  0.062046   0.000000    -0.000000   0.000000     0.000000   0.000000   )
 (  0.062046   0.000000     0.000000   0.000000    -0.000000   0.000000   )
 (  0.078511   0.000000     0.018782   0.000000    -0.453805   0.000000   )
 (  0.045980   0.000000    -0.000000   0.000000    -0.000000   0.000000   )
 (  0.078511   0.000000    -0.018782   0.000000     0.453805   0.000000   )
 (  0.045980   0.000000    -0.000000   0.000000    -0.000000   0.000000   )
 (  0.078511   0.000000    -0.018782   0.000000     0.453805   0.000000   )
 (  0.078511   0.000000     0.018782   0.000000    -0.453805   0.000000   )
     freq (    7) =       4.882348 [THz] =     162.857609 [cm-1]
 (  0.000000   0.000000     0.000000   0.000000     0.000000   0.000000   )
 (  0.000000   0.000000    -0.000000   0.000000     0.000000   0.000000   )
 ( -0.000000   0.000000    -0.327743   0.000000     0.000000   0.000000   )
 (  0.000000   0.000000     0.327743   0.000000    -0.000000   0.000000   )
 ( -0.003694   0.000000    -0.345710   0.000000     0.070173   0.000000   )
 ( -0.000000   0.000000    -0.352109   0.000000    -0.140346   0.000000   )
 (  0.003694   0.000000    -0.345710   0.000000     0.070173   0.000000   )
 (  0.000000   0.000000     0.352109   0.000000     0.140346   0.000000   )
 ( -0.003694   0.000000     0.345710   0.000000    -0.070173   0.000000   )
 (  0.003694   0.000000     0.345710   0.000000    -0.070173   0.000000   )
     freq (    8) =       4.882348 [THz] =     162.857616 [cm-1]
 ( -0.000000   0.000000    -0.000000   0.000000    -0.000000   0.000000   )
 (  0.000000   0.000000    -0.000000   0.000000    -0.000000   0.000000   )
 ( -0.327743   0.000000     0.000000   0.000000     0.000000   0.000000   )
 (  0.327743   0.000000    -0.000000   0.000000    -0.000000   0.000000   )
 ( -0.349976   0.000000    -0.003694   0.000000     0.121544   0.000000   )
 ( -0.343577   0.000000     0.000000   0.000000     0.000000   0.000000   )
 ( -0.349976   0.000000     0.003694   0.000000    -0.121544   0.000000   )
 (  0.343577   0.000000    -0.000000   0.000000    -0.000000   0.000000   )
 (  0.349976   0.000000    -0.003694   0.000000     0.121544   0.000000   )
 (  0.349976   0.000000     0.003694   0.000000    -0.121544   0.000000   )
     freq (    9) =       5.823085 [THz] =     194.237196 [cm-1]
 ( -0.000000   0.000000    -0.000000   0.000000     0.000000   0.000000   )
 (  0.000000   0.000000    -0.000000   0.000000     0.000000   0.000000   )
 (  0.000000   0.000000     0.000000   0.000000     0.199385   0.000000   )
 ( -0.000000   0.000000    -0.000000   0.000000    -0.199385   0.000000   )
 ( -0.287511   0.000000    -0.165994   0.000000     0.207843   0.000000   )
 (  0.000000   0.000000     0.331989   0.000000     0.207843   0.000000   )
 (  0.287511   0.000000    -0.165994   0.000000     0.207843   0.000000   )
 ( -0.000000   0.000000    -0.331989   0.000000    -0.207843   0.000000   )
 ( -0.287511   0.000000     0.165994   0.000000    -0.207843   0.000000   )
 (  0.287511   0.000000     0.165994   0.000000    -0.207843   0.000000   )
     freq (   10) =       6.137618 [THz] =     204.728886 [cm-1]
 (  0.597820   0.000000     0.177101   0.000000     0.000000   0.000000   )
 ( -0.597820   0.000000     0.177101   0.000000     0.000000   0.000000   )
 ( -0.000000   0.000000    -0.068477   0.000000    -0.000000   0.000000   )
 (  0.000000   0.000000    -0.068477   0.000000    -0.000000   0.000000   )
 ( -0.024147   0.000000    -0.117739   0.000000     0.093280   0.000000   )
 ( -0.000000   0.000000    -0.159562   0.000000    -0.186560   0.000000   )
 (  0.024147   0.000000    -0.117739   0.000000     0.093280   0.000000   )
 (  0.000000   0.000000    -0.159562   0.000000    -0.186560   0.000000   )
 (  0.024147   0.000000    -0.117739   0.000000     0.093280   0.000000   )
 ( -0.024147   0.000000    -0.117739   0.000000     0.093280   0.000000   )
     freq (   11) =       6.429864 [THz] =     214.477183 [cm-1]
 ( -0.037503   0.000000     0.521770   0.000000     0.000000   0.000000   )
 ( -0.037503   0.000000    -0.521770   0.000000    -0.000000   0.000000   )
 ( -0.005021   0.000000     0.000000   0.000000     0.000000   0.000000   )
 ( -0.005021   0.000000    -0.000000   0.000000    -0.000000   0.000000   )
 (  0.050808   0.000000     0.030068   0.000000    -0.331174   0.000000   )
 ( -0.001272   0.000000     0.000000   0.000000    -0.000000   0.000000   )
 (  0.050808   0.000000    -0.030068   0.000000     0.331174   0.000000   )
 ( -0.001272   0.000000    -0.000000   0.000000     0.000000   0.000000   )
 (  0.050808   0.000000    -0.030068   0.000000     0.331174   0.000000   )
 (  0.050808   0.000000     0.030068   0.000000    -0.331174   0.000000   )
     freq (   12) =       7.669876 [THz] =     255.839517 [cm-1]
 ( -0.000000   0.000000     0.000000   0.000000    -0.705711   0.000000   )
 ( -0.000000   0.000000    -0.000000   0.000000     0.705711   0.000000   )
 (  0.000000   0.000000    -0.000000   0.000000     0.000000   0.000000   )
 (  0.000000   0.000000    -0.000000   0.000000     0.000000   0.000000   )
 (  0.012819   0.000000    -0.022204   0.000000    -0.000000   0.000000   )
 ( -0.025639   0.000000    -0.000000   0.000000     0.000000   0.000000   )
 (  0.012819   0.000000     0.022204   0.000000     0.000000   0.000000   )
 ( -0.025639   0.000000    -0.000000   0.000000     0.000000   0.000000   )
 (  0.012819   0.000000     0.022204   0.000000     0.000000   0.000000   )
 (  0.012819   0.000000    -0.022204   0.000000    -0.000000   0.000000   )
     freq (   13) =       7.755037 [THz] =     258.680179 [cm-1]
 ( -0.090804   0.000000     0.322981   0.000000    -0.000011   0.000000   )
 (  0.090804   0.000000     0.322981   0.000000    -0.000011   0.000000   )
 (  0.000000   0.000000    -0.205425   0.000000     0.000008   0.000000   )
 ( -0.000000   0.000000    -0.205425   0.000000     0.000008   0.000000   )
 (  0.015477   0.000000    -0.227104   0.000000    -0.183240   0.000000   )
 (  0.000000   0.000000    -0.200325   0.000000     0.366501   0.000000   )
 ( -0.015477   0.000000    -0.227104   0.000000    -0.183240   0.000000   )
 ( -0.000000   0.000000    -0.200325   0.000000     0.366501   0.000000   )
 ( -0.015477   0.000000    -0.227104   0.000000    -0.183240   0.000000   )
 (  0.015477   0.000000    -0.227104   0.000000    -0.183240   0.000000   )
     freq (   14) =       7.757225 [THz] =     258.753189 [cm-1]
 (  0.000003   0.000000    -0.000010   0.000000    -0.314758   0.000000   )
 ( -0.000003   0.000000    -0.000010   0.000000    -0.314758   0.000000   )
 ( -0.000000   0.000000     0.000007   0.000000     0.234031   0.000000   )
 (  0.000000   0.000000     0.000007   0.000000     0.234031   0.000000   )
 (  0.235044   0.000000     0.135710   0.000000     0.204272   0.000000   )
 ( -0.000000   0.000000    -0.271399   0.000000     0.204254   0.000000   )
 ( -0.235044   0.000000     0.135710   0.000000     0.204272   0.000000   )
 (  0.000000   0.000000    -0.271399   0.000000     0.204254   0.000000   )
 ( -0.235044   0.000000     0.135710   0.000000     0.204272   0.000000   )
 (  0.235044   0.000000     0.135710   0.000000     0.204272   0.000000   )
     freq (   15) =       8.058829 [THz] =     268.813617 [cm-1]
 (  0.000000   0.000000    -0.000000   0.000000    -0.000000   0.000000   )
 (  0.000000   0.000000     0.000000   0.000000    -0.000000   0.000000   )
 (  0.097624   0.000000    -0.000000   0.000000     0.000000   0.000000   )
 ( -0.097624   0.000000     0.000000   0.000000    -0.000000   0.000000   )
 (  0.083099   0.000000    -0.011213   0.000000     0.482647   0.000000   )
 (  0.102520   0.000000    -0.000000   0.000000     0.000000   0.000000   )
 (  0.083099   0.000000     0.011213   0.000000    -0.482647   0.000000   )
 ( -0.102520   0.000000     0.000000   0.000000    -0.000000   0.000000   )
 ( -0.083099   0.000000    -0.011213   0.000000     0.482647   0.000000   )
 ( -0.083099   0.000000     0.011213   0.000000    -0.482647   0.000000   )
     freq (   16) =       8.058830 [THz] =     268.813618 [cm-1]
 (  0.000000   0.000000    -0.000000   0.000000     0.000000   0.000000   )
 ( -0.000000   0.000000     0.000000   0.000000     0.000000   0.000000   )
 (  0.000000   0.000000     0.097624   0.000000     0.000000   0.000000   )
 ( -0.000000   0.000000    -0.097624   0.000000    -0.000000   0.000000   )
 ( -0.011213   0.000000     0.096046   0.000000     0.278657   0.000000   )
 (  0.000000   0.000000     0.076625   0.000000    -0.557313   0.000000   )
 (  0.011213   0.000000     0.096046   0.000000     0.278657   0.000000   )
 ( -0.000000   0.000000    -0.076625   0.000000     0.557313   0.000000   )
 ( -0.011213   0.000000    -0.096046   0.000000    -0.278657   0.000000   )
 (  0.011213   0.000000    -0.096046   0.000000    -0.278657   0.000000   )
     freq (   17) =       8.722771 [THz] =     290.960327 [cm-1]
 (  0.000000   0.000000    -0.000000   0.000000    -0.000000   0.000000   )
 ( -0.000000   0.000000     0.000000   0.000000    -0.000000   0.000000   )
 ( -0.000000   0.000000    -0.000000   0.000000     0.325741   0.000000   )
 (  0.000000   0.000000     0.000000   0.000000    -0.325741   0.000000   )
 (  0.195881   0.000000     0.113092   0.000000     0.283088   0.000000   )
 ( -0.000000   0.000000    -0.226183   0.000000     0.283088   0.000000   )
 ( -0.195881   0.000000     0.113092   0.000000     0.283088   0.000000   )
 (  0.000000   0.000000     0.226183   0.000000    -0.283088   0.000000   )
 (  0.195881   0.000000    -0.113092   0.000000    -0.283088   0.000000   )
 ( -0.195881   0.000000    -0.113092   0.000000    -0.283088   0.000000   )
     freq (   18) =      10.838099 [THz] =     361.520061 [cm-1]
 ( -0.397115   0.000000     0.033311   0.000000     0.000000   0.000000   )
 ( -0.397115   0.000000    -0.033311   0.000000    -0.000000   0.000000   )
 (  0.315819   0.000000     0.000000   0.000000     0.000000   0.000000   )
 (  0.315819   0.000000    -0.000000   0.000000    -0.000000   0.000000   )
 (  0.250770   0.000000    -0.003275   0.000000     0.157945   0.000000   )
 (  0.256442   0.000000    -0.000000   0.000000     0.000000   0.000000   )
 (  0.250770   0.000000     0.003275   0.000000    -0.157945   0.000000   )
 (  0.256442   0.000000     0.000000   0.000000     0.000000   0.000000   )
 (  0.250770   0.000000     0.003275   0.000000    -0.157945   0.000000   )
 (  0.250770   0.000000    -0.003275   0.000000     0.157945   0.000000   )
     freq (   19) =      20.367694 [THz] =     679.393143 [cm-1]
 ( -0.000000   0.000000    -0.000000   0.000000     0.000000   0.000000   )
 (  0.000000   0.000000    -0.000000   0.000000     0.000000   0.000000   )
 (  0.221660   0.000000     0.000000   0.000000     0.000000   0.000000   )
 ( -0.221660   0.000000    -0.000000   0.000000     0.000000   0.000000   )
 ( -0.243683   0.000000    -0.332492   0.000000    -0.017880   0.000000   )
 (  0.332209   0.000000    -0.000000   0.000000     0.000000   0.000000   )
 ( -0.243683   0.000000     0.332492   0.000000     0.017880   0.000000   )
 ( -0.332209   0.000000     0.000000   0.000000    -0.000000   0.000000   )
 (  0.243683   0.000000    -0.332492   0.000000    -0.017880   0.000000   )
 (  0.243683   0.000000     0.332492   0.000000     0.017880   0.000000   )
     freq (   20) =      20.367694 [THz] =     679.393147 [cm-1]
 ( -0.000000   0.000000    -0.000000   0.000000     0.000000   0.000000   )
 (  0.000000   0.000000    -0.000000   0.000000    -0.000000   0.000000   )
 ( -0.000000   0.000000     0.221660   0.000000     0.000000   0.000000   )
 (  0.000000   0.000000    -0.221660   0.000000    -0.000000   0.000000   )
 ( -0.332492   0.000000     0.140245   0.000000    -0.010323   0.000000   )
 ( -0.000000   0.000000    -0.435647   0.000000     0.020646   0.000000   )
 (  0.332492   0.000000     0.140245   0.000000    -0.010323   0.000000   )
 (  0.000000   0.000000     0.435647   0.000000    -0.020646   0.000000   )
 ( -0.332492   0.000000    -0.140245   0.000000     0.010323   0.000000   )
 (  0.332492   0.000000    -0.140245   0.000000     0.010323   0.000000   )
     freq (   21) =      20.386318 [THz] =     680.014365 [cm-1]
 ( -0.016702   0.000000    -0.007121   0.000000     0.000000   0.000000   )
 (  0.016702   0.000000    -0.007121   0.000000     0.000000   0.000000   )
 ( -0.000000   0.000000     0.228371   0.000000    -0.000000   0.000000   )
 (  0.000000   0.000000     0.228371   0.000000    -0.000000   0.000000   )
 ( -0.330438   0.000000     0.139516   0.000000    -0.021896   0.000000   )
 ( -0.000000   0.000000    -0.432819   0.000000     0.043791   0.000000   )
 (  0.330438   0.000000     0.139516   0.000000    -0.021896   0.000000   )
 (  0.000000   0.000000    -0.432819   0.000000     0.043791   0.000000   )
 (  0.330438   0.000000     0.139516   0.000000    -0.021896   0.000000   )
 ( -0.330438   0.000000     0.139516   0.000000    -0.021896   0.000000   )
     freq (   22) =      20.416931 [THz] =     681.035514 [cm-1]
 ( -0.001897   0.000000    -0.015405   0.000000    -0.000000   0.000000   )
 ( -0.001897   0.000000     0.015405   0.000000     0.000000   0.000000   )
 ( -0.212113   0.000000    -0.000000   0.000000     0.000000   0.000000   )
 ( -0.212113   0.000000    -0.000000   0.000000    -0.000000   0.000000   )
 (  0.246781   0.000000     0.332648   0.000000     0.039771   0.000000   )
 ( -0.329382   0.000000     0.000000   0.000000    -0.000000   0.000000   )
 (  0.246781   0.000000    -0.332648   0.000000    -0.039771   0.000000   )
 ( -0.329382   0.000000     0.000000   0.000000    -0.000000   0.000000   )
 (  0.246781   0.000000    -0.332648   0.000000    -0.039771   0.000000   )
 (  0.246781   0.000000     0.332648   0.000000     0.039771   0.000000   )
     freq (   23) =      24.786837 [THz] =     826.799897 [cm-1]
 ( -0.000000   0.000000     0.000000   0.000000     0.001602   0.000000   )
 (  0.000000   0.000000     0.000000   0.000000     0.001602   0.000000   )
 ( -0.000000   0.000000     0.000000   0.000000     0.647487   0.000000   )
 (  0.000000   0.000000     0.000000   0.000000     0.647487   0.000000   )
 ( -0.013174   0.000000    -0.007606   0.000000    -0.163364   0.000000   )
 (  0.000000   0.000000     0.015211   0.000000    -0.163364   0.000000   )
 (  0.013174   0.000000    -0.007606   0.000000    -0.163364   0.000000   )
 (  0.000000   0.000000     0.015211   0.000000    -0.163364   0.000000   )
 (  0.013174   0.000000    -0.007606   0.000000    -0.163364   0.000000   )
 ( -0.013174   0.000000    -0.007606   0.000000    -0.163364   0.000000   )
     freq (   24) =      24.881701 [THz] =     829.964223 [cm-1]
 (  0.000000   0.000000    -0.000000   0.000000    -0.000000   0.000000   )
 (  0.000000   0.000000    -0.000000   0.000000    -0.000000   0.000000   )
 (  0.000000   0.000000    -0.000000   0.000000     0.639370   0.000000   )
 (  0.000000   0.000000     0.000000   0.000000    -0.639370   0.000000   )
 ( -0.011065   0.000000    -0.006388   0.000000    -0.173893   0.000000   )
 ( -0.000000   0.000000     0.012777   0.000000    -0.173893   0.000000   )
 (  0.011065   0.000000    -0.006388   0.000000    -0.173893   0.000000   )
 (  0.000000   0.000000    -0.012777   0.000000     0.173893   0.000000   )
 ( -0.011065   0.000000     0.006388   0.000000     0.173893   0.000000   )
 (  0.011065   0.000000     0.006388   0.000000     0.173893   0.000000   )
     freq (   25) =      31.632229 [THz] =    1055.137582 [cm-1]
 ( -0.000000   0.000000     0.000000   0.000000    -0.017757   0.000000   )
 ( -0.000000   0.000000    -0.000000   0.000000     0.017757   0.000000   )
 ( -0.000000   0.000000    -0.000000   0.000000    -0.000000   0.000000   )
 ( -0.000000   0.000000     0.000000   0.000000    -0.000000   0.000000   )
 ( -0.204060   0.000000     0.353442   0.000000     0.000000   0.000000   )
 (  0.408120   0.000000     0.000000   0.000000     0.000000   0.000000   )
 ( -0.204060   0.000000    -0.353442   0.000000    -0.000000   0.000000   )
 (  0.408120   0.000000     0.000000   0.000000    -0.000000   0.000000   )
 ( -0.204060   0.000000    -0.353442   0.000000    -0.000000   0.000000   )
 ( -0.204060   0.000000     0.353442   0.000000     0.000000   0.000000   )
     freq (   26) =      31.655778 [THz] =    1055.923101 [cm-1]
 (  0.000000   0.000000    -0.000000   0.000000    -0.000000   0.000000   )
 ( -0.000000   0.000000     0.000000   0.000000     0.000000   0.000000   )
 (  0.000000   0.000000    -0.000000   0.000000     0.000000   0.000000   )
 ( -0.000000   0.000000    -0.000000   0.000000    -0.000000   0.000000   )
 ( -0.204124   0.000000     0.353553   0.000000    -0.000000   0.000000   )
 (  0.408248   0.000000    -0.000000   0.000000    -0.000000   0.000000   )
 ( -0.204124   0.000000    -0.353553   0.000000     0.000000   0.000000   )
 ( -0.408248   0.000000     0.000000   0.000000     0.000000   0.000000   )
 (  0.204124   0.000000     0.353553   0.000000    -0.000000   0.000000   )
 (  0.204124   0.000000    -0.353553   0.000000     0.000000   0.000000   )
     freq (   27) =      40.814962 [THz] =    1361.440586 [cm-1]
 ( -0.007901   0.000000    -0.010577   0.000000    -0.000000   0.000000   )
 (  0.007901   0.000000    -0.010577   0.000000    -0.000000   0.000000   )
 ( -0.000000   0.000000     0.628088   0.000000     0.000000   0.000000   )
 (  0.000000   0.000000     0.628088   0.000000     0.000000   0.000000   )
 (  0.099155   0.000000    -0.205575   0.000000    -0.000365   0.000000   )
 (  0.000000   0.000000    -0.033833   0.000000     0.000731   0.000000   )
 ( -0.099155   0.000000    -0.205575   0.000000    -0.000365   0.000000   )
 ( -0.000000   0.000000    -0.033833   0.000000     0.000731   0.000000   )
 ( -0.099155   0.000000    -0.205575   0.000000    -0.000365   0.000000   )
 (  0.099155   0.000000    -0.205575   0.000000    -0.000365   0.000000   )
     freq (   28) =      41.856294 [THz] =    1396.175668 [cm-1]
 (  0.000000   0.000000    -0.000000   0.000000     0.000000   0.000000   )
 (  0.000000   0.000000    -0.000000   0.000000    -0.000000   0.000000   )
 (  0.628864   0.000000    -0.000000   0.000000    -0.000000   0.000000   )
 ( -0.628864   0.000000     0.000000   0.000000     0.000000   0.000000   )
 ( -0.094436   0.000000     0.096222   0.000000    -0.001521   0.000000   )
 ( -0.261097   0.000000     0.000000   0.000000    -0.000000   0.000000   )
 ( -0.094436   0.000000    -0.096222   0.000000     0.001521   0.000000   )
 (  0.261097   0.000000    -0.000000   0.000000     0.000000   0.000000   )
 (  0.094436   0.000000     0.096222   0.000000    -0.001521   0.000000   )
 (  0.094436   0.000000    -0.096222   0.000000     0.001521   0.000000   )
     freq (   29) =      41.856294 [THz] =    1396.175669 [cm-1]
 (  0.000000   0.000000    -0.000000   0.000000    -0.000000   0.000000   )
 (  0.000000   0.000000     0.000000   0.000000    -0.000000   0.000000   )
 ( -0.000000   0.000000    -0.628864   0.000000    -0.000000   0.000000   )
 (  0.000000   0.000000     0.628864   0.000000     0.000000   0.000000   )
 ( -0.096222   0.000000     0.205543   0.000000     0.000878   0.000000   )
 (  0.000000   0.000000     0.038882   0.000000    -0.001756   0.000000   )
 (  0.096222   0.000000     0.205543   0.000000     0.000878   0.000000   )
 ( -0.000000   0.000000    -0.038882   0.000000     0.001756   0.000000   )
 ( -0.096222   0.000000    -0.205543   0.000000    -0.000878   0.000000   )
 (  0.096222   0.000000    -0.205543   0.000000    -0.000878   0.000000   )
     freq (   30) =      45.173755 [THz] =    1506.834258 [cm-1]
 ( -0.016348   0.000000    -0.004346   0.000000     0.000000   0.000000   )
 ( -0.016348   0.000000     0.004346   0.000000    -0.000000   0.000000   )
 ( -0.615807   0.000000    -0.000000   0.000000     0.000000   0.000000   )
 ( -0.615807   0.000000    -0.000000   0.000000    -0.000000   0.000000   )
 (  0.112950   0.000000    -0.094902   0.000000     0.005426   0.000000   )
 (  0.277325   0.000000    -0.000000   0.000000     0.000000   0.000000   )
 (  0.112950   0.000000     0.094902   0.000000    -0.005426   0.000000   )
 (  0.277325   0.000000    -0.000000   0.000000     0.000000   0.000000   )
 (  0.112950   0.000000     0.094902   0.000000    -0.005426   0.000000   )
 (  0.112950   0.000000    -0.094902   0.000000     0.005426   0.000000   )
 **************************************************************************
