     diagonalizing the dynamical matrix ...

 q =       0.0000      0.0000      0.0000
 **************************************************************************
     freq (    1) =       0.253789 [THz] =       8.465494 [cm-1]
 ( -0.000000   0.000000    -0.000257   0.000000     0.316906   0.000000   )
 (  0.000000   0.000000    -0.000257   0.000000     0.316906   0.000000   )
 ( -0.000000   0.000000    -0.000257   0.000000     0.316102   0.000000   )
 ( -0.000000   0.000000    -0.000257   0.000000     0.316102   0.000000   )
 (  0.000560   0.000000     0.000067   0.000000     0.316042   0.000000   )
 ( -0.000000   0.000000    -0.000903   0.000000     0.316044   0.000000   )
 ( -0.000560   0.000000     0.000067   0.000000     0.316042   0.000000   )
 ( -0.000000   0.000000    -0.000903   0.000000     0.316044   0.000000   )
 ( -0.000560   0.000000     0.000067   0.000000     0.316042   0.000000   )
 (  0.000560   0.000000     0.000067   0.000000     0.316042   0.000000   )
     freq (    2) =       0.262240 [THz] =       8.747372 [cm-1]
 (  0.000004   0.000000    -0.317084   0.000000    -0.000257   0.000000   )
 ( -0.000004   0.000000    -0.317084   0.000000    -0.000257   0.000000   )
 ( -0.000000   0.000000    -0.316124   0.000000    -0.000257   0.000000   )
 ( -0.000000   0.000000    -0.316124   0.000000    -0.000257   0.000000   )
 (  0.000126   0.000000    -0.316047   0.000000    -0.001051   0.000000   )
 ( -0.000000   0.000000    -0.315828   0.000000     0.001332   0.000000   )
 ( -0.000126   0.000000    -0.316047   0.000000    -0.001051   0.000000   )
 ( -0.000000   0.000000    -0.315828   0.000000     0.001332   0.000000   )
 ( -0.000126   0.000000    -0.316047   0.000000    -0.001051   0.000000   )
 (  0.000126   0.000000    -0.316047   0.000000    -0.001051   0.000000   )
     freq (    3) =       0.262320 [THz] =       8.750058 [cm-1]
 ( -0.316642   0.000000     0.000010   0.000000    -0.000000   0.000000   )
 ( -0.316642   0.000000    -0.000010   0.000000     0.000000   0.000000   )
 ( -0.316167   0.000000     0.000000   0.000000    -0.000000   0.000000   )
 ( -0.316167   0.000000     0.000000   0.000000    -0.000000   0.000000   )
 ( -0.316044   0.000000     0.000112   0.000000    -0.001129   0.000000   )
 ( -0.316237   0.000000     0.000000   0.000000    -0.000000   0.000000   )
 ( -0.316044   0.000000    -0.000112   0.000000     0.001129   0.000000   )
 ( -0.316237   0.000000     0.000000   0.000000    -0.000000   0.000000   )
 ( -0.316044   0.000000    -0.000112   0.000000     0.001129   0.000000   )
 ( -0.316044   0.000000     0.000112   0.000000    -0.001129   0.000000   )
     freq (    4) =       3.298624 [THz] =     110.030251 [cm-1]
 (  0.000000   0.000000    -0.000000   0.000000    -0.215064   0.000000   )
 ( -0.000000   0.000000    -0.000000   0.000000    -0.215064   0.000000   )
 ( -0.000000   0.000000     0.000000   0.000000     0.121198   0.000000   )
 ( -0.000000   0.000000     0.000000   0.000000     0.121198   0.000000   )
 ( -0.304609   0.000000    -0.175866   0.000000     0.150457   0.000000   )
 (  0.000000   0.000000     0.351732   0.000000     0.150458   0.000000   )
 (  0.304609   0.000000    -0.175866   0.000000     0.150457   0.000000   )
 ( -0.000000   0.000000     0.351732   0.000000     0.150458   0.000000   )
 (  0.304609   0.000000    -0.175866   0.000000     0.150457   0.000000   )
 ( -0.304609   0.000000    -0.175866   0.000000     0.150457   0.000000   )
     freq (    5) =       3.866158 [THz] =     128.961155 [cm-1]
 (  0.186485   0.000000    -0.173139   0.000000     0.000000   0.000000   )
 ( -0.186485   0.000000    -0.173139   0.000000     0.000000   0.000000   )
 (  0.000000   0.000000     0.095875   0.000000     0.000000   0.000000   )
 (  0.000000   0.000000     0.095875   0.000000     0.000000   0.000000   )
 (  0.019404   0.000000     0.111152   0.000000    -0.251541   0.000000   )
 (  0.000000   0.000000     0.144761   0.000000     0.503081   0.000000   )
 ( -0.019404   0.000000     0.111152   0.000000    -0.251541   0.000000   )
 (  0.000000   0.000000     0.144761   0.000000     0.503081   0.000000   )
 ( -0.019404   0.000000     0.111152   0.000000    -0.251541   0.000000   )
 (  0.019404   0.000000     0.111152   0.000000    -0.251541   0.000000   )
     freq (    6) =       4.206100 [THz] =     140.300390 [cm-1]
 ( -0.100807   0.000000    -0.244222   0.000000     0.000000   0.000000   )
 ( -0.100807   0.000000     0.244222   0.000000    -0.000000   0.000000   )
 (  0.063839   0.000000    -0.000000   0.000000     0.000000   0.000000   )
 (  0.063839   0.000000    -0.000000   0.000000    -0.000000   0.000000   )
 (  0.080071   0.000000     0.018449   0.000000    -0.452935   0.000000   )
 (  0.048116   0.000000    -0.000000   0.000000    -0.000000   0.000000   )
 (  0.080071   0.000000    -0.018449   0.000000     0.452935   0.000000   )
 (  0.048116   0.000000     0.000000   0.000000    -0.000000   0.000000   )
 (  0.080071   0.000000    -0.018449   0.000000     0.452935   0.000000   )
 (  0.080071   0.000000     0.018449   0.000000    -0.452935   0.000000   )
     freq (    7) =       4.791882 [THz] =     159.839994 [cm-1]
 ( -0.000000   0.000000    -0.000000   0.000000     0.000000   0.000000   )
 ( -0.000000   0.000000     0.000000   0.000000     0.000000   0.000000   )
 (  0.323195   0.000000    -0.000000   0.000000    -0.000000   0.000000   )
 ( -0.323195   0.000000     0.000000   0.000000     0.000000   0.000000   )
 (  0.346676   0.000000     0.004696   0.000000    -0.142342   0.000000   )
 (  0.338542   0.000000    -0.000000   0.000000    -0.000000   0.000000   )
 (  0.346676   0.000000    -0.004696   0.000000     0.142342   0.000000   )
 ( -0.338542   0.000000     0.000000   0.000000     0.000000   0.000000   )
 ( -0.346676   0.000000     0.004696   0.000000    -0.142342   0.000000   )
 ( -0.346676   0.000000    -0.004696   0.000000     0.142342   0.000000   )
     freq (    8) =       4.791884 [THz] =     159.840046 [cm-1]
 (  0.000000   0.000000     0.000000   0.000000     0.000000   0.000000   )
 (  0.000000   0.000000    -0.000000   0.000000     0.000000   0.000000   )
 ( -0.000000   0.000000    -0.323195   0.000000     0.000000   0.000000   )
 (  0.000000   0.000000     0.323195   0.000000    -0.000000   0.000000   )
 ( -0.004696   0.000000    -0.341253   0.000000     0.082181   0.000000   )
 ( -0.000000   0.000000    -0.349387   0.000000    -0.164363   0.000000   )
 (  0.004696   0.000000    -0.341253   0.000000     0.082181   0.000000   )
 (  0.000000   0.000000     0.349387   0.000000     0.164363   0.000000   )
 ( -0.004696   0.000000     0.341253   0.000000    -0.082181   0.000000   )
 (  0.004696   0.000000     0.341253   0.000000    -0.082181   0.000000   )
     freq (    9) =       5.643425 [THz] =     188.244396 [cm-1]
 ( -0.000000   0.000000     0.000000   0.000000     0.000000   0.000000   )
 (  0.000000   0.000000    -0.000000   0.000000     0.000000   0.000000   )
 ( -0.000000   0.000000    -0.000000   0.000000    -0.206138   0.000000   )
 (  0.000000   0.000000     0.000000   0.000000     0.206138   0.000000   )
 (  0.283107   0.000000     0.163452   0.000000    -0.213627   0.000000   )
 ( -0.000000   0.000000    -0.326903   0.000000    -0.213627   0.000000   )
 ( -0.283107   0.000000     0.163452   0.000000    -0.213627   0.000000   )
 (  0.000000   0.000000     0.326903   0.000000     0.213627   0.000000   )
 (  0.283107   0.000000    -0.163452   0.000000     0.213627   0.000000   )
 ( -0.283107   0.000000    -0.163452   0.000000     0.213627   0.000000   )
     freq (   10) =       6.169468 [THz] =     205.791289 [cm-1]
 ( -0.593489   0.000000    -0.180749   0.000000     0.000000   0.000000   )
 (  0.593489   0.000000    -0.180749   0.000000     0.000000   0.000000   )
 (  0.000000   0.000000     0.070937   0.000000    -0.000000   0.000000   )
 ( -0.000000   0.000000     0.070937   0.000000    -0.000000   0.000000   )
 (  0.025179   0.000000     0.119642   0.000000    -0.094446   0.000000   )
 (  0.000000   0.000000     0.163254   0.000000     0.188891   0.000000   )
 ( -0.025179   0.000000     0.119642   0.000000    -0.094446   0.000000   )
 ( -0.000000   0.000000     0.163254   0.000000     0.188891   0.000000   )
 ( -0.025179   0.000000     0.119642   0.000000    -0.094446   0.000000   )
 (  0.025179   0.000000     0.119642   0.000000    -0.094446   0.000000   )
     freq (   11) =       6.481953 [THz] =     216.214695 [cm-1]
 (  0.042670   0.000000    -0.522174   0.000000    -0.000000   0.000000   )
 (  0.042670   0.000000     0.522174   0.000000     0.000000   0.000000   )
 (  0.001426   0.000000    -0.000000   0.000000    -0.000000   0.000000   )
 (  0.001426   0.000000    -0.000000   0.000000     0.000000   0.000000   )
 ( -0.054806   0.000000    -0.031081   0.000000     0.329827   0.000000   )
 ( -0.000972   0.000000    -0.000000   0.000000    -0.000000   0.000000   )
 ( -0.054806   0.000000     0.031081   0.000000    -0.329827   0.000000   )
 ( -0.000972   0.000000     0.000000   0.000000     0.000000   0.000000   )
 ( -0.054806   0.000000     0.031081   0.000000    -0.329827   0.000000   )
 ( -0.054806   0.000000    -0.031081   0.000000     0.329827   0.000000   )
     freq (   12) =       7.879882 [THz] =     262.844576 [cm-1]
 ( -0.000000   0.000000     0.000000   0.000000    -0.705595   0.000000   )
 ( -0.000000   0.000000    -0.000000   0.000000     0.705595   0.000000   )
 (  0.000000   0.000000    -0.000000   0.000000     0.000000   0.000000   )
 (  0.000000   0.000000    -0.000000   0.000000     0.000000   0.000000   )
 (  0.013339   0.000000    -0.023104   0.000000    -0.000000   0.000000   )
 ( -0.026678   0.000000    -0.000000   0.000000     0.000000   0.000000   )
 (  0.013339   0.000000     0.023104   0.000000     0.000000   0.000000   )
 ( -0.026678   0.000000    -0.000000   0.000000     0.000000   0.000000   )
 (  0.013339   0.000000     0.023104   0.000000     0.000000   0.000000   )
 (  0.013339   0.000000    -0.023104   0.000000    -0.000000   0.000000   )
     freq (   13) =       7.892335 [THz] =     263.259971 [cm-1]
 (  0.093427   0.000000    -0.322298   0.000000     0.000001   0.000000   )
 ( -0.093427   0.000000    -0.322298   0.000000     0.000001   0.000000   )
 (  0.000000   0.000000     0.205994   0.000000    -0.000001   0.000000   )
 ( -0.000000   0.000000     0.205994   0.000000    -0.000001   0.000000   )
 ( -0.016150   0.000000     0.226889   0.000000     0.183445   0.000000   )
 ( -0.000000   0.000000     0.198919   0.000000    -0.366893   0.000000   )
 (  0.016150   0.000000     0.226889   0.000000     0.183445   0.000000   )
 ( -0.000000   0.000000     0.198919   0.000000    -0.366893   0.000000   )
 (  0.016150   0.000000     0.226889   0.000000     0.183445   0.000000   )
 ( -0.016150   0.000000     0.226889   0.000000     0.183445   0.000000   )
     freq (   14) =       7.971056 [THz] =     265.885807 [cm-1]
 ( -0.000000   0.000000     0.000001   0.000000     0.316204   0.000000   )
 (  0.000000   0.000000     0.000001   0.000000     0.316204   0.000000   )
 ( -0.000000   0.000000    -0.000001   0.000000    -0.236920   0.000000   )
 (  0.000000   0.000000    -0.000001   0.000000    -0.236920   0.000000   )
 ( -0.233412   0.000000    -0.134761   0.000000    -0.204906   0.000000   )
 ( -0.000000   0.000000     0.269521   0.000000    -0.204905   0.000000   )
 (  0.233412   0.000000    -0.134761   0.000000    -0.204906   0.000000   )
 (  0.000000   0.000000     0.269521   0.000000    -0.204905   0.000000   )
 (  0.233412   0.000000    -0.134761   0.000000    -0.204906   0.000000   )
 ( -0.233412   0.000000    -0.134761   0.000000    -0.204906   0.000000   )
     freq (   15) =       8.033461 [THz] =     267.967414 [cm-1]
 (  0.000000   0.000000     0.000000   0.000000     0.000000   0.000000   )
 (  0.000000   0.000000     0.000000   0.000000     0.000000   0.000000   )
 (  0.000000   0.000000    -0.113368   0.000000    -0.000000   0.000000   )
 ( -0.000000   0.000000     0.113368   0.000000     0.000000   0.000000   )
 (  0.012775   0.000000    -0.112318   0.000000    -0.274911   0.000000   )
 (  0.000000   0.000000    -0.090190   0.000000     0.549822   0.000000   )
 ( -0.012775   0.000000    -0.112318   0.000000    -0.274911   0.000000   )
 ( -0.000000   0.000000     0.090190   0.000000    -0.549822   0.000000   )
 (  0.012775   0.000000     0.112318   0.000000     0.274911   0.000000   )
 ( -0.012775   0.000000     0.112318   0.000000     0.274911   0.000000   )
     freq (   16) =       8.033461 [THz] =     267.967424 [cm-1]
 ( -0.000000   0.000000    -0.000000   0.000000    -0.000000   0.000000   )
 ( -0.000000   0.000000    -0.000000   0.000000    -0.000000   0.000000   )
 ( -0.113368   0.000000    -0.000000   0.000000     0.000000   0.000000   )
 (  0.113368   0.000000     0.000000   0.000000     0.000000   0.000000   )
 ( -0.097566   0.000000     0.012775   0.000000    -0.476160   0.000000   )
 ( -0.119694   0.000000    -0.000000   0.000000     0.000000   0.000000   )
 ( -0.097566   0.000000    -0.012775   0.000000     0.476160   0.000000   )
 (  0.119694   0.000000     0.000000   0.000000    -0.000000   0.000000   )
 (  0.097566   0.000000     0.012775   0.000000    -0.476160   0.000000   )
 (  0.097566   0.000000    -0.012775   0.000000     0.476160   0.000000   )
     freq (   17) =       8.846225 [THz] =     295.078317 [cm-1]
 ( -0.000000   0.000000     0.000000   0.000000     0.000000   0.000000   )
 (  0.000000   0.000000    -0.000000   0.000000     0.000000   0.000000   )
 ( -0.000000   0.000000     0.000000   0.000000     0.323877   0.000000   )
 ( -0.000000   0.000000    -0.000000   0.000000    -0.323877   0.000000   )
 (  0.201743   0.000000     0.116476   0.000000     0.278271   0.000000   )
 ( -0.000000   0.000000    -0.232952   0.000000     0.278271   0.000000   )
 ( -0.201743   0.000000     0.116476   0.000000     0.278271   0.000000   )
 (  0.000000   0.000000     0.232952   0.000000    -0.278271   0.000000   )
 (  0.201743   0.000000    -0.116476   0.000000    -0.278271   0.000000   )
 ( -0.201743   0.000000    -0.116476   0.000000    -0.278271   0.000000   )
     freq (   18) =      10.896015 [THz] =     363.451951 [cm-1]
 ( -0.395295   0.000000     0.029896   0.000000     0.000000   0.000000   )
 ( -0.395295   0.000000    -0.029896   0.000000    -0.000000   0.000000   )
 (  0.315317   0.000000    -0.000000   0.000000    -0.000000   0.000000   )
 (  0.315317   0.000000    -0.000000   0.000000     0.000000   0.000000   )
 (  0.248672   0.000000    -0.004590   0.000000     0.164091   0.000000   )
 (  0.256622   0.000000    -0.000000   0.000000    -0.000000   0.000000   )
 (  0.248672   0.000000     0.004590   0.000000    -0.164091   0.000000   )
 (  0.256622   0.000000     0.000000   0.000000    -0.000000   0.000000   )
 (  0.248672   0.000000     0.004590   0.000000    -0.164091   0.000000   )
 (  0.248672   0.000000    -0.004590   0.000000     0.164091   0.000000   )
     freq (   19) =      20.420061 [THz] =     681.139918 [cm-1]
 ( -0.000000   0.000000     0.000000   0.000000     0.000000   0.000000   )
 (  0.000000   0.000000    -0.000000   0.000000     0.000000   0.000000   )
 (  0.222917   0.000000     0.000000   0.000000     0.000000   0.000000   )
 ( -0.222917   0.000000    -0.000000   0.000000     0.000000   0.000000   )
 ( -0.243812   0.000000    -0.332167   0.000000    -0.020544   0.000000   )
 (  0.331519   0.000000    -0.000000   0.000000     0.000000   0.000000   )
 ( -0.243812   0.000000     0.332167   0.000000     0.020544   0.000000   )
 ( -0.331519   0.000000     0.000000   0.000000    -0.000000   0.000000   )
 (  0.243812   0.000000    -0.332167   0.000000    -0.020544   0.000000   )
 (  0.243812   0.000000     0.332167   0.000000     0.020544   0.000000   )
     freq (   20) =      20.420061 [THz] =     681.139921 [cm-1]
 (  0.000000   0.000000     0.000000   0.000000     0.000000   0.000000   )
 ( -0.000000   0.000000     0.000000   0.000000     0.000000   0.000000   )
 ( -0.000000   0.000000     0.222917   0.000000    -0.000000   0.000000   )
 (  0.000000   0.000000    -0.222917   0.000000     0.000000   0.000000   )
 ( -0.332167   0.000000     0.139742   0.000000    -0.011861   0.000000   )
 ( -0.000000   0.000000    -0.435589   0.000000     0.023722   0.000000   )
 (  0.332167   0.000000     0.139742   0.000000    -0.011861   0.000000   )
 (  0.000000   0.000000     0.435589   0.000000    -0.023722   0.000000   )
 ( -0.332167   0.000000    -0.139742   0.000000     0.011861   0.000000   )
 (  0.332167   0.000000    -0.139742   0.000000     0.011861   0.000000   )
     freq (   21) =      20.431243 [THz] =     681.512912 [cm-1]
 ( -0.017652   0.000000    -0.006807   0.000000     0.000000   0.000000   )
 (  0.017652   0.000000    -0.006807   0.000000     0.000000   0.000000   )
 ( -0.000000   0.000000     0.228981   0.000000    -0.000000   0.000000   )
 (  0.000000   0.000000     0.228981   0.000000    -0.000000   0.000000   )
 ( -0.330247   0.000000     0.138981   0.000000    -0.022142   0.000000   )
 ( -0.000000   0.000000    -0.433025   0.000000     0.044285   0.000000   )
 (  0.330247   0.000000     0.138981   0.000000    -0.022142   0.000000   )
 (  0.000000   0.000000    -0.433025   0.000000     0.044285   0.000000   )
 (  0.330247   0.000000     0.138981   0.000000    -0.022142   0.000000   )
 ( -0.330247   0.000000     0.138981   0.000000    -0.022142   0.000000   )
     freq (   22) =      20.464960 [THz] =     682.637589 [cm-1]
 ( -0.002604   0.000000    -0.016325   0.000000    -0.000000   0.000000   )
 ( -0.002604   0.000000     0.016325   0.000000     0.000000   0.000000   )
 ( -0.211994   0.000000     0.000000   0.000000    -0.000000   0.000000   )
 ( -0.211994   0.000000     0.000000   0.000000     0.000000   0.000000   )
 (  0.247296   0.000000     0.332550   0.000000     0.040340   0.000000   )
 ( -0.328697   0.000000    -0.000000   0.000000     0.000000   0.000000   )
 (  0.247296   0.000000    -0.332550   0.000000    -0.040340   0.000000   )
 ( -0.328697   0.000000    -0.000000   0.000000     0.000000   0.000000   )
 (  0.247296   0.000000    -0.332550   0.000000    -0.040340   0.000000   )
 (  0.247296   0.000000     0.332550   0.000000     0.040340   0.000000   )
     freq (   23) =      24.828948 [THz] =     828.204544 [cm-1]
 (  0.000000   0.000000    -0.000000   0.000000    -0.002320   0.000000   )
 ( -0.000000   0.000000    -0.000000   0.000000    -0.002320   0.000000   )
 (  0.000000   0.000000    -0.000000   0.000000    -0.647084   0.000000   )
 ( -0.000000   0.000000    -0.000000   0.000000    -0.647084   0.000000   )
 (  0.013410   0.000000     0.007742   0.000000     0.163867   0.000000   )
 (  0.000000   0.000000    -0.015485   0.000000     0.163867   0.000000   )
 ( -0.013410   0.000000     0.007742   0.000000     0.163867   0.000000   )
 ( -0.000000   0.000000    -0.015485   0.000000     0.163867   0.000000   )
 ( -0.013410   0.000000     0.007742   0.000000     0.163867   0.000000   )
 (  0.013410   0.000000     0.007742   0.000000     0.163867   0.000000   )
     freq (   24) =      24.939253 [THz] =     831.883927 [cm-1]
 (  0.000000   0.000000     0.000000   0.000000     0.000000   0.000000   )
 (  0.000000   0.000000     0.000000   0.000000     0.000000   0.000000   )
 ( -0.000000   0.000000    -0.000000   0.000000    -0.638623   0.000000   )
 (  0.000000   0.000000     0.000000   0.000000     0.638623   0.000000   )
 (  0.011630   0.000000     0.006715   0.000000     0.174757   0.000000   )
 (  0.000000   0.000000    -0.013430   0.000000     0.174757   0.000000   )
 ( -0.011630   0.000000     0.006715   0.000000     0.174757   0.000000   )
 ( -0.000000   0.000000     0.013430   0.000000    -0.174757   0.000000   )
 (  0.011630   0.000000    -0.006715   0.000000    -0.174757   0.000000   )
 ( -0.011630   0.000000    -0.006715   0.000000    -0.174757   0.000000   )
     freq (   25) =      31.697167 [THz] =    1057.303696 [cm-1]
 ( -0.000000   0.000000    -0.000000   0.000000    -0.018479   0.000000   )
 ( -0.000000   0.000000     0.000000   0.000000     0.018479   0.000000   )
 (  0.000000   0.000000     0.000000   0.000000    -0.000000   0.000000   )
 (  0.000000   0.000000     0.000000   0.000000    -0.000000   0.000000   )
 ( -0.204054   0.000000     0.353433   0.000000     0.000000   0.000000   )
 (  0.408109   0.000000    -0.000000   0.000000     0.000000   0.000000   )
 ( -0.204054   0.000000    -0.353433   0.000000    -0.000000   0.000000   )
 (  0.408109   0.000000    -0.000000   0.000000     0.000000   0.000000   )
 ( -0.204054   0.000000    -0.353433   0.000000    -0.000000   0.000000   )
 ( -0.204054   0.000000     0.353433   0.000000     0.000000   0.000000   )
     freq (   26) =      31.720309 [THz] =    1058.075634 [cm-1]
 ( -0.000000   0.000000     0.000000   0.000000    -0.000000   0.000000   )
 ( -0.000000   0.000000     0.000000   0.000000    -0.000000   0.000000   )
 ( -0.000000   0.000000    -0.000000   0.000000     0.000000   0.000000   )
 (  0.000000   0.000000    -0.000000   0.000000     0.000000   0.000000   )
 ( -0.204124   0.000000     0.353553   0.000000    -0.000000   0.000000   )
 (  0.408248   0.000000     0.000000   0.000000     0.000000   0.000000   )
 ( -0.204124   0.000000    -0.353553   0.000000     0.000000   0.000000   )
 ( -0.408248   0.000000     0.000000   0.000000    -0.000000   0.000000   )
 (  0.204124   0.000000     0.353553   0.000000    -0.000000   0.000000   )
 (  0.204124   0.000000    -0.353553   0.000000     0.000000   0.000000   )
     freq (   27) =      40.931896 [THz] =    1365.341069 [cm-1]
 ( -0.007621   0.000000    -0.010422   0.000000    -0.000000   0.000000   )
 (  0.007621   0.000000    -0.010422   0.000000    -0.000000   0.000000   )
 (  0.000000   0.000000     0.627806   0.000000    -0.000000   0.000000   )
 ( -0.000000   0.000000     0.627806   0.000000    -0.000000   0.000000   )
 (  0.099544   0.000000    -0.205859   0.000000    -0.000395   0.000000   )
 ( -0.000000   0.000000    -0.033445   0.000000     0.000789   0.000000   )
 ( -0.099544   0.000000    -0.205859   0.000000    -0.000395   0.000000   )
 (  0.000000   0.000000    -0.033445   0.000000     0.000789   0.000000   )
 ( -0.099544   0.000000    -0.205859   0.000000    -0.000395   0.000000   )
 (  0.099544   0.000000    -0.205859   0.000000    -0.000395   0.000000   )
     freq (   28) =      41.930765 [THz] =    1398.659774 [cm-1]
 (  0.000000   0.000000     0.000000   0.000000    -0.000000   0.000000   )
 ( -0.000000   0.000000     0.000000   0.000000    -0.000000   0.000000   )
 (  0.628533   0.000000     0.000000   0.000000    -0.000000   0.000000   )
 ( -0.628533   0.000000    -0.000000   0.000000    -0.000000   0.000000   )
 ( -0.094035   0.000000     0.096824   0.000000    -0.001408   0.000000   )
 ( -0.261740   0.000000    -0.000000   0.000000     0.000000   0.000000   )
 ( -0.094035   0.000000    -0.096824   0.000000     0.001408   0.000000   )
 (  0.261740   0.000000     0.000000   0.000000    -0.000000   0.000000   )
 (  0.094035   0.000000     0.096824   0.000000    -0.001408   0.000000   )
 (  0.094035   0.000000    -0.096824   0.000000     0.001408   0.000000   )
     freq (   29) =      41.930765 [THz] =    1398.659775 [cm-1]
 (  0.000000   0.000000    -0.000000   0.000000     0.000000   0.000000   )
 (  0.000000   0.000000     0.000000   0.000000     0.000000   0.000000   )
 (  0.000000   0.000000    -0.628533   0.000000     0.000000   0.000000   )
 ( -0.000000   0.000000     0.628533   0.000000    -0.000000   0.000000   )
 ( -0.096824   0.000000     0.205838   0.000000     0.000813   0.000000   )
 ( -0.000000   0.000000     0.038134   0.000000    -0.001626   0.000000   )
 (  0.096824   0.000000     0.205838   0.000000     0.000813   0.000000   )
 (  0.000000   0.000000    -0.038134   0.000000     0.001626   0.000000   )
 ( -0.096824   0.000000    -0.205838   0.000000    -0.000813   0.000000   )
 (  0.096824   0.000000    -0.205838   0.000000    -0.000813   0.000000   )
     freq (   30) =      45.277120 [THz] =    1510.282169 [cm-1]
 ( -0.016254   0.000000    -0.004161   0.000000     0.000000   0.000000   )
 ( -0.016254   0.000000     0.004161   0.000000    -0.000000   0.000000   )
 ( -0.615748   0.000000    -0.000000   0.000000     0.000000   0.000000   )
 ( -0.615748   0.000000     0.000000   0.000000    -0.000000   0.000000   )
 (  0.112730   0.000000    -0.095122   0.000000     0.005558   0.000000   )
 (  0.277487   0.000000     0.000000   0.000000    -0.000000   0.000000   )
 (  0.112730   0.000000     0.095122   0.000000    -0.005558   0.000000   )
 (  0.277487   0.000000    -0.000000   0.000000    -0.000000   0.000000   )
 (  0.112730   0.000000     0.095122   0.000000    -0.005558   0.000000   )
 (  0.112730   0.000000    -0.095122   0.000000     0.005558   0.000000   )
 **************************************************************************
